[ 2016-04-12T09:32:06+08:00 ] ::1 /task_system/index.php/Home/Index/user.html
INFO: [ app_begin ] --START--
INFO: Run Behavior\ReadHtmlCacheBehavior [ RunTime:0.001018s ]
INFO: [ app_begin ] --END-- [ RunTime:0.001754s ]
NOTIC: [8] Undefined index: register F:\wamp\www\task_system\Application\Home\Controller\IndexController.class.php 第 35 行.
SQL: SELECT `id`,`user_name`,`user_password` FROM `think_user` WHERE ( user_name = 'admin' ) LIMIT 1   [ RunTime:0.0216s ]

[ 2016-04-12T09:39:59+08:00 ] ::1 /task_system/index.php/Home/Task/finish_task.html
INFO: [ app_begin ] --START--
INFO: Run Behavior\ReadHtmlCacheBehavior [ RunTime:0.001028s ]
INFO: [ app_begin ] --END-- [ RunTime:0.001738s ]
SQL: SHOW COLUMNS FROM `think_task` [ RunTime:0.0156s ]
SQL: UPDATE `think_task` SET `status`='2' WHERE ( id = 20 ) [ RunTime:0.0020s ]

[ 2016-04-12T09:40:03+08:00 ] ::1 /task_system/index.php/Home/Task/unfinish_task.html
INFO: [ app_begin ] --START--
INFO: Run Behavior\ReadHtmlCacheBehavior [ RunTime:0.000590s ]
INFO: [ app_begin ] --END-- [ RunTime:0.001110s ]
SQL: SHOW COLUMNS FROM `think_task` [ RunTime:0.0143s ]
SQL: UPDATE `think_task` SET `status`='1' WHERE ( id = 20 ) [ RunTime:0.0004s ]

[ 2016-04-12T09:40:40+08:00 ] ::1 /task_system/index.php/Home/Task/create_task.html
INFO: [ app_begin ] --START--
INFO: Run Behavior\ReadHtmlCacheBehavior [ RunTime:0.000630s ]
INFO: [ app_begin ] --END-- [ RunTime:0.001440s ]
SQL: SHOW COLUMNS FROM `think_task` [ RunTime:0.0143s ]
NOTIC: [8] Undefined index: validate F:\wamp\www\task_system\ThinkPHP\Library\Think\Model.class.php 第 1185 行.
NOTIC: [8] Undefined index: auto F:\wamp\www\task_system\ThinkPHP\Library\Think\Model.class.php 第 1128 行.
SQL: INSERT INTO `think_task` (`project_id`,`grade`,`task_content`,`do_user`,`deadline`,`give_user`,`status`) VALUES ('6','紧急','给You_goods的任务','You_goods','2016-04-28','admin','1') [ RunTime:0.0016s ]

[ 2016-04-12T09:42:24+08:00 ] ::1 /task_system/index.php/Home/Task/finish_task.html
INFO: [ app_begin ] --START--
INFO: Run Behavior\ReadHtmlCacheBehavior [ RunTime:0.001480s ]
INFO: [ app_begin ] --END-- [ RunTime:0.002029s ]
SQL: SHOW COLUMNS FROM `think_task` [ RunTime:0.0133s ]
SQL: UPDATE `think_task` SET `status`='2' WHERE ( id = 22 ) [ RunTime:0.0005s ]

[ 2016-04-12T09:42:27+08:00 ] ::1 /task_system/index.php/Home/Task/unfinish_task.html
INFO: [ app_begin ] --START--
INFO: Run Behavior\ReadHtmlCacheBehavior [ RunTime:0.003425s ]
INFO: [ app_begin ] --END-- [ RunTime:0.004671s ]
SQL: SHOW COLUMNS FROM `think_task` [ RunTime:0.0137s ]
SQL: UPDATE `think_task` SET `status`='1' WHERE ( id = 21 ) [ RunTime:0.0004s ]

[ 2016-04-12T09:42:42+08:00 ] ::1 /task_system/index.php/Home/Task/create_task.html
INFO: [ app_begin ] --START--
INFO: Run Behavior\ReadHtmlCacheBehavior [ RunTime:0.003888s ]
INFO: [ app_begin ] --END-- [ RunTime:0.005577s ]
SQL: SHOW COLUMNS FROM `think_task` [ RunTime:0.0135s ]
NOTIC: [8] Undefined index: validate F:\wamp\www\task_system\ThinkPHP\Library\Think\Model.class.php 第 1185 行.
NOTIC: [8] Undefined index: auto F:\wamp\www\task_system\ThinkPHP\Library\Think\Model.class.php 第 1128 行.
SQL: INSERT INTO `think_task` (`project_id`,`grade`,`task_content`,`do_user`,`deadline`,`give_user`,`status`) VALUES ('6','一般','测试吧','You_goods','2016-04-13','admin','1') [ RunTime:0.0007s ]

[ 2016-04-12T10:04:34+08:00 ] ::1 /task_system/index.php/Home/Task/finish_task.html
INFO: [ app_begin ] --START--
INFO: Run Behavior\ReadHtmlCacheBehavior [ RunTime:0.001451s ]
INFO: [ app_begin ] --END-- [ RunTime:0.001998s ]
SQL: SHOW COLUMNS FROM `think_task` [ RunTime:0.0143s ]
SQL: UPDATE `think_task` SET `status`='2' WHERE ( id = 22 ) [ RunTime:0.0006s ]

[ 2016-04-12T10:05:14+08:00 ] ::1 /task_system/index.php/Home/Task/finish_task.html
INFO: [ app_begin ] --START--
INFO: Run Behavior\ReadHtmlCacheBehavior [ RunTime:0.000993s ]
INFO: [ app_begin ] --END-- [ RunTime:0.001701s ]
SQL: SHOW COLUMNS FROM `think_task` [ RunTime:0.0131s ]
SQL: UPDATE `think_task` SET `status`='2' WHERE ( id = 22 ) [ RunTime:0.0003s ]

[ 2016-04-12T10:05:25+08:00 ] ::1 /task_system/index.php/Home/Task/finish_task.html
INFO: [ app_begin ] --START--
INFO: Run Behavior\ReadHtmlCacheBehavior [ RunTime:0.000681s ]
INFO: [ app_begin ] --END-- [ RunTime:0.001349s ]
SQL: SHOW COLUMNS FROM `think_task` [ RunTime:0.0144s ]
SQL: UPDATE `think_task` SET `status`='2' WHERE ( id = 22 ) [ RunTime:0.0004s ]

[ 2016-04-12T10:05:51+08:00 ] ::1 /task_system/index.php/Home/Task/finish_task.html
INFO: [ app_begin ] --START--
INFO: Run Behavior\ReadHtmlCacheBehavior [ RunTime:0.000906s ]
INFO: [ app_begin ] --END-- [ RunTime:0.001760s ]
SQL: SHOW COLUMNS FROM `think_task` [ RunTime:0.0134s ]
SQL: UPDATE `think_task` SET `status`='2' WHERE ( id = 22 ) [ RunTime:0.0004s ]

[ 2016-04-12T10:06:31+08:00 ] ::1 /task_system/index.php/Home/Task/finish_task.html
INFO: [ app_begin ] --START--
INFO: Run Behavior\ReadHtmlCacheBehavior [ RunTime:0.001485s ]
INFO: [ app_begin ] --END-- [ RunTime:0.002012s ]
SQL: SHOW COLUMNS FROM `think_task` [ RunTime:0.0154s ]
SQL: UPDATE `think_task` SET `status`='2' WHERE ( id = 22 ) [ RunTime:0.0004s ]

[ 2016-04-12T10:06:34+08:00 ] ::1 /task_system/index.php/Home/Task/finish_task.html
INFO: [ app_begin ] --START--
INFO: Run Behavior\ReadHtmlCacheBehavior [ RunTime:0.001565s ]
INFO: [ app_begin ] --END-- [ RunTime:0.002240s ]
SQL: SHOW COLUMNS FROM `think_task` [ RunTime:0.0150s ]
SQL: UPDATE `think_task` SET `status`='2' WHERE ( id = 21 ) [ RunTime:0.0005s ]

[ 2016-04-12T10:07:28+08:00 ] ::1 /task_system/index.php/Home/Task/finish_task.html
INFO: [ app_begin ] --START--
INFO: Run Behavior\ReadHtmlCacheBehavior [ RunTime:0.001577s ]
INFO: [ app_begin ] --END-- [ RunTime:0.002296s ]
SQL: SHOW COLUMNS FROM `think_task` [ RunTime:0.0138s ]
SQL: UPDATE `think_task` SET `status`='2' WHERE ( id = 22 ) [ RunTime:0.0004s ]

[ 2016-04-12T10:09:28+08:00 ] ::1 /task_system/index.php/Home/Task/finish_task.html
INFO: [ app_begin ] --START--
INFO: Run Behavior\ReadHtmlCacheBehavior [ RunTime:0.001480s ]
INFO: [ app_begin ] --END-- [ RunTime:0.002180s ]
SQL: SHOW COLUMNS FROM `think_task` [ RunTime:0.0133s ]
SQL: UPDATE `think_task` SET `status`='2' WHERE ( id = 22 ) [ RunTime:0.0004s ]

[ 2016-04-12T10:09:50+08:00 ] ::1 /task_system/index.php/Home/Task/finish_task.html
INFO: [ app_begin ] --START--
INFO: Run Behavior\ReadHtmlCacheBehavior [ RunTime:0.001581s ]
INFO: [ app_begin ] --END-- [ RunTime:0.002269s ]
SQL: SHOW COLUMNS FROM `think_task` [ RunTime:0.0137s ]
SQL: UPDATE `think_task` SET `status`='2' WHERE ( id = 19 ) [ RunTime:0.0004s ]

[ 2016-04-12T10:15:13+08:00 ] ::1 /task_system/index.php/Home/Pal/search.html
INFO: [ app_begin ] --START--
INFO: Run Behavior\ReadHtmlCacheBehavior [ RunTime:0.001103s ]
INFO: [ app_begin ] --END-- [ RunTime:0.002473s ]
SQL: SHOW COLUMNS FROM `think_pal` [ RunTime:0.0210s ]
SQL: SELECT `attention_user` FROM `think_pal` WHERE ( login_user = '1' )  [ RunTime:0.0004s ]
SQL: SHOW COLUMNS FROM `think_user` [ RunTime:0.0115s ]
SQL: SELECT `user_name` FROM `think_user` WHERE ( id in (2,3,4) )  [ RunTime:0.0004s ]
SQL: SHOW COLUMNS FROM `think_user_center` [ RunTime:0.0103s ]
SQL: SELECT `user_name`,`sex`,`email`,`qq`,`motto`,`user_tag`,`user_img` FROM `think_user_center` WHERE ( user_name = 'admin' ) LIMIT 1   [ RunTime:0.0004s ]
SQL: SHOW COLUMNS FROM `think_user` [ RunTime:0.0084s ]
SQL: SELECT `id` FROM `think_user` WHERE ( user_name = 'admin' ) LIMIT 1   [ RunTime:0.0004s ]
NOTIC: [8] Use of undefined constant json - assumed 'json' F:\wamp\www\task_system\Application\Home\Controller\PalController.class.php 第 62 行.

[ 2016-04-12T10:15:15+08:00 ] ::1 /task_system/index.php/Home/Pal/attention.html
INFO: [ app_begin ] --START--
INFO: Run Behavior\ReadHtmlCacheBehavior [ RunTime:0.000964s ]
INFO: [ app_begin ] --END-- [ RunTime:0.002074s ]
SQL: SHOW COLUMNS FROM `think_pal` [ RunTime:0.0172s ]
SQL: SELECT `user_name`,`id` FROM `think_user` WHERE `id` = '1' LIMIT 1   [ RunTime:0.0005s ]

[ 2016-04-12T10:15:59+08:00 ] ::1 /task_system/index.php/Home/Index/user.html
INFO: [ app_begin ] --START--
INFO: Run Behavior\ReadHtmlCacheBehavior [ RunTime:0.001497s ]
INFO: [ app_begin ] --END-- [ RunTime:0.002383s ]
NOTIC: [8] Undefined index: register F:\wamp\www\task_system\Application\Home\Controller\IndexController.class.php 第 39 行.

[ 2016-04-12T10:16:08+08:00 ] ::1 /task_system/index.php/Home/Index/user.html
INFO: [ app_begin ] --START--
INFO: Run Behavior\ReadHtmlCacheBehavior [ RunTime:0.001670s ]
INFO: [ app_begin ] --END-- [ RunTime:0.002464s ]
NOTIC: [8] Undefined index: register F:\wamp\www\task_system\Application\Home\Controller\IndexController.class.php 第 39 行.
SQL: SELECT `id`,`user_name`,`user_password` FROM `think_user` WHERE ( user_name = 'admin' ) LIMIT 1   [ RunTime:0.0004s ]

[ 2016-04-12T10:38:01+08:00 ] ::1 /task_system/index.php/Home/Index/logout.html
INFO: [ app_begin ] --START--
INFO: Run Behavior\ReadHtmlCacheBehavior [ RunTime:0.001725s ]
INFO: [ app_begin ] --END-- [ RunTime:0.002528s ]

[ 2016-04-12T10:38:23+08:00 ] ::1 /task_system/index.php/Home/Index/user.html
INFO: [ app_begin ] --START--
INFO: Run Behavior\ReadHtmlCacheBehavior [ RunTime:0.001559s ]
INFO: [ app_begin ] --END-- [ RunTime:0.002446s ]
NOTIC: [8] Undefined index: register F:\wamp\www\task_system\Application\Home\Controller\IndexController.class.php 第 45 行.
SQL: SELECT `id`,`user_name`,`user_password` FROM `think_user` WHERE ( user_name = 'admin' ) LIMIT 1   [ RunTime:0.0006s ]

[ 2016-04-12T10:38:30+08:00 ] ::1 /task_system/index.php/Home/Index/logout.html
INFO: [ app_begin ] --START--
INFO: Run Behavior\ReadHtmlCacheBehavior [ RunTime:0.001802s ]
INFO: [ app_begin ] --END-- [ RunTime:0.002463s ]

[ 2016-04-12T10:38:39+08:00 ] ::1 /task_system/index.php/Home/Index/user.html
INFO: [ app_begin ] --START--
INFO: Run Behavior\ReadHtmlCacheBehavior [ RunTime:0.001764s ]
INFO: [ app_begin ] --END-- [ RunTime:0.002344s ]
NOTIC: [8] Undefined index: register F:\wamp\www\task_system\Application\Home\Controller\IndexController.class.php 第 45 行.
SQL: SELECT `id`,`user_name`,`user_password` FROM `think_user` WHERE ( user_name = 'admin' ) LIMIT 1   [ RunTime:0.0005s ]

