[ 2016-04-08T09:25:43+08:00 ] ::1 /task_system/index.php/Home/Index/user.html
INFO: [ app_begin ] --START--
INFO: Run Behavior\ReadHtmlCacheBehavior [ RunTime:0.001078s ]
INFO: [ app_begin ] --END-- [ RunTime:0.001799s ]
NOTIC: [8] Undefined index: register F:\wamp\www\task_system\Application\Home\Controller\IndexController.class.php 第 35 行.
SQL: SELECT `id`,`user_name`,`user_password` FROM `think_user` WHERE ( user_name = 'admin' ) LIMIT 1   [ RunTime:0.0189s ]

[ 2016-04-08T10:07:11+08:00 ] ::1 /task_system/index.php/Home/Task/create_task.html
INFO: [ app_begin ] --START--
INFO: Run Behavior\ReadHtmlCacheBehavior [ RunTime:0.000961s ]
INFO: [ app_begin ] --END-- [ RunTime:0.001685s ]
SQL: SHOW COLUMNS FROM `think_task` [ RunTime:0.0156s ]
INFO: [ app_end ] --START--
INFO: Run Behavior\ShowPageTraceBehavior [ RunTime:0.001332s ]
INFO: [ app_end ] --END-- [ RunTime:0.001510s ]

[ 2016-04-08T10:38:39+08:00 ] ::1 /task_system/index.php/Home/Task/create_task.html
INFO: [ app_begin ] --START--
INFO: Run Behavior\ReadHtmlCacheBehavior [ RunTime:0.000945s ]
INFO: [ app_begin ] --END-- [ RunTime:0.001606s ]

[ 2016-04-08T10:39:09+08:00 ] ::1 /task_system/index.php/Home/Task/create_task.html
INFO: [ app_begin ] --START--
INFO: Run Behavior\ReadHtmlCacheBehavior [ RunTime:0.000578s ]
INFO: [ app_begin ] --END-- [ RunTime:0.001101s ]
SQL: SHOW COLUMNS FROM `think_task` [ RunTime:0.0146s ]
NOTIC: [8] Undefined index: validate F:\wamp\www\task_system\ThinkPHP\Library\Think\Model.class.php 第 1185 行.
NOTIC: [8] Undefined index: auto F:\wamp\www\task_system\ThinkPHP\Library\Think\Model.class.php 第 1128 行.

[ 2016-04-08T10:39:26+08:00 ] ::1 /task_system/index.php/Home/Task/create_task.html
INFO: [ app_begin ] --START--
INFO: Run Behavior\ReadHtmlCacheBehavior [ RunTime:0.000628s ]
INFO: [ app_begin ] --END-- [ RunTime:0.001373s ]
SQL: SHOW COLUMNS FROM `think_task` [ RunTime:0.0147s ]
NOTIC: [8] Undefined index: validate F:\wamp\www\task_system\ThinkPHP\Library\Think\Model.class.php 第 1185 行.
NOTIC: [8] Undefined index: auto F:\wamp\www\task_system\ThinkPHP\Library\Think\Model.class.php 第 1128 行.
INFO: [ app_end ] --START--
INFO: Run Behavior\ShowPageTraceBehavior [ RunTime:0.001937s ]
INFO: [ app_end ] --END-- [ RunTime:0.002153s ]

[ 2016-04-08T10:40:04+08:00 ] ::1 /task_system/index.php/Home/Task/create_task.html
INFO: [ app_begin ] --START--
INFO: Run Behavior\ReadHtmlCacheBehavior [ RunTime:0.000974s ]
INFO: [ app_begin ] --END-- [ RunTime:0.001627s ]
SQL: SHOW COLUMNS FROM `think_task` [ RunTime:0.0141s ]
NOTIC: [8] Undefined index: validate F:\wamp\www\task_system\ThinkPHP\Library\Think\Model.class.php 第 1185 行.
NOTIC: [8] Undefined index: auto F:\wamp\www\task_system\ThinkPHP\Library\Think\Model.class.php 第 1128 行.
INFO: [ app_end ] --START--
INFO: Run Behavior\ShowPageTraceBehavior [ RunTime:0.001197s ]
INFO: [ app_end ] --END-- [ RunTime:0.001341s ]

[ 2016-04-08T10:40:05+08:00 ] ::1 /task_system/index.php/Home/Task/create_task.html
INFO: [ app_begin ] --START--
INFO: Run Behavior\ReadHtmlCacheBehavior [ RunTime:0.000697s ]
INFO: [ app_begin ] --END-- [ RunTime:0.001356s ]
SQL: SHOW COLUMNS FROM `think_task` [ RunTime:0.0155s ]
NOTIC: [8] Undefined index: validate F:\wamp\www\task_system\ThinkPHP\Library\Think\Model.class.php 第 1185 行.
NOTIC: [8] Undefined index: auto F:\wamp\www\task_system\ThinkPHP\Library\Think\Model.class.php 第 1128 行.
INFO: [ app_end ] --START--
INFO: Run Behavior\ShowPageTraceBehavior [ RunTime:0.001229s ]
INFO: [ app_end ] --END-- [ RunTime:0.001373s ]

[ 2016-04-08T10:41:18+08:00 ] ::1 /task_system/index.php/Home/Task/create_task.html
INFO: [ app_begin ] --START--
INFO: Run Behavior\ReadHtmlCacheBehavior [ RunTime:0.001471s ]
INFO: [ app_begin ] --END-- [ RunTime:0.002364s ]
SQL: SHOW COLUMNS FROM `think_task` [ RunTime:0.0130s ]
NOTIC: [8] Undefined index: validate F:\wamp\www\task_system\ThinkPHP\Library\Think\Model.class.php 第 1185 行.
NOTIC: [8] Undefined index: auto F:\wamp\www\task_system\ThinkPHP\Library\Think\Model.class.php 第 1128 行.
INFO: [ app_end ] --START--
INFO: Run Behavior\ShowPageTraceBehavior [ RunTime:0.001653s ]
INFO: [ app_end ] --END-- [ RunTime:0.001797s ]

[ 2016-04-08T10:42:30+08:00 ] ::1 /task_system/index.php/Home/Task/create_task.html
INFO: [ app_begin ] --START--
INFO: Run Behavior\ReadHtmlCacheBehavior [ RunTime:0.000610s ]
INFO: [ app_begin ] --END-- [ RunTime:0.001299s ]
SQL: SHOW COLUMNS FROM `think_task` [ RunTime:0.0150s ]
NOTIC: [8] Undefined index: validate F:\wamp\www\task_system\ThinkPHP\Library\Think\Model.class.php 第 1185 行.
NOTIC: [8] Undefined index: auto F:\wamp\www\task_system\ThinkPHP\Library\Think\Model.class.php 第 1128 行.
INFO: [ app_end ] --START--
INFO: Run Behavior\ShowPageTraceBehavior [ RunTime:0.001187s ]
INFO: [ app_end ] --END-- [ RunTime:0.001333s ]

[ 2016-04-08T11:01:40+08:00 ] ::1 /task_system/index.php/Home/Task/create_task.html
INFO: [ app_begin ] --START--
INFO: Run Behavior\ReadHtmlCacheBehavior [ RunTime:0.000935s ]
INFO: [ app_begin ] --END-- [ RunTime:0.001614s ]
SQL: SHOW COLUMNS FROM `think_task` [ RunTime:0.0193s ]
NOTIC: [8] Undefined index: validate F:\wamp\www\task_system\ThinkPHP\Library\Think\Model.class.php 第 1185 行.
NOTIC: [8] Undefined index: auto F:\wamp\www\task_system\ThinkPHP\Library\Think\Model.class.php 第 1128 行.
INFO: [ app_end ] --START--
INFO: Run Behavior\ShowPageTraceBehavior [ RunTime:0.001186s ]
INFO: [ app_end ] --END-- [ RunTime:0.001330s ]

[ 2016-04-08T11:01:43+08:00 ] ::1 /task_system/index.php/Home/Task/create_task.html
INFO: [ app_begin ] --START--
INFO: Run Behavior\ReadHtmlCacheBehavior [ RunTime:0.000622s ]
INFO: [ app_begin ] --END-- [ RunTime:0.001141s ]
SQL: SHOW COLUMNS FROM `think_task` [ RunTime:0.0155s ]
NOTIC: [8] Undefined index: validate F:\wamp\www\task_system\ThinkPHP\Library\Think\Model.class.php 第 1185 行.
NOTIC: [8] Undefined index: auto F:\wamp\www\task_system\ThinkPHP\Library\Think\Model.class.php 第 1128 行.
INFO: [ app_end ] --START--
INFO: Run Behavior\ShowPageTraceBehavior [ RunTime:0.001172s ]
INFO: [ app_end ] --END-- [ RunTime:0.001313s ]

[ 2016-04-08T11:02:33+08:00 ] ::1 /task_system/index.php/Home/Task/create_task.html
INFO: [ app_begin ] --START--
INFO: Run Behavior\ReadHtmlCacheBehavior [ RunTime:0.000586s ]
INFO: [ app_begin ] --END-- [ RunTime:0.001139s ]
SQL: SHOW COLUMNS FROM `think_task` [ RunTime:0.0146s ]
NOTIC: [8] Undefined index: validate F:\wamp\www\task_system\ThinkPHP\Library\Think\Model.class.php 第 1185 行.
NOTIC: [8] Undefined index: auto F:\wamp\www\task_system\ThinkPHP\Library\Think\Model.class.php 第 1128 行.
NOTIC: [8] Undefined variable: do_uer F:\wamp\www\task_system\Application\Home\Controller\TaskController.class.php 第 37 行.
INFO: [ app_end ] --START--
INFO: Run Behavior\ShowPageTraceBehavior [ RunTime:0.001228s ]
INFO: [ app_end ] --END-- [ RunTime:0.001392s ]

[ 2016-04-08T11:03:20+08:00 ] ::1 /task_system/index.php/Home/Task/create_task.html
INFO: [ app_begin ] --START--
INFO: Run Behavior\ReadHtmlCacheBehavior [ RunTime:0.000615s ]
INFO: [ app_begin ] --END-- [ RunTime:0.001212s ]
SQL: SHOW COLUMNS FROM `think_task` [ RunTime:0.0182s ]
NOTIC: [8] Undefined index: validate F:\wamp\www\task_system\ThinkPHP\Library\Think\Model.class.php 第 1185 行.
NOTIC: [8] Undefined index: auto F:\wamp\www\task_system\ThinkPHP\Library\Think\Model.class.php 第 1128 行.
INFO: [ app_end ] --START--
INFO: Run Behavior\ShowPageTraceBehavior [ RunTime:0.001882s ]
INFO: [ app_end ] --END-- [ RunTime:0.002072s ]

[ 2016-04-08T11:22:12+08:00 ] ::1 /task_system/index.php/Home/Task/create_task.html
INFO: [ app_begin ] --START--
INFO: Run Behavior\ReadHtmlCacheBehavior [ RunTime:0.000969s ]
INFO: [ app_begin ] --END-- [ RunTime:0.001700s ]
SQL: SHOW COLUMNS FROM `think_task` [ RunTime:0.0212s ]
NOTIC: [8] Undefined index: validate F:\wamp\www\task_system\ThinkPHP\Library\Think\Model.class.php 第 1185 行.
NOTIC: [8] Undefined index: auto F:\wamp\www\task_system\ThinkPHP\Library\Think\Model.class.php 第 1128 行.
INFO: [ app_end ] --START--
INFO: Run Behavior\ShowPageTraceBehavior [ RunTime:0.001858s ]
INFO: [ app_end ] --END-- [ RunTime:0.002144s ]

[ 2016-04-08T11:23:53+08:00 ] ::1 /task_system/index.php/Home/Task/create_task.html
INFO: [ app_begin ] --START--
INFO: Run Behavior\ReadHtmlCacheBehavior [ RunTime:0.000624s ]
INFO: [ app_begin ] --END-- [ RunTime:0.001206s ]
SQL: SHOW COLUMNS FROM `think_task` [ RunTime:0.0167s ]
NOTIC: [8] Undefined index: validate F:\wamp\www\task_system\ThinkPHP\Library\Think\Model.class.php 第 1185 行.
NOTIC: [8] Undefined index: auto F:\wamp\www\task_system\ThinkPHP\Library\Think\Model.class.php 第 1128 行.
INFO: [ app_end ] --START--
INFO: Run Behavior\ShowPageTraceBehavior [ RunTime:0.001538s ]
INFO: [ app_end ] --END-- [ RunTime:0.001748s ]

[ 2016-04-08T11:29:02+08:00 ] ::1 /task_system/index.php/Home/Task/create_task.html
INFO: [ app_begin ] --START--
INFO: Run Behavior\ReadHtmlCacheBehavior [ RunTime:0.001088s ]
INFO: [ app_begin ] --END-- [ RunTime:0.002144s ]
SQL: SHOW COLUMNS FROM `think_task` [ RunTime:0.0140s ]
NOTIC: [8] Undefined index: validate F:\wamp\www\task_system\ThinkPHP\Library\Think\Model.class.php 第 1185 行.
NOTIC: [8] Undefined index: auto F:\wamp\www\task_system\ThinkPHP\Library\Think\Model.class.php 第 1128 行.
SQL: INSERT INTO `think_task` (`project_id`,`grade`,`task_content`,`do_user`,`deadline`,`give_user`) VALUES ('5','紧急','测试而已','2','2016-04-17','admin') [ RunTime:0.0037s ]
SQL: INSERT INTO `think_task` (`project_id`,`grade`,`task_content`,`do_user`,`deadline`,`give_user`) VALUES ('5','紧急','测试而已','4','2016-04-17','admin') [ RunTime:0.0007s ]

[ 2016-04-08T11:29:08+08:00 ] ::1 /task_system/index.php/Home/Task/create_task.html
INFO: [ app_begin ] --START--
INFO: Run Behavior\ReadHtmlCacheBehavior [ RunTime:0.000695s ]
INFO: [ app_begin ] --END-- [ RunTime:0.001282s ]
SQL: SHOW COLUMNS FROM `think_task` [ RunTime:0.0131s ]
NOTIC: [8] Undefined index: validate F:\wamp\www\task_system\ThinkPHP\Library\Think\Model.class.php 第 1185 行.
NOTIC: [8] Undefined index: auto F:\wamp\www\task_system\ThinkPHP\Library\Think\Model.class.php 第 1128 行.
SQL: INSERT INTO `think_task` (`project_id`,`grade`,`task_content`,`do_user`,`deadline`,`give_user`) VALUES ('5','紧急','测试而已','2','2016-04-17','admin') [ RunTime:0.0004s ]
SQL: INSERT INTO `think_task` (`project_id`,`grade`,`task_content`,`do_user`,`deadline`,`give_user`) VALUES ('5','紧急','测试而已','4','2016-04-17','admin') [ RunTime:0.0003s ]

[ 2016-04-08T11:34:19+08:00 ] ::1 /task_system/index.php/Home/Task/create_task.html
INFO: [ app_begin ] --START--
INFO: Run Behavior\ReadHtmlCacheBehavior [ RunTime:0.001372s ]
INFO: [ app_begin ] --END-- [ RunTime:0.002023s ]
SQL: SHOW COLUMNS FROM `think_task` [ RunTime:0.0154s ]
NOTIC: [8] Undefined index: validate F:\wamp\www\task_system\ThinkPHP\Library\Think\Model.class.php 第 1185 行.
NOTIC: [8] Undefined index: auto F:\wamp\www\task_system\ThinkPHP\Library\Think\Model.class.php 第 1128 行.
SQL: INSERT INTO `think_task` (`project_id`,`grade`,`task_content`,`do_user`,`deadline`,`give_user`) VALUES ('5','一般','测试','2','2016-04-24','admin') [ RunTime:0.0005s ]
SQL: INSERT INTO `think_task` (`project_id`,`grade`,`task_content`,`do_user`,`deadline`,`give_user`) VALUES ('5','一般','测试','4','2016-04-24','admin') [ RunTime:0.0004s ]

[ 2016-04-08T11:35:06+08:00 ] ::1 /task_system/index.php/Home/Task/create_task.html
INFO: [ app_begin ] --START--
INFO: Run Behavior\ReadHtmlCacheBehavior [ RunTime:0.002218s ]
INFO: [ app_begin ] --END-- [ RunTime:0.003325s ]
SQL: SHOW COLUMNS FROM `think_task` [ RunTime:0.0140s ]
NOTIC: [8] Undefined index: validate F:\wamp\www\task_system\ThinkPHP\Library\Think\Model.class.php 第 1185 行.
NOTIC: [8] Undefined index: auto F:\wamp\www\task_system\ThinkPHP\Library\Think\Model.class.php 第 1128 行.
SQL: INSERT INTO `think_task` (`project_id`,`grade`,`task_content`,`do_user`,`deadline`,`give_user`) VALUES ('5','一般','测试','2','2016-04-23','admin') [ RunTime:0.0005s ]
SQL: INSERT INTO `think_task` (`project_id`,`grade`,`task_content`,`do_user`,`deadline`,`give_user`) VALUES ('5','一般','测试','4','2016-04-23','admin') [ RunTime:0.0005s ]

[ 2016-04-08T11:35:26+08:00 ] ::1 /task_system/index.php/Home/Task/create_task.html
INFO: [ app_begin ] --START--
INFO: Run Behavior\ReadHtmlCacheBehavior [ RunTime:0.003761s ]
INFO: [ app_begin ] --END-- [ RunTime:0.005028s ]
SQL: SHOW COLUMNS FROM `think_task` [ RunTime:0.0134s ]
NOTIC: [8] Undefined index: validate F:\wamp\www\task_system\ThinkPHP\Library\Think\Model.class.php 第 1185 行.
NOTIC: [8] Undefined index: auto F:\wamp\www\task_system\ThinkPHP\Library\Think\Model.class.php 第 1128 行.
SQL: INSERT INTO `think_task` (`project_id`,`grade`,`task_content`,`do_user`,`deadline`,`give_user`) VALUES ('5','正常','6666666','4','2016-04-22','admin') [ RunTime:0.0006s ]

[ 2016-04-08T11:39:58+08:00 ] ::1 /task_system/index.php/Home/Task/create_task.html
INFO: [ app_begin ] --START--
INFO: Run Behavior\ReadHtmlCacheBehavior [ RunTime:0.001468s ]
INFO: [ app_begin ] --END-- [ RunTime:0.002205s ]
SQL: SHOW COLUMNS FROM `think_task` [ RunTime:0.0152s ]
NOTIC: [8] Undefined index: validate F:\wamp\www\task_system\ThinkPHP\Library\Think\Model.class.php 第 1185 行.
NOTIC: [8] Undefined index: auto F:\wamp\www\task_system\ThinkPHP\Library\Think\Model.class.php 第 1128 行.
SQL: INSERT INTO `think_task` (`project_id`,`grade`,`task_content`,`do_user`,`deadline`,`give_user`) VALUES ('5','一般','测试啊','奇怪的机器人','2016-04-28','admin') [ RunTime:0.0005s ]
SQL: INSERT INTO `think_task` (`project_id`,`grade`,`task_content`,`do_user`,`deadline`,`give_user`) VALUES ('5','一般','测试啊','task','2016-04-28','admin') [ RunTime:0.0003s ]

[ 2016-04-08T14:23:52+08:00 ] ::1 /task_system/index.php/Home/Task/create_task.html
INFO: [ app_begin ] --START--
INFO: Run Behavior\ReadHtmlCacheBehavior [ RunTime:0.002013s ]
INFO: [ app_begin ] --END-- [ RunTime:0.002984s ]
SQL: SHOW COLUMNS FROM `think_task` [ RunTime:0.0157s ]
NOTIC: [8] Undefined index: validate F:\wamp\www\task_system\ThinkPHP\Library\Think\Model.class.php 第 1185 行.
NOTIC: [8] Undefined index: auto F:\wamp\www\task_system\ThinkPHP\Library\Think\Model.class.php 第 1128 行.
SQL: INSERT INTO `think_task` (`project_id`,`grade`,`task_content`,`do_user`,`deadline`,`give_user`) VALUES ('5','正常','测试使用','奇怪的机器人','2016-04-30','admin') [ RunTime:0.0006s ]

[ 2016-04-08T14:24:08+08:00 ] ::1 /task_system/index.php/Home/Task/create_task.html
INFO: [ app_begin ] --START--
INFO: Run Behavior\ReadHtmlCacheBehavior [ RunTime:0.001462s ]
INFO: [ app_begin ] --END-- [ RunTime:0.002255s ]
SQL: SHOW COLUMNS FROM `think_task` [ RunTime:0.0136s ]
NOTIC: [8] Undefined index: validate F:\wamp\www\task_system\ThinkPHP\Library\Think\Model.class.php 第 1185 行.
NOTIC: [8] Undefined index: auto F:\wamp\www\task_system\ThinkPHP\Library\Think\Model.class.php 第 1128 行.
SQL: INSERT INTO `think_task` (`project_id`,`grade`,`task_content`,`do_user`,`deadline`,`give_user`) VALUES ('5','紧急','测试使用','task','2016-04-21','admin') [ RunTime:0.0005s ]

[ 2016-04-08T14:26:19+08:00 ] ::1 /task_system/index.php/Home/Task/create_task.html
INFO: [ app_begin ] --START--
INFO: Run Behavior\ReadHtmlCacheBehavior [ RunTime:0.001744s ]
INFO: [ app_begin ] --END-- [ RunTime:0.002411s ]
SQL: SHOW COLUMNS FROM `think_task` [ RunTime:0.0164s ]
NOTIC: [8] Undefined index: validate F:\wamp\www\task_system\ThinkPHP\Library\Think\Model.class.php 第 1185 行.
NOTIC: [8] Undefined index: auto F:\wamp\www\task_system\ThinkPHP\Library\Think\Model.class.php 第 1128 行.
SQL: INSERT INTO `think_task` (`project_id`,`grade`,`task_content`,`do_user`,`deadline`,`give_user`,`status`) VALUES ('5','紧急','啊实打实大','奇怪的机器人','2016-04-15','admin','1') [ RunTime:0.0007s ]

[ 2016-04-08T14:27:17+08:00 ] ::1 /task_system/index.php/Home/Task/create_task.html
INFO: [ app_begin ] --START--
INFO: Run Behavior\ReadHtmlCacheBehavior [ RunTime:0.001451s ]
INFO: [ app_begin ] --END-- [ RunTime:0.002251s ]
SQL: SHOW COLUMNS FROM `think_task` [ RunTime:0.0150s ]
NOTIC: [8] Undefined index: validate F:\wamp\www\task_system\ThinkPHP\Library\Think\Model.class.php 第 1185 行.
NOTIC: [8] Undefined index: auto F:\wamp\www\task_system\ThinkPHP\Library\Think\Model.class.php 第 1128 行.
SQL: INSERT INTO `think_task` (`project_id`,`grade`,`task_content`,`do_user`,`deadline`,`give_user`,`status`) VALUES ('5','紧急','测试','奇怪的机器人','2016-04-23','admin','1') [ RunTime:0.0005s ]

[ 2016-04-08T14:27:29+08:00 ] ::1 /task_system/index.php/Home/Task/create_task.html
INFO: [ app_begin ] --START--
INFO: Run Behavior\ReadHtmlCacheBehavior [ RunTime:0.001457s ]
INFO: [ app_begin ] --END-- [ RunTime:0.002232s ]
SQL: SHOW COLUMNS FROM `think_task` [ RunTime:0.0146s ]
NOTIC: [8] Undefined index: validate F:\wamp\www\task_system\ThinkPHP\Library\Think\Model.class.php 第 1185 行.
NOTIC: [8] Undefined index: auto F:\wamp\www\task_system\ThinkPHP\Library\Think\Model.class.php 第 1128 行.
SQL: INSERT INTO `think_task` (`project_id`,`grade`,`task_content`,`do_user`,`deadline`,`give_user`,`status`) VALUES ('5','一般','测试','task','2016-04-22','admin','1') [ RunTime:0.0005s ]

[ 2016-04-08T14:27:41+08:00 ] ::1 /task_system/index.php/Home/Task/create_task.html
INFO: [ app_begin ] --START--
INFO: Run Behavior\ReadHtmlCacheBehavior [ RunTime:0.001539s ]
INFO: [ app_begin ] --END-- [ RunTime:0.002502s ]
SQL: SHOW COLUMNS FROM `think_task` [ RunTime:0.0126s ]
NOTIC: [8] Undefined index: validate F:\wamp\www\task_system\ThinkPHP\Library\Think\Model.class.php 第 1185 行.
NOTIC: [8] Undefined index: auto F:\wamp\www\task_system\ThinkPHP\Library\Think\Model.class.php 第 1128 行.
SQL: INSERT INTO `think_task` (`project_id`,`grade`,`task_content`,`do_user`,`deadline`,`give_user`,`status`) VALUES ('5','正常','测试','奇怪的机器人','2016-04-29','admin','1') [ RunTime:0.0005s ]
SQL: INSERT INTO `think_task` (`project_id`,`grade`,`task_content`,`do_user`,`deadline`,`give_user`,`status`) VALUES ('5','正常','测试','task','2016-04-29','admin','1') [ RunTime:0.0004s ]

