[ 2016-03-29T14:31:05+08:00 ] ::1 /task_system/index.php/Home/Index/user.html
INFO: [ app_begin ] --START--
INFO: Run Behavior\ReadHtmlCacheBehavior [ RunTime:0.001743s ]
INFO: [ app_begin ] --END-- [ RunTime:0.002991s ]
NOTIC: [8] Undefined index: register F:\HTML\task_system\Application\Home\Controller\IndexController.class.php 第 15 行.
SQL: SELECT `id`,`user_name`,`user_password` FROM `think_user` WHERE ( user_name = 'admin' ) LIMIT 1   [ RunTime:0.5079s ]

[ 2016-03-29T15:37:16+08:00 ] ::1 /task_system/index.php/Home/Pal/login_info.html
INFO: [ app_begin ] --START--
INFO: Run Behavior\ReadHtmlCacheBehavior [ RunTime:0.002742s ]
INFO: [ app_begin ] --END-- [ RunTime:0.003807s ]

[ 2016-03-29T15:47:14+08:00 ] ::1 /task_system/index.php/Home/Pal/login_info.html
INFO: [ app_begin ] --START--
INFO: Run Behavior\ReadHtmlCacheBehavior [ RunTime:0.001874s ]
INFO: [ app_begin ] --END-- [ RunTime:0.004781s ]

[ 2016-03-29T15:51:09+08:00 ] ::1 /task_system/index.php/Home/Pal/login_info.html
INFO: [ app_begin ] --START--
INFO: Run Behavior\ReadHtmlCacheBehavior [ RunTime:0.001592s ]
INFO: [ app_begin ] --END-- [ RunTime:0.002665s ]
SQL: SHOW COLUMNS FROM `think_pal` [ RunTime:0.0071s ]
INFO: [ view_parse ] --START--
INFO: [ template_filter ] --START--
INFO: Run Behavior\ContentReplaceBehavior [ RunTime:0.000216s ]
INFO: [ template_filter ] --END-- [ RunTime:0.000374s ]
INFO: Run Behavior\ParseTemplateBehavior [ RunTime:0.024659s ]
INFO: [ view_parse ] --END-- [ RunTime:0.024809s ]
INFO: [ view_filter ] --START--
INFO: Run Behavior\WriteHtmlCacheBehavior [ RunTime:0.001278s ]
INFO: [ view_filter ] --END-- [ RunTime:0.001410s ]
INFO: [ app_end ] --START--
INFO: Run Behavior\ShowPageTraceBehavior [ RunTime:0.001936s ]
INFO: [ app_end ] --END-- [ RunTime:0.002162s ]

[ 2016-03-29T16:03:11+08:00 ] ::1 /task_system/index.php/Home/Pal/login_info.html
INFO: [ app_begin ] --START--
INFO: Run Behavior\ReadHtmlCacheBehavior [ RunTime:0.001621s ]
INFO: [ app_begin ] --END-- [ RunTime:0.002667s ]
SQL: SHOW COLUMNS FROM `think_pal` [ RunTime:0.0221s ]
NOTIC: [8] Undefined index: validate F:\HTML\task_system\ThinkPHP\Library\Think\Model.class.php 第 1185 行.

[ 2016-03-29T16:04:20+08:00 ] ::1 /task_system/index.php/Home/Pal/login_info.html
INFO: [ app_begin ] --START--
INFO: Run Behavior\ReadHtmlCacheBehavior [ RunTime:0.001470s ]
INFO: [ app_begin ] --END-- [ RunTime:0.002455s ]

[ 2016-03-29T16:04:33+08:00 ] ::1 /task_system/index.php/Home/Pal/login_info.html
INFO: [ app_begin ] --START--
INFO: Run Behavior\ReadHtmlCacheBehavior [ RunTime:0.001458s ]
INFO: [ app_begin ] --END-- [ RunTime:0.002582s ]
SQL: SHOW COLUMNS FROM `think_pal` [ RunTime:0.0075s ]
NOTIC: [8] Undefined index: validate F:\HTML\task_system\ThinkPHP\Library\Think\Model.class.php 第 1185 行.

[ 2016-03-29T16:04:58+08:00 ] ::1 /task_system/index.php/Home/Pal/login_info.html
INFO: [ app_begin ] --START--
INFO: Run Behavior\ReadHtmlCacheBehavior [ RunTime:0.001631s ]
INFO: [ app_begin ] --END-- [ RunTime:0.002655s ]
SQL: SHOW COLUMNS FROM `think_pal` [ RunTime:0.0073s ]
NOTIC: [8] Undefined index: validate F:\HTML\task_system\ThinkPHP\Library\Think\Model.class.php 第 1185 行.

[ 2016-03-29T16:05:01+08:00 ] ::1 /task_system/index.php/Home/Pal/login_info.html
INFO: [ app_begin ] --START--
INFO: Run Behavior\ReadHtmlCacheBehavior [ RunTime:0.001618s ]
INFO: [ app_begin ] --END-- [ RunTime:0.002736s ]
SQL: SHOW COLUMNS FROM `think_pal` [ RunTime:0.0070s ]
NOTIC: [8] Undefined index: validate F:\HTML\task_system\ThinkPHP\Library\Think\Model.class.php 第 1185 行.

[ 2016-03-29T16:06:28+08:00 ] ::1 /task_system/index.php/Home/Pal/login_info.html
INFO: [ app_begin ] --START--
INFO: Run Behavior\ReadHtmlCacheBehavior [ RunTime:0.001371s ]
INFO: [ app_begin ] --END-- [ RunTime:0.002464s ]
SQL: SHOW COLUMNS FROM `think_pal` [ RunTime:0.0075s ]
NOTIC: [8] Undefined index: validate F:\HTML\task_system\ThinkPHP\Library\Think\Model.class.php 第 1185 行.
NOTIC: [8] Undefined index: auto F:\HTML\task_system\ThinkPHP\Library\Think\Model.class.php 第 1128 行.

[ 2016-03-29T16:06:42+08:00 ] ::1 /task_system/index.php/Home/Pal/login_info.html
INFO: [ app_begin ] --START--
INFO: Run Behavior\ReadHtmlCacheBehavior [ RunTime:0.002032s ]
INFO: [ app_begin ] --END-- [ RunTime:0.003487s ]
SQL: SHOW COLUMNS FROM `think_pal` [ RunTime:0.0074s ]
NOTIC: [8] Undefined index: validate F:\HTML\task_system\ThinkPHP\Library\Think\Model.class.php 第 1185 行.

[ 2016-03-29T16:06:53+08:00 ] ::1 /task_system/index.php/Home/Pal/login_info.html
INFO: [ app_begin ] --START--
INFO: Run Behavior\ReadHtmlCacheBehavior [ RunTime:0.001473s ]
INFO: [ app_begin ] --END-- [ RunTime:0.002452s ]
SQL: SHOW COLUMNS FROM `think_pal` [ RunTime:0.0094s ]
NOTIC: [8] Undefined index: validate F:\HTML\task_system\ThinkPHP\Library\Think\Model.class.php 第 1185 行.

[ 2016-03-29T16:06:58+08:00 ] ::1 /task_system/index.php/Home/Pal/login_info.html
INFO: [ app_begin ] --START--
INFO: Run Behavior\ReadHtmlCacheBehavior [ RunTime:0.001830s ]
INFO: [ app_begin ] --END-- [ RunTime:0.003699s ]
SQL: SHOW COLUMNS FROM `think_pal` [ RunTime:0.0083s ]
NOTIC: [8] Undefined index: validate F:\HTML\task_system\ThinkPHP\Library\Think\Model.class.php 第 1185 行.
NOTIC: [8] Undefined index: auto F:\HTML\task_system\ThinkPHP\Library\Think\Model.class.php 第 1128 行.

[ 2016-03-29T16:58:11+08:00 ] ::1 /task_system/index.php/Home/Pal/login_info.html
INFO: [ app_begin ] --START--
INFO: Run Behavior\ReadHtmlCacheBehavior [ RunTime:0.001588s ]
INFO: [ app_begin ] --END-- [ RunTime:0.002563s ]

[ 2016-03-29T16:58:40+08:00 ] ::1 /task_system/index.php/Home/Pal/login_info.html
INFO: [ app_begin ] --START--
INFO: Run Behavior\ReadHtmlCacheBehavior [ RunTime:0.001579s ]
INFO: [ app_begin ] --END-- [ RunTime:0.002664s ]

[ 2016-03-29T16:58:43+08:00 ] ::1 /task_system/index.php/Home/Pal/login_info.html
INFO: [ app_begin ] --START--
INFO: Run Behavior\ReadHtmlCacheBehavior [ RunTime:0.001511s ]
INFO: [ app_begin ] --END-- [ RunTime:0.002560s ]

[ 2016-03-29T17:03:02+08:00 ] ::1 /task_system/index.php/Home/Pal/login_info.html
INFO: [ app_begin ] --START--
INFO: Run Behavior\ReadHtmlCacheBehavior [ RunTime:0.002998s ]
INFO: [ app_begin ] --END-- [ RunTime:0.005638s ]
SQL: SHOW COLUMNS FROM `think_pal` [ RunTime:0.0078s ]
NOTIC: [8] Undefined index: validate F:\HTML\task_system\ThinkPHP\Library\Think\Model.class.php 第 1185 行.
NOTIC: [8] Undefined index: auto F:\HTML\task_system\ThinkPHP\Library\Think\Model.class.php 第 1128 行.

[ 2016-03-29T17:03:27+08:00 ] ::1 /task_system/index.php/Home/Pal/login_info.html
INFO: [ app_begin ] --START--
INFO: Run Behavior\ReadHtmlCacheBehavior [ RunTime:0.002195s ]
INFO: [ app_begin ] --END-- [ RunTime:0.004489s ]
SQL: SHOW COLUMNS FROM `think_pal` [ RunTime:0.0084s ]
NOTIC: [8] Undefined index: validate F:\HTML\task_system\ThinkPHP\Library\Think\Model.class.php 第 1185 行.
NOTIC: [8] Undefined index: auto F:\HTML\task_system\ThinkPHP\Library\Think\Model.class.php 第 1128 行.

[ 2016-03-29T17:03:35+08:00 ] ::1 /task_system/index.php/Home/Pal/login_info.html
INFO: [ app_begin ] --START--
INFO: Run Behavior\ReadHtmlCacheBehavior [ RunTime:0.001800s ]
INFO: [ app_begin ] --END-- [ RunTime:0.002839s ]

[ 2016-03-29T17:04:01+08:00 ] ::1 /task_system/index.php/Home/Pal/login_info.html
INFO: [ app_begin ] --START--
INFO: Run Behavior\ReadHtmlCacheBehavior [ RunTime:0.002191s ]
INFO: [ app_begin ] --END-- [ RunTime:0.003665s ]
SQL: SHOW COLUMNS FROM `think_pal` [ RunTime:0.0077s ]
NOTIC: [8] Undefined index: validate F:\HTML\task_system\ThinkPHP\Library\Think\Model.class.php 第 1185 行.
NOTIC: [8] Undefined index: auto F:\HTML\task_system\ThinkPHP\Library\Think\Model.class.php 第 1128 行.

[ 2016-03-29T17:04:17+08:00 ] ::1 /task_system/index.php/Home/Pal/login_info.html
INFO: [ app_begin ] --START--
INFO: Run Behavior\ReadHtmlCacheBehavior [ RunTime:0.002000s ]
INFO: [ app_begin ] --END-- [ RunTime:0.003263s ]
SQL: SHOW COLUMNS FROM `think_pal` [ RunTime:0.0070s ]
NOTIC: [8] Undefined index: validate F:\HTML\task_system\ThinkPHP\Library\Think\Model.class.php 第 1185 行.
NOTIC: [8] Undefined index: auto F:\HTML\task_system\ThinkPHP\Library\Think\Model.class.php 第 1128 行.

[ 2016-03-29T17:04:31+08:00 ] ::1 /task_system/index.php/Home/Pal/login_info.html
INFO: [ app_begin ] --START--
INFO: Run Behavior\ReadHtmlCacheBehavior [ RunTime:0.001997s ]
INFO: [ app_begin ] --END-- [ RunTime:0.003355s ]
SQL: SHOW COLUMNS FROM `think_pal` [ RunTime:0.0075s ]
NOTIC: [8] Undefined index: validate F:\HTML\task_system\ThinkPHP\Library\Think\Model.class.php 第 1185 行.
NOTIC: [8] Undefined index: auto F:\HTML\task_system\ThinkPHP\Library\Think\Model.class.php 第 1128 行.

[ 2016-03-29T17:04:49+08:00 ] ::1 /task_system/index.php/Home/Pal/login_info.html
INFO: [ app_begin ] --START--
INFO: Run Behavior\ReadHtmlCacheBehavior [ RunTime:0.002196s ]
INFO: [ app_begin ] --END-- [ RunTime:0.004256s ]
SQL: SHOW COLUMNS FROM `think_pal` [ RunTime:0.0081s ]
NOTIC: [8] Undefined index: validate F:\HTML\task_system\ThinkPHP\Library\Think\Model.class.php 第 1185 行.
NOTIC: [8] Undefined index: auto F:\HTML\task_system\ThinkPHP\Library\Think\Model.class.php 第 1128 行.

[ 2016-03-29T17:05:15+08:00 ] ::1 /task_system/index.php/Home/Pal/login_info.html
INFO: [ app_begin ] --START--
INFO: Run Behavior\ReadHtmlCacheBehavior [ RunTime:0.002408s ]
INFO: [ app_begin ] --END-- [ RunTime:0.004142s ]
SQL: SHOW COLUMNS FROM `think_pal` [ RunTime:0.0070s ]
NOTIC: [8] Undefined index: validate F:\HTML\task_system\ThinkPHP\Library\Think\Model.class.php 第 1185 行.
NOTIC: [8] Undefined index: auto F:\HTML\task_system\ThinkPHP\Library\Think\Model.class.php 第 1128 行.

[ 2016-03-29T17:06:35+08:00 ] ::1 /task_system/index.php/Home/Pal/login_info.html
INFO: [ app_begin ] --START--
INFO: Run Behavior\ReadHtmlCacheBehavior [ RunTime:0.002085s ]
INFO: [ app_begin ] --END-- [ RunTime:0.003533s ]
SQL: SHOW COLUMNS FROM `think_pal` [ RunTime:0.0075s ]
NOTIC: [8] Undefined index: validate F:\HTML\task_system\ThinkPHP\Library\Think\Model.class.php 第 1185 行.
NOTIC: [8] Undefined index: auto F:\HTML\task_system\ThinkPHP\Library\Think\Model.class.php 第 1128 行.

[ 2016-03-29T17:06:55+08:00 ] ::1 /task_system/index.php/Home/Pal/login_info.html
INFO: [ app_begin ] --START--
INFO: Run Behavior\ReadHtmlCacheBehavior [ RunTime:0.002017s ]
INFO: [ app_begin ] --END-- [ RunTime:0.003489s ]
SQL: SHOW COLUMNS FROM `think_pal` [ RunTime:0.0087s ]
NOTIC: [8] Undefined index: validate F:\HTML\task_system\ThinkPHP\Library\Think\Model.class.php 第 1185 行.
NOTIC: [8] Undefined index: auto F:\HTML\task_system\ThinkPHP\Library\Think\Model.class.php 第 1128 行.

[ 2016-03-29T17:07:25+08:00 ] ::1 /task_system/index.php/Home/Pal/login_info.html
INFO: [ app_begin ] --START--
INFO: Run Behavior\ReadHtmlCacheBehavior [ RunTime:0.002888s ]
INFO: [ app_begin ] --END-- [ RunTime:0.004306s ]

[ 2016-03-29T17:07:50+08:00 ] ::1 /task_system/index.php/Home/Pal/login_info.html
INFO: [ app_begin ] --START--
INFO: Run Behavior\ReadHtmlCacheBehavior [ RunTime:0.002318s ]
INFO: [ app_begin ] --END-- [ RunTime:0.004367s ]
SQL: SHOW COLUMNS FROM `think_pal` [ RunTime:0.0071s ]
NOTIC: [8] Undefined index: validate F:\HTML\task_system\ThinkPHP\Library\Think\Model.class.php 第 1185 行.
NOTIC: [8] Undefined index: auto F:\HTML\task_system\ThinkPHP\Library\Think\Model.class.php 第 1128 行.

[ 2016-03-29T17:08:10+08:00 ] ::1 /task_system/index.php/Home/Pal/login_info.html
INFO: [ app_begin ] --START--
INFO: Run Behavior\ReadHtmlCacheBehavior [ RunTime:0.002241s ]
INFO: [ app_begin ] --END-- [ RunTime:0.004132s ]
SQL: SHOW COLUMNS FROM `think_pal` [ RunTime:0.0081s ]
NOTIC: [8] Undefined index: validate F:\HTML\task_system\ThinkPHP\Library\Think\Model.class.php 第 1185 行.
NOTIC: [8] Undefined index: auto F:\HTML\task_system\ThinkPHP\Library\Think\Model.class.php 第 1128 行.

[ 2016-03-29T17:08:46+08:00 ] ::1 /task_system/index.php/Home/Pal/login_info.html
INFO: [ app_begin ] --START--
INFO: Run Behavior\ReadHtmlCacheBehavior [ RunTime:0.002016s ]
INFO: [ app_begin ] --END-- [ RunTime:0.003171s ]
SQL: SHOW COLUMNS FROM `think_pal` [ RunTime:0.0070s ]
NOTIC: [8] Undefined index: validate F:\HTML\task_system\ThinkPHP\Library\Think\Model.class.php 第 1185 行.
NOTIC: [8] Undefined index: user_name F:\HTML\task_system\ThinkPHP\Library\Think\Model.class.php 第 1303 行.

[ 2016-03-29T17:09:57+08:00 ] ::1 /task_system/index.php/Home/Pal/login_info.html
INFO: [ app_begin ] --START--
INFO: Run Behavior\ReadHtmlCacheBehavior [ RunTime:0.002509s ]
INFO: [ app_begin ] --END-- [ RunTime:0.004424s ]
SQL: SHOW COLUMNS FROM `think_pal` [ RunTime:0.0068s ]
NOTIC: [8] Undefined index: validate F:\HTML\task_system\ThinkPHP\Library\Think\Model.class.php 第 1185 行.
NOTIC: [8] Undefined index: user_name F:\HTML\task_system\ThinkPHP\Library\Think\Model.class.php 第 1303 行.

[ 2016-03-29T17:10:16+08:00 ] ::1 /task_system/index.php/Home/Pal/login_info.html
INFO: [ app_begin ] --START--
INFO: Run Behavior\ReadHtmlCacheBehavior [ RunTime:0.001834s ]
INFO: [ app_begin ] --END-- [ RunTime:0.002857s ]

[ 2016-03-29T17:11:25+08:00 ] ::1 /task_system/index.php/Home/Pal/login_info.html
INFO: [ app_begin ] --START--
INFO: Run Behavior\ReadHtmlCacheBehavior [ RunTime:0.002478s ]
INFO: [ app_begin ] --END-- [ RunTime:0.003599s ]
SQL: SHOW COLUMNS FROM `think_pal` [ RunTime:0.0072s ]
NOTIC: [8] Undefined index: validate F:\HTML\task_system\ThinkPHP\Library\Think\Model.class.php 第 1185 行.
NOTIC: [8] Undefined index: auto F:\HTML\task_system\ThinkPHP\Library\Think\Model.class.php 第 1128 行.

[ 2016-03-29T17:11:41+08:00 ] ::1 /task_system/index.php/Home/Pal/login_info.html
INFO: [ app_begin ] --START--
INFO: Run Behavior\ReadHtmlCacheBehavior [ RunTime:0.002244s ]
INFO: [ app_begin ] --END-- [ RunTime:0.003450s ]

[ 2016-03-29T17:13:43+08:00 ] ::1 /task_system/index.php/Home/Pal/login_info.html
INFO: [ app_begin ] --START--
INFO: Run Behavior\ReadHtmlCacheBehavior [ RunTime:0.003022s ]
INFO: [ app_begin ] --END-- [ RunTime:0.004556s ]

[ 2016-03-29T17:13:51+08:00 ] ::1 /task_system/index.php/Home/Pal/login_info.html
INFO: [ app_begin ] --START--
INFO: Run Behavior\ReadHtmlCacheBehavior [ RunTime:0.002364s ]
INFO: [ app_begin ] --END-- [ RunTime:0.003743s ]
SQL: SHOW COLUMNS FROM `think_pal` [ RunTime:0.0083s ]
NOTIC: [8] Undefined index: validate F:\HTML\task_system\ThinkPHP\Library\Think\Model.class.php 第 1185 行.
NOTIC: [8] Undefined index: auto F:\HTML\task_system\ThinkPHP\Library\Think\Model.class.php 第 1128 行.

[ 2016-03-29T17:13:59+08:00 ] ::1 /task_system/index.php/Home/Pal/login_info.html
INFO: [ app_begin ] --START--
INFO: Run Behavior\ReadHtmlCacheBehavior [ RunTime:0.004481s ]
INFO: [ app_begin ] --END-- [ RunTime:0.006065s ]
SQL: SHOW COLUMNS FROM `think_pal` [ RunTime:0.0076s ]
NOTIC: [8] Undefined index: validate F:\HTML\task_system\ThinkPHP\Library\Think\Model.class.php 第 1185 行.
NOTIC: [8] Undefined index: auto F:\HTML\task_system\ThinkPHP\Library\Think\Model.class.php 第 1128 行.

[ 2016-03-29T17:14:26+08:00 ] ::1 /task_system/index.php/Home/Pal/login_info.html
INFO: [ app_begin ] --START--
INFO: Run Behavior\ReadHtmlCacheBehavior [ RunTime:0.002555s ]
INFO: [ app_begin ] --END-- [ RunTime:0.003622s ]
SQL: SHOW COLUMNS FROM `think_pal` [ RunTime:0.0086s ]
NOTIC: [8] Undefined index: validate F:\HTML\task_system\ThinkPHP\Library\Think\Model.class.php 第 1185 行.
NOTIC: [8] Undefined index: auto F:\HTML\task_system\ThinkPHP\Library\Think\Model.class.php 第 1128 行.

[ 2016-03-29T17:14:42+08:00 ] ::1 /task_system/index.php/Home/Pal/login_info.html
INFO: [ app_begin ] --START--
INFO: Run Behavior\ReadHtmlCacheBehavior [ RunTime:0.002865s ]
INFO: [ app_begin ] --END-- [ RunTime:0.004391s ]
SQL: SHOW COLUMNS FROM `think_pal` [ RunTime:0.0074s ]
NOTIC: [8] Undefined index: validate F:\HTML\task_system\ThinkPHP\Library\Think\Model.class.php 第 1185 行.
NOTIC: [8] Undefined index: auto F:\HTML\task_system\ThinkPHP\Library\Think\Model.class.php 第 1128 行.

[ 2016-03-29T17:15:01+08:00 ] ::1 /task_system/index.php/Home/Pal/login_info.html
INFO: [ app_begin ] --START--
INFO: Run Behavior\ReadHtmlCacheBehavior [ RunTime:0.002961s ]
INFO: [ app_begin ] --END-- [ RunTime:0.004728s ]
SQL: SHOW COLUMNS FROM `think_pal` [ RunTime:0.0080s ]
NOTIC: [8] Undefined index: validate F:\HTML\task_system\ThinkPHP\Library\Think\Model.class.php 第 1185 行.
NOTIC: [8] Undefined index: auto F:\HTML\task_system\ThinkPHP\Library\Think\Model.class.php 第 1128 行.

[ 2016-03-29T17:15:17+08:00 ] ::1 /task_system/index.php/Home/Pal/login_info.html
INFO: [ app_begin ] --START--
INFO: Run Behavior\ReadHtmlCacheBehavior [ RunTime:0.004413s ]
INFO: [ app_begin ] --END-- [ RunTime:0.005846s ]
SQL: SHOW COLUMNS FROM `think_pal` [ RunTime:0.0074s ]
NOTIC: [8] Undefined index: validate F:\HTML\task_system\ThinkPHP\Library\Think\Model.class.php 第 1185 行.
NOTIC: [8] Undefined index: auto F:\HTML\task_system\ThinkPHP\Library\Think\Model.class.php 第 1128 行.

[ 2016-03-29T17:16:24+08:00 ] ::1 /task_system/index.php/Home/Pal/login_info.html
INFO: [ app_begin ] --START--
INFO: Run Behavior\ReadHtmlCacheBehavior [ RunTime:0.002782s ]
INFO: [ app_begin ] --END-- [ RunTime:0.004558s ]
SQL: SHOW COLUMNS FROM `think_pal` [ RunTime:0.0076s ]
NOTIC: [8] Undefined index: validate F:\HTML\task_system\ThinkPHP\Library\Think\Model.class.php 第 1185 行.
NOTIC: [8] Undefined index: auto F:\HTML\task_system\ThinkPHP\Library\Think\Model.class.php 第 1128 行.

[ 2016-03-29T17:16:41+08:00 ] ::1 /task_system/index.php/Home/Pal/login_info.html
INFO: [ app_begin ] --START--
INFO: Run Behavior\ReadHtmlCacheBehavior [ RunTime:0.002064s ]
INFO: [ app_begin ] --END-- [ RunTime:0.003250s ]
SQL: SHOW COLUMNS FROM `think_pal` [ RunTime:0.0088s ]
NOTIC: [8] Undefined index: validate F:\HTML\task_system\ThinkPHP\Library\Think\Model.class.php 第 1185 行.
NOTIC: [8] Undefined index: auto F:\HTML\task_system\ThinkPHP\Library\Think\Model.class.php 第 1128 行.

[ 2016-03-29T17:17:27+08:00 ] ::1 /task_system/index.php/Home/Pal/login_info.html
INFO: [ app_begin ] --START--
INFO: Run Behavior\ReadHtmlCacheBehavior [ RunTime:0.002900s ]
INFO: [ app_begin ] --END-- [ RunTime:0.004145s ]
SQL: SHOW COLUMNS FROM `think_pal` [ RunTime:0.0074s ]
NOTIC: [8] Undefined index: validate F:\HTML\task_system\ThinkPHP\Library\Think\Model.class.php 第 1185 行.
NOTIC: [8] Undefined index: auto F:\HTML\task_system\ThinkPHP\Library\Think\Model.class.php 第 1128 行.
NOTIC: [8] Undefined index: validate F:\HTML\task_system\ThinkPHP\Library\Think\Model.class.php 第 1185 行.
NOTIC: [8] Undefined index: auto F:\HTML\task_system\ThinkPHP\Library\Think\Model.class.php 第 1128 行.

[ 2016-03-29T17:17:43+08:00 ] ::1 /task_system/index.php/Home/Pal/login_info.html
INFO: [ app_begin ] --START--
INFO: Run Behavior\ReadHtmlCacheBehavior [ RunTime:0.003048s ]
INFO: [ app_begin ] --END-- [ RunTime:0.004704s ]
SQL: SHOW COLUMNS FROM `think_pal` [ RunTime:0.0074s ]
NOTIC: [8] Undefined index: validate F:\HTML\task_system\ThinkPHP\Library\Think\Model.class.php 第 1185 行.
NOTIC: [8] Undefined index: auto F:\HTML\task_system\ThinkPHP\Library\Think\Model.class.php 第 1128 行.

[ 2016-03-29T17:18:06+08:00 ] ::1 /task_system/index.php/Home/Pal/login_info.html
INFO: [ app_begin ] --START--
INFO: Run Behavior\ReadHtmlCacheBehavior [ RunTime:0.003533s ]
INFO: [ app_begin ] --END-- [ RunTime:0.004821s ]
SQL: SHOW COLUMNS FROM `think_pal` [ RunTime:0.0072s ]
NOTIC: [8] Undefined index: validate F:\HTML\task_system\ThinkPHP\Library\Think\Model.class.php 第 1185 行.
NOTIC: [8] Undefined index: auto F:\HTML\task_system\ThinkPHP\Library\Think\Model.class.php 第 1128 行.

[ 2016-03-29T17:20:29+08:00 ] ::1 /task_system/index.php/Home/Pal/login_info.html
INFO: [ app_begin ] --START--
INFO: Run Behavior\ReadHtmlCacheBehavior [ RunTime:0.002829s ]
INFO: [ app_begin ] --END-- [ RunTime:0.003857s ]
SQL: SHOW COLUMNS FROM `think_pal` [ RunTime:0.0076s ]
NOTIC: [8] Undefined index: validate F:\HTML\task_system\ThinkPHP\Library\Think\Model.class.php 第 1185 行.
NOTIC: [8] Undefined index: auto F:\HTML\task_system\ThinkPHP\Library\Think\Model.class.php 第 1128 行.

[ 2016-03-29T17:21:52+08:00 ] ::1 /task_system/index.php/Home/Pal/login_info.html
INFO: [ app_begin ] --START--
INFO: Run Behavior\ReadHtmlCacheBehavior [ RunTime:0.002229s ]
INFO: [ app_begin ] --END-- [ RunTime:0.003290s ]
SQL: SHOW COLUMNS FROM `think_pal` [ RunTime:0.0073s ]
NOTIC: [8] Undefined index: validate F:\HTML\task_system\ThinkPHP\Library\Think\Model.class.php 第 1185 行.
NOTIC: [8] Undefined index: auto F:\HTML\task_system\ThinkPHP\Library\Think\Model.class.php 第 1128 行.

[ 2016-03-29T17:22:22+08:00 ] ::1 /task_system/index.php/Home/Pal/login_info.html
INFO: [ app_begin ] --START--
INFO: Run Behavior\ReadHtmlCacheBehavior [ RunTime:0.002162s ]
INFO: [ app_begin ] --END-- [ RunTime:0.003067s ]
SQL: SHOW COLUMNS FROM `think_pal` [ RunTime:0.0085s ]
NOTIC: [8] Undefined index: validate F:\HTML\task_system\ThinkPHP\Library\Think\Model.class.php 第 1185 行.
NOTIC: [8] Undefined index: auto F:\HTML\task_system\ThinkPHP\Library\Think\Model.class.php 第 1128 行.

[ 2016-03-29T17:22:39+08:00 ] ::1 /task_system/index.php/Home/Pal/login_info.html
INFO: [ app_begin ] --START--
INFO: Run Behavior\ReadHtmlCacheBehavior [ RunTime:0.002621s ]
INFO: [ app_begin ] --END-- [ RunTime:0.003735s ]
SQL: SHOW COLUMNS FROM `think_pal` [ RunTime:0.0070s ]
NOTIC: [8] Undefined index: validate F:\HTML\task_system\ThinkPHP\Library\Think\Model.class.php 第 1185 行.
NOTIC: [8] Undefined index: auto F:\HTML\task_system\ThinkPHP\Library\Think\Model.class.php 第 1128 行.

[ 2016-03-29T17:23:25+08:00 ] ::1 /task_system/index.php/Home/Pal/login_info.html
INFO: [ app_begin ] --START--
INFO: Run Behavior\ReadHtmlCacheBehavior [ RunTime:0.002239s ]
INFO: [ app_begin ] --END-- [ RunTime:0.003575s ]
SQL: SHOW COLUMNS FROM `think_pal` [ RunTime:0.0070s ]
NOTIC: [8] Undefined index: validate F:\HTML\task_system\ThinkPHP\Library\Think\Model.class.php 第 1185 行.
NOTIC: [8] Undefined index: auto F:\HTML\task_system\ThinkPHP\Library\Think\Model.class.php 第 1128 行.

[ 2016-03-29T17:23:41+08:00 ] ::1 /task_system/index.php/Home/Pal/login_info.html
INFO: [ app_begin ] --START--
INFO: Run Behavior\ReadHtmlCacheBehavior [ RunTime:0.002497s ]
INFO: [ app_begin ] --END-- [ RunTime:0.003306s ]
SQL: SHOW COLUMNS FROM `think_pal` [ RunTime:0.0071s ]
NOTIC: [8] Undefined index: validate F:\HTML\task_system\ThinkPHP\Library\Think\Model.class.php 第 1185 行.
NOTIC: [8] Undefined index: auto F:\HTML\task_system\ThinkPHP\Library\Think\Model.class.php 第 1128 行.

[ 2016-03-29T17:24:01+08:00 ] ::1 /task_system/index.php/Home/Pal/login_info.html
INFO: [ app_begin ] --START--
INFO: Run Behavior\ReadHtmlCacheBehavior [ RunTime:0.002328s ]
INFO: [ app_begin ] --END-- [ RunTime:0.003396s ]
SQL: SHOW COLUMNS FROM `think_pal` [ RunTime:0.0094s ]
NOTIC: [8] Undefined index: validate F:\HTML\task_system\ThinkPHP\Library\Think\Model.class.php 第 1185 行.
NOTIC: [8] Undefined index: auto F:\HTML\task_system\ThinkPHP\Library\Think\Model.class.php 第 1128 行.

[ 2016-03-29T17:24:26+08:00 ] ::1 /task_system/index.php/Home/Pal/login_info.html
INFO: [ app_begin ] --START--
INFO: Run Behavior\ReadHtmlCacheBehavior [ RunTime:0.002087s ]
INFO: [ app_begin ] --END-- [ RunTime:0.002892s ]
SQL: SHOW COLUMNS FROM `think_pal` [ RunTime:0.0080s ]
NOTIC: [8] Undefined index: validate F:\HTML\task_system\ThinkPHP\Library\Think\Model.class.php 第 1185 行.
NOTIC: [8] Undefined index: auto F:\HTML\task_system\ThinkPHP\Library\Think\Model.class.php 第 1128 行.

[ 2016-03-29T17:24:53+08:00 ] ::1 /task_system/index.php/Home/Pal/login_info.html
INFO: [ app_begin ] --START--
INFO: Run Behavior\ReadHtmlCacheBehavior [ RunTime:0.002749s ]
INFO: [ app_begin ] --END-- [ RunTime:0.004008s ]
SQL: SHOW COLUMNS FROM `think_pal` [ RunTime:0.0074s ]
NOTIC: [8] Undefined index: validate F:\HTML\task_system\ThinkPHP\Library\Think\Model.class.php 第 1185 行.
NOTIC: [8] Undefined index: auto F:\HTML\task_system\ThinkPHP\Library\Think\Model.class.php 第 1128 行.

[ 2016-03-29T17:25:01+08:00 ] ::1 /task_system/index.php/Home/Pal/login_info.html
INFO: [ app_begin ] --START--
INFO: Run Behavior\ReadHtmlCacheBehavior [ RunTime:0.002183s ]
INFO: [ app_begin ] --END-- [ RunTime:0.003215s ]
SQL: SHOW COLUMNS FROM `think_pal` [ RunTime:0.0077s ]
NOTIC: [8] Undefined index: validate F:\HTML\task_system\ThinkPHP\Library\Think\Model.class.php 第 1185 行.
NOTIC: [8] Undefined index: auto F:\HTML\task_system\ThinkPHP\Library\Think\Model.class.php 第 1128 行.

[ 2016-03-29T17:25:31+08:00 ] ::1 /task_system/index.php/Home/Pal/login_info.html
INFO: [ app_begin ] --START--
INFO: Run Behavior\ReadHtmlCacheBehavior [ RunTime:0.002221s ]
INFO: [ app_begin ] --END-- [ RunTime:0.003138s ]
SQL: SHOW COLUMNS FROM `think_pal` [ RunTime:0.0080s ]
NOTIC: [8] Undefined index: validate F:\HTML\task_system\ThinkPHP\Library\Think\Model.class.php 第 1185 行.
NOTIC: [8] Undefined index: auto F:\HTML\task_system\ThinkPHP\Library\Think\Model.class.php 第 1128 行.

[ 2016-03-29T17:25:45+08:00 ] ::1 /task_system/index.php/Home/Pal/login_info.html
INFO: [ app_begin ] --START--
INFO: Run Behavior\ReadHtmlCacheBehavior [ RunTime:0.002519s ]
INFO: [ app_begin ] --END-- [ RunTime:0.003575s ]
SQL: SHOW COLUMNS FROM `think_pal` [ RunTime:0.0073s ]
NOTIC: [8] Undefined index: validate F:\HTML\task_system\ThinkPHP\Library\Think\Model.class.php 第 1185 行.
NOTIC: [8] Undefined index: auto F:\HTML\task_system\ThinkPHP\Library\Think\Model.class.php 第 1128 行.

[ 2016-03-29T17:26:10+08:00 ] ::1 /task_system/index.php/Home/Pal/login_info.html
INFO: [ app_begin ] --START--
INFO: Run Behavior\ReadHtmlCacheBehavior [ RunTime:0.002309s ]
INFO: [ app_begin ] --END-- [ RunTime:0.003705s ]

[ 2016-03-29T17:26:56+08:00 ] ::1 /task_system/index.php/Home/Pal/login_info.html
INFO: [ app_begin ] --START--
INFO: Run Behavior\ReadHtmlCacheBehavior [ RunTime:0.002281s ]
INFO: [ app_begin ] --END-- [ RunTime:0.003075s ]
SQL: SHOW COLUMNS FROM `think_pal` [ RunTime:0.0075s ]
NOTIC: [8] Undefined index: validate F:\HTML\task_system\ThinkPHP\Library\Think\Model.class.php 第 1185 行.
NOTIC: [8] Undefined index: auto F:\HTML\task_system\ThinkPHP\Library\Think\Model.class.php 第 1128 行.

[ 2016-03-29T17:27:27+08:00 ] ::1 /task_system/index.php/Home/Pal/login_info.html
INFO: [ app_begin ] --START--
INFO: Run Behavior\ReadHtmlCacheBehavior [ RunTime:0.002138s ]
INFO: [ app_begin ] --END-- [ RunTime:0.002963s ]
SQL: SHOW COLUMNS FROM `think_pal` [ RunTime:0.0067s ]
NOTIC: [8] Undefined index: validate F:\HTML\task_system\ThinkPHP\Library\Think\Model.class.php 第 1185 行.
NOTIC: [8] Undefined index: auto F:\HTML\task_system\ThinkPHP\Library\Think\Model.class.php 第 1128 行.

[ 2016-03-29T17:27:44+08:00 ] ::1 /task_system/index.php/Home/Pal/login_info.html
INFO: [ app_begin ] --START--
INFO: Run Behavior\ReadHtmlCacheBehavior [ RunTime:0.002133s ]
INFO: [ app_begin ] --END-- [ RunTime:0.003092s ]
SQL: SHOW COLUMNS FROM `think_pal` [ RunTime:0.0080s ]
NOTIC: [8] Undefined index: validate F:\HTML\task_system\ThinkPHP\Library\Think\Model.class.php 第 1185 行.
NOTIC: [8] Undefined index: auto F:\HTML\task_system\ThinkPHP\Library\Think\Model.class.php 第 1128 行.

[ 2016-03-29T17:29:10+08:00 ] ::1 /task_system/index.php/Home/Pal/login_info.html
INFO: [ app_begin ] --START--
INFO: Run Behavior\ReadHtmlCacheBehavior [ RunTime:0.003330s ]
INFO: [ app_begin ] --END-- [ RunTime:0.004493s ]
SQL: SHOW COLUMNS FROM `think_user_center` [ RunTime:0.0082s ]
NOTIC: [8] Undefined index: validate F:\HTML\task_system\ThinkPHP\Library\Think\Model.class.php 第 1185 行.
NOTIC: [8] Undefined index: auto F:\HTML\task_system\ThinkPHP\Library\Think\Model.class.php 第 1128 行.
SQL: INSERT INTO `think_user_center` (`user_name`,`sex`,`email`,`qq`,`city`,`work`,`motto`) VALUES ('admin','男','1312623396@qq.com','1312623396','广州','在职','的法律框架是对方') [ RunTime:0.1786s ]

[ 2016-03-29T17:31:39+08:00 ] ::1 /task_system/index.php/Home/Pal/login_info.html
INFO: [ app_begin ] --START--
INFO: Run Behavior\ReadHtmlCacheBehavior [ RunTime:0.002120s ]
INFO: [ app_begin ] --END-- [ RunTime:0.002994s ]
SQL: SHOW COLUMNS FROM `think_user_center` [ RunTime:0.0081s ]
NOTIC: [8] Undefined index: validate F:\HTML\task_system\ThinkPHP\Library\Think\Model.class.php 第 1185 行.
NOTIC: [8] Undefined index: auto F:\HTML\task_system\ThinkPHP\Library\Think\Model.class.php 第 1128 行.
SQL: UPDATE `think_user_center` SET `user_name`='admin',`sex`='男',`email`='1312623396@qq.com',`qq`='1312623396',`city`='广州',`work`='在职',`motto`='的法律框架是对方' WHERE ( user_name='admin' ) [ RunTime:0.0465s ]

[ 2016-03-29T17:32:08+08:00 ] ::1 /task_system/index.php/Home/Pal/login_info.html
INFO: [ app_begin ] --START--
INFO: Run Behavior\ReadHtmlCacheBehavior [ RunTime:0.003208s ]
INFO: [ app_begin ] --END-- [ RunTime:0.004319s ]
SQL: SHOW COLUMNS FROM `think_user_center` [ RunTime:0.0081s ]
NOTIC: [8] Undefined index: validate F:\HTML\task_system\ThinkPHP\Library\Think\Model.class.php 第 1185 行.
NOTIC: [8] Undefined index: auto F:\HTML\task_system\ThinkPHP\Library\Think\Model.class.php 第 1128 行.

[ 2016-03-29T17:32:59+08:00 ] ::1 /task_system/index.php/Home/Pal/login_info.html
INFO: [ app_begin ] --START--
INFO: Run Behavior\ReadHtmlCacheBehavior [ RunTime:0.002099s ]
INFO: [ app_begin ] --END-- [ RunTime:0.002940s ]
SQL: SHOW COLUMNS FROM `think_user_center` [ RunTime:0.0080s ]
NOTIC: [8] Undefined index: validate F:\HTML\task_system\ThinkPHP\Library\Think\Model.class.php 第 1185 行.
NOTIC: [8] Undefined index: auto F:\HTML\task_system\ThinkPHP\Library\Think\Model.class.php 第 1128 行.
SQL: UPDATE `think_user_center` SET `user_name`='admin',`sex`='男',`email`='1312623396@qq.com',`qq`='1312623396',`city`='广州',`work`='在职',`motto`='的法律框架是对方' WHERE ( user_name='admin' ) [ RunTime:0.0005s ]

[ 2016-03-29T17:34:33+08:00 ] ::1 /task_system/index.php/Home/Pal/login_info.html
INFO: [ app_begin ] --START--
INFO: Run Behavior\ReadHtmlCacheBehavior [ RunTime:0.002177s ]
INFO: [ app_begin ] --END-- [ RunTime:0.002980s ]
SQL: SHOW COLUMNS FROM `think_user_center` [ RunTime:0.0099s ]
NOTIC: [8] Undefined index: validate F:\HTML\task_system\ThinkPHP\Library\Think\Model.class.php 第 1185 行.
NOTIC: [8] Undefined index: auto F:\HTML\task_system\ThinkPHP\Library\Think\Model.class.php 第 1128 行.

[ 2016-03-29T17:35:17+08:00 ] ::1 /task_system/index.php/Home/Pal/login_info.html
INFO: [ app_begin ] --START--
INFO: Run Behavior\ReadHtmlCacheBehavior [ RunTime:0.002196s ]
INFO: [ app_begin ] --END-- [ RunTime:0.003107s ]
SQL: SHOW COLUMNS FROM `think_user_center` [ RunTime:0.0079s ]
NOTIC: [8] Undefined index: validate F:\HTML\task_system\ThinkPHP\Library\Think\Model.class.php 第 1185 行.
NOTIC: [8] Undefined index: auto F:\HTML\task_system\ThinkPHP\Library\Think\Model.class.php 第 1128 行.

[ 2016-03-29T17:35:35+08:00 ] ::1 /task_system/index.php/Home/Pal/login_info.html
INFO: [ app_begin ] --START--
INFO: Run Behavior\ReadHtmlCacheBehavior [ RunTime:0.002443s ]
INFO: [ app_begin ] --END-- [ RunTime:0.003260s ]
SQL: SHOW COLUMNS FROM `think_user_center` [ RunTime:0.0082s ]
NOTIC: [8] Undefined index: validate F:\HTML\task_system\ThinkPHP\Library\Think\Model.class.php 第 1185 行.
NOTIC: [8] Undefined index: auto F:\HTML\task_system\ThinkPHP\Library\Think\Model.class.php 第 1128 行.
SQL: UPDATE `think_user_center` SET `sex`='男',`email`='1312623396@qq.com',`qq`='1312623396',`city`='广州',`work`='在职',`motto`='的法律框架是对方' WHERE ( user_name='admin' ) [ RunTime:0.0005s ]

[ 2016-03-29T17:35:48+08:00 ] ::1 /task_system/index.php/Home/Pal/login_info.html
INFO: [ app_begin ] --START--
INFO: Run Behavior\ReadHtmlCacheBehavior [ RunTime:0.002812s ]
INFO: [ app_begin ] --END-- [ RunTime:0.003705s ]
SQL: SHOW COLUMNS FROM `think_user_center` [ RunTime:0.0095s ]
NOTIC: [8] Undefined index: validate F:\HTML\task_system\ThinkPHP\Library\Think\Model.class.php 第 1185 行.
NOTIC: [8] Undefined index: auto F:\HTML\task_system\ThinkPHP\Library\Think\Model.class.php 第 1128 行.
SQL: UPDATE `think_user_center` SET `user_name`='admin',`sex`='男',`email`='1312623396@qq.com',`qq`='1312623396',`city`='广州',`work`='在职',`motto`='的法律框架是对方' WHERE ( user_name='admin' ) [ RunTime:0.0006s ]

[ 2016-03-29T17:36:16+08:00 ] ::1 /task_system/index.php/Home/Pal/login_info.html
INFO: [ app_begin ] --START--
INFO: Run Behavior\ReadHtmlCacheBehavior [ RunTime:0.002136s ]
INFO: [ app_begin ] --END-- [ RunTime:0.002972s ]
SQL: SHOW COLUMNS FROM `think_user_center` [ RunTime:0.0086s ]
NOTIC: [8] Undefined index: validate F:\HTML\task_system\ThinkPHP\Library\Think\Model.class.php 第 1185 行.
NOTIC: [8] Undefined index: auto F:\HTML\task_system\ThinkPHP\Library\Think\Model.class.php 第 1128 行.
SQL: UPDATE `think_user_center` SET `user_name`='admin',`sex`='女',`email`='1312623396@qq.com',`qq`='1312623396',`city`='广州',`work`='在职',`motto`='是独立开发建设地方' WHERE ( user_name='admin' ) [ RunTime:0.0314s ]

[ 2016-03-29T17:37:09+08:00 ] ::1 /task_system/index.php/Home/Pal/login_info.html
INFO: [ app_begin ] --START--
INFO: Run Behavior\ReadHtmlCacheBehavior [ RunTime:0.004178s ]
INFO: [ app_begin ] --END-- [ RunTime:0.005482s ]
SQL: SHOW COLUMNS FROM `think_user_center` [ RunTime:0.0084s ]
NOTIC: [8] Undefined index: validate F:\HTML\task_system\ThinkPHP\Library\Think\Model.class.php 第 1185 行.
NOTIC: [8] Undefined index: auto F:\HTML\task_system\ThinkPHP\Library\Think\Model.class.php 第 1128 行.
SQL: UPDATE `think_user_center` SET `user_name`='admin',`sex`='男',`email`='1312623396@qq.com',`qq`='1312623396',`city`='广州',`work`='在职',`motto`='是独立开发建设地方' WHERE ( user_name='admin' ) [ RunTime:0.0005s ]

[ 2016-03-29T17:37:31+08:00 ] ::1 /task_system/index.php/Home/Pal/login_info.html
INFO: [ app_begin ] --START--
INFO: Run Behavior\ReadHtmlCacheBehavior [ RunTime:0.002795s ]
INFO: [ app_begin ] --END-- [ RunTime:0.003820s ]
SQL: SHOW COLUMNS FROM `think_user_center` [ RunTime:0.0089s ]
NOTIC: [8] Undefined index: validate F:\HTML\task_system\ThinkPHP\Library\Think\Model.class.php 第 1185 行.
NOTIC: [8] Undefined index: auto F:\HTML\task_system\ThinkPHP\Library\Think\Model.class.php 第 1128 行.

[ 2016-03-29T17:38:14+08:00 ] ::1 /task_system/index.php/Home/Pal/login_info.html
INFO: [ app_begin ] --START--
INFO: Run Behavior\ReadHtmlCacheBehavior [ RunTime:0.002976s ]
INFO: [ app_begin ] --END-- [ RunTime:0.004201s ]
SQL: SHOW COLUMNS FROM `think_user_center` [ RunTime:0.0072s ]
NOTIC: [8] Undefined index: validate F:\HTML\task_system\ThinkPHP\Library\Think\Model.class.php 第 1185 行.
NOTIC: [8] Undefined index: auto F:\HTML\task_system\ThinkPHP\Library\Think\Model.class.php 第 1128 行.
SQL: UPDATE `think_user_center` SET `user_name`='admin',`sex`='男男',`email`='1312623396@qq.com',`qq`='1312623396',`city`='广州',`work`='在职',`motto`='是独立开发建设地方' WHERE ( user_name='admin' ) [ RunTime:0.0005s ]

[ 2016-03-29T17:38:55+08:00 ] ::1 /task_system/index.php/Home/Pal/login_info.html
INFO: [ app_begin ] --START--
INFO: Run Behavior\ReadHtmlCacheBehavior [ RunTime:0.002414s ]
INFO: [ app_begin ] --END-- [ RunTime:0.003268s ]
SQL: SHOW COLUMNS FROM `think_user_center` [ RunTime:0.0074s ]
NOTIC: [8] Undefined index: validate F:\HTML\task_system\ThinkPHP\Library\Think\Model.class.php 第 1185 行.
NOTIC: [8] Undefined index: auto F:\HTML\task_system\ThinkPHP\Library\Think\Model.class.php 第 1128 行.
SQL: UPDATE `think_user_center` SET `user_name`='admin',`sex`='男',`email`='1312623396@qq.com',`qq`='1312623396',`city`='广州',`work`='在职',`motto`='是独立开发建设地方' WHERE ( user_name='admin' ) [ RunTime:0.0005s ]

[ 2016-03-29T17:51:17+08:00 ] ::1 /task_system/index.php/Home/Pal/login_info.html
ERR: 1054:Unknown column 'admin' in 'where clause'
 [ SQL语句 ] : SELECT `user_name`,`sex`,`email`,`qq`,`city`,`work`,`motto`,`user_tag`,`user_img` FROM `think_user_center` WHERE ( user_name=admin ) LIMIT 1  

[ 2016-03-29T17:53:09+08:00 ] ::1 /task_system/index.php/Home/Pal/login_info.html
INFO: [ app_begin ] --START--
INFO: Run Behavior\ReadHtmlCacheBehavior [ RunTime:0.002189s ]
INFO: [ app_begin ] --END-- [ RunTime:0.003738s ]
SQL: SHOW COLUMNS FROM `think_user_center` [ RunTime:0.0088s ]
SQL: SELECT `user_name`,`sex`,`email`,`qq`,`city`,`work`,`motto`,`user_tag`,`user_img` FROM `think_user_center` WHERE ( user_name='admin' ) LIMIT 1   [ RunTime:0.0004s ]
NOTIC: [8] Undefined index: validate F:\HTML\task_system\ThinkPHP\Library\Think\Model.class.php 第 1185 行.
NOTIC: [8] Undefined index: auto F:\HTML\task_system\ThinkPHP\Library\Think\Model.class.php 第 1128 行.
SQL: UPDATE `think_user_center` SET `user_name`='admin',`sex`='男',`email`='1312623396@qq.com',`qq`='1312623396',`city`='广州',`work`='在职',`motto`='这个人很懒' WHERE ( user_name='admin' ) [ RunTime:0.0005s ]

[ 2016-03-29T19:31:54+08:00 ] ::1 /task_system/index.php/Home/Index/user.html
INFO: [ app_begin ] --START--
INFO: Run Behavior\ReadHtmlCacheBehavior [ RunTime:0.001700s ]
INFO: [ app_begin ] --END-- [ RunTime:0.002732s ]
NOTIC: [8] Undefined index: register F:\HTML\task_system\Application\Home\Controller\IndexController.class.php 第 15 行.
SQL: SELECT `id`,`user_name`,`user_password` FROM `think_user` WHERE ( user_name = 'admin' ) LIMIT 1   [ RunTime:0.0417s ]

[ 2016-03-29T20:20:11+08:00 ] ::1 /task_system/index.php/Home/Pal/user_img.html
INFO: [ app_begin ] --START--
INFO: Run Behavior\ReadHtmlCacheBehavior [ RunTime:0.001733s ]
INFO: [ app_begin ] --END-- [ RunTime:0.002528s ]
SQL: SHOW COLUMNS FROM `think_user_center` [ RunTime:0.0081s ]
NOTIC: [8] Undefined variable: pic_number F:\HTML\task_system\Application\Home\Controller\PalController.class.php 第 50 行.
INFO: [ app_end ] --START--
INFO: Run Behavior\ShowPageTraceBehavior [ RunTime:0.002758s ]
INFO: [ app_end ] --END-- [ RunTime:0.003011s ]

[ 2016-03-29T20:21:34+08:00 ] ::1 /task_system/index.php/Home/Pal/user_img.html
INFO: [ app_begin ] --START--
INFO: Run Behavior\ReadHtmlCacheBehavior [ RunTime:0.001737s ]
INFO: [ app_begin ] --END-- [ RunTime:0.002604s ]
SQL: SHOW COLUMNS FROM `think_user_center` [ RunTime:0.0084s ]
NOTIC: [8] Undefined variable: pic_number F:\HTML\task_system\Application\Home\Controller\PalController.class.php 第 50 行.
INFO: [ app_end ] --START--
INFO: Run Behavior\ShowPageTraceBehavior [ RunTime:0.002064s ]
INFO: [ app_end ] --END-- [ RunTime:0.002202s ]

[ 2016-03-29T20:22:09+08:00 ] ::1 /task_system/index.php/Home/Pal/user_img.html
INFO: [ app_begin ] --START--
INFO: Run Behavior\ReadHtmlCacheBehavior [ RunTime:0.001935s ]
INFO: [ app_begin ] --END-- [ RunTime:0.003020s ]

[ 2016-03-29T20:22:33+08:00 ] ::1 /task_system/index.php/Home/Pal/user_img.html
INFO: [ app_begin ] --START--
INFO: Run Behavior\ReadHtmlCacheBehavior [ RunTime:0.001700s ]
INFO: [ app_begin ] --END-- [ RunTime:0.002572s ]
SQL: SHOW COLUMNS FROM `think_user_center` [ RunTime:0.0077s ]
NOTIC: [8] Undefined variable: pic_number F:\HTML\task_system\Application\Home\Controller\PalController.class.php 第 51 行.
INFO: [ app_end ] --START--
INFO: Run Behavior\ShowPageTraceBehavior [ RunTime:0.002191s ]
INFO: [ app_end ] --END-- [ RunTime:0.002338s ]

[ 2016-03-29T20:23:16+08:00 ] ::1 /task_system/index.php/Home/Pal/user_img.html
INFO: [ app_begin ] --START--
INFO: Run Behavior\ReadHtmlCacheBehavior [ RunTime:0.001694s ]
INFO: [ app_begin ] --END-- [ RunTime:0.002495s ]
SQL: SHOW COLUMNS FROM `think_user_center` [ RunTime:0.0075s ]
INFO: [ app_end ] --START--
INFO: Run Behavior\ShowPageTraceBehavior [ RunTime:0.002120s ]
INFO: [ app_end ] --END-- [ RunTime:0.002277s ]

[ 2016-03-29T20:23:21+08:00 ] ::1 /task_system/index.php/Home/Pal/user_img.html
INFO: [ app_begin ] --START--
INFO: Run Behavior\ReadHtmlCacheBehavior [ RunTime:0.001760s ]
INFO: [ app_begin ] --END-- [ RunTime:0.002634s ]
SQL: SHOW COLUMNS FROM `think_user_center` [ RunTime:0.0071s ]
INFO: [ app_end ] --START--
INFO: Run Behavior\ShowPageTraceBehavior [ RunTime:0.002101s ]
INFO: [ app_end ] --END-- [ RunTime:0.002253s ]

[ 2016-03-29T20:33:56+08:00 ] ::1 /task_system/index.php/Home/Pal/user_img.html
INFO: [ app_begin ] --START--
INFO: Run Behavior\ReadHtmlCacheBehavior [ RunTime:0.001222s ]
INFO: [ app_begin ] --END-- [ RunTime:0.002009s ]
SQL: SHOW COLUMNS FROM `think_user_center` [ RunTime:0.0069s ]
ERR: Think\Model:save_pic方法不存在！

[ 2016-03-29T20:36:19+08:00 ] ::1 /task_system/index.php/Home/Pal/user_img.html
INFO: [ app_begin ] --START--
INFO: Run Behavior\ReadHtmlCacheBehavior [ RunTime:0.002344s ]
INFO: [ app_begin ] --END-- [ RunTime:0.003384s ]
SQL: SHOW COLUMNS FROM `think_user_center` [ RunTime:0.0079s ]
ERR: Think\Model:save_pic方法不存在！

[ 2016-03-29T20:37:09+08:00 ] ::1 /task_system/index.php/Home/Pal/user_img.html
INFO: [ app_begin ] --START--
INFO: Run Behavior\ReadHtmlCacheBehavior [ RunTime:0.001721s ]
INFO: [ app_begin ] --END-- [ RunTime:0.002484s ]
SQL: SHOW COLUMNS FROM `think_user_center` [ RunTime:0.0074s ]

[ 2016-03-29T20:39:04+08:00 ] ::1 /task_system/index.php/Home/Pal/user_img.html
INFO: [ app_begin ] --START--
INFO: Run Behavior\ReadHtmlCacheBehavior [ RunTime:0.002475s ]
INFO: [ app_begin ] --END-- [ RunTime:0.003471s ]
SQL: SHOW COLUMNS FROM `think_user_center` [ RunTime:0.0072s ]

[ 2016-03-29T20:40:17+08:00 ] ::1 /task_system/index.php/Home/Pal/user_img.html
INFO: [ app_begin ] --START--
INFO: Run Behavior\ReadHtmlCacheBehavior [ RunTime:0.002054s ]
INFO: [ app_begin ] --END-- [ RunTime:0.002895s ]
SQL: SHOW COLUMNS FROM `think_user_center` [ RunTime:0.0070s ]
ERR: Think\Model:save_pic方法不存在！

[ 2016-03-29T20:40:53+08:00 ] ::1 /task_system/index.php/Home/Pal/user_img.html
INFO: [ app_begin ] --START--
INFO: Run Behavior\ReadHtmlCacheBehavior [ RunTime:0.002019s ]
INFO: [ app_begin ] --END-- [ RunTime:0.002869s ]
SQL: SHOW COLUMNS FROM `think_user_center` [ RunTime:0.0080s ]
ERR: Think\Model:save_pic方法不存在！

[ 2016-03-29T20:43:20+08:00 ] ::1 /task_system/index.php/Home/Pal/user_img.html
INFO: [ app_begin ] --START--
INFO: Run Behavior\ReadHtmlCacheBehavior [ RunTime:0.002151s ]
INFO: [ app_begin ] --END-- [ RunTime:0.003189s ]
NOTIC: D方法实例化没找到模型类Model\Model\UserCenterModel
SQL: SHOW COLUMNS FROM `think_user_center` [ RunTime:0.0080s ]
ERR: Think\Model:save_pic方法不存在！

[ 2016-03-29T20:43:41+08:00 ] ::1 /task_system/index.php/Home/Pal/user_img.html
INFO: [ app_begin ] --START--
INFO: Run Behavior\ReadHtmlCacheBehavior [ RunTime:0.001809s ]
INFO: [ app_begin ] --END-- [ RunTime:0.002784s ]
NOTIC: D方法实例化没找到模型类Home\Model\\Model\UserCenterModel
SQL: SHOW COLUMNS FROM `think_user_center` [ RunTime:0.0094s ]
ERR: Think\Model:save_pic方法不存在！

