[ 2016-04-10T09:35:50+08:00 ] ::1 /task_system/index.php/Home/Index/user.html
INFO: [ app_begin ] --START--
INFO: Run Behavior\ReadHtmlCacheBehavior [ RunTime:0.000586s ]
INFO: [ app_begin ] --END-- [ RunTime:0.001102s ]
NOTIC: [8] Undefined index: register F:\wamp\www\task_system\Application\Home\Controller\IndexController.class.php 第 35 行.
SQL: SELECT `id`,`user_name`,`user_password` FROM `think_user` WHERE ( user_name = 'admin' ) LIMIT 1   [ RunTime:0.0214s ]

[ 2016-04-10T10:16:31+08:00 ] ::1 /task_system/index.php/Home/Task/edit_task.html
INFO: [ app_begin ] --START--
INFO: Run Behavior\ReadHtmlCacheBehavior [ RunTime:0.001169s ]
INFO: [ app_begin ] --END-- [ RunTime:0.001831s ]
SQL: SHOW COLUMNS FROM `think_task` [ RunTime:0.0145s ]
NOTIC: [8] Undefined index: validate F:\wamp\www\task_system\ThinkPHP\Library\Think\Model.class.php 第 1185 行.
NOTIC: [8] Undefined index: project_id F:\wamp\www\task_system\ThinkPHP\Library\Think\Model.class.php 第 1303 行.
INFO: [ app_end ] --START--
INFO: Run Behavior\ShowPageTraceBehavior [ RunTime:0.001219s ]
INFO: [ app_end ] --END-- [ RunTime:0.001360s ]

[ 2016-04-10T10:17:16+08:00 ] ::1 /task_system/index.php/Home/Task/edit_task.html
INFO: [ app_begin ] --START--
INFO: Run Behavior\ReadHtmlCacheBehavior [ RunTime:0.001505s ]
INFO: [ app_begin ] --END-- [ RunTime:0.002234s ]
SQL: SHOW COLUMNS FROM `think_task` [ RunTime:0.0112s ]
NOTIC: [8] Undefined index: validate F:\wamp\www\task_system\ThinkPHP\Library\Think\Model.class.php 第 1185 行.
NOTIC: [8] Undefined index: project_id F:\wamp\www\task_system\ThinkPHP\Library\Think\Model.class.php 第 1303 行.
INFO: [ app_end ] --START--
INFO: Run Behavior\ShowPageTraceBehavior [ RunTime:0.001363s ]
INFO: [ app_end ] --END-- [ RunTime:0.001534s ]

[ 2016-04-10T10:18:29+08:00 ] ::1 /task_system/index.php/Home/Task/edit_task.html
INFO: [ app_begin ] --START--
INFO: Run Behavior\ReadHtmlCacheBehavior [ RunTime:0.001070s ]
INFO: [ app_begin ] --END-- [ RunTime:0.001723s ]
SQL: SHOW COLUMNS FROM `think_task` [ RunTime:0.0131s ]
NOTIC: [8] Undefined index: validate F:\wamp\www\task_system\ThinkPHP\Library\Think\Model.class.php 第 1185 行.
NOTIC: [8] Undefined index: project_id F:\wamp\www\task_system\ThinkPHP\Library\Think\Model.class.php 第 1303 行.
INFO: [ app_end ] --START--
INFO: Run Behavior\ShowPageTraceBehavior [ RunTime:0.001237s ]
INFO: [ app_end ] --END-- [ RunTime:0.001378s ]

[ 2016-04-10T10:19:39+08:00 ] ::1 /task_system/index.php/Home/Task/edit_task.html
INFO: [ app_begin ] --START--
INFO: Run Behavior\ReadHtmlCacheBehavior [ RunTime:0.001156s ]
INFO: [ app_begin ] --END-- [ RunTime:0.001881s ]
SQL: SHOW COLUMNS FROM `think_task` [ RunTime:0.0154s ]
NOTIC: [8] Undefined index: validate F:\wamp\www\task_system\ThinkPHP\Library\Think\Model.class.php 第 1185 行.
NOTIC: [8] Undefined index: project_id F:\wamp\www\task_system\ThinkPHP\Library\Think\Model.class.php 第 1303 行.

[ 2016-04-10T10:20:40+08:00 ] ::1 /task_system/index.php/Home/Task/edit_task.html
INFO: [ app_begin ] --START--
INFO: Run Behavior\ReadHtmlCacheBehavior [ RunTime:0.001634s ]
INFO: [ app_begin ] --END-- [ RunTime:0.002455s ]
SQL: SHOW COLUMNS FROM `think_task` [ RunTime:0.0136s ]
NOTIC: [8] Undefined index: validate F:\wamp\www\task_system\ThinkPHP\Library\Think\Model.class.php 第 1185 行.
NOTIC: [8] Undefined index: project_id F:\wamp\www\task_system\ThinkPHP\Library\Think\Model.class.php 第 1303 行.

[ 2016-04-10T10:20:57+08:00 ] ::1 /task_system/index.php/Home/Task/edit_task.html
INFO: [ app_begin ] --START--
INFO: Run Behavior\ReadHtmlCacheBehavior [ RunTime:0.001255s ]
INFO: [ app_begin ] --END-- [ RunTime:0.002065s ]
SQL: SHOW COLUMNS FROM `think_task` [ RunTime:0.0160s ]
NOTIC: [8] Undefined index: validate F:\wamp\www\task_system\ThinkPHP\Library\Think\Model.class.php 第 1185 行.
NOTIC: [8] Undefined index: project_id F:\wamp\www\task_system\ThinkPHP\Library\Think\Model.class.php 第 1303 行.

[ 2016-04-10T10:22:41+08:00 ] ::1 /task_system/index.php/Home/Task/edit_task.html
INFO: [ app_begin ] --START--
INFO: Run Behavior\ReadHtmlCacheBehavior [ RunTime:0.000937s ]
INFO: [ app_begin ] --END-- [ RunTime:0.001589s ]
SQL: SHOW COLUMNS FROM `think_task` [ RunTime:0.0134s ]
NOTIC: [8] Undefined index: validate F:\wamp\www\task_system\ThinkPHP\Library\Think\Model.class.php 第 1185 行.
NOTIC: [8] Undefined index: auto F:\wamp\www\task_system\ThinkPHP\Library\Think\Model.class.php 第 1128 行.
INFO: [ app_end ] --START--
INFO: Run Behavior\ShowPageTraceBehavior [ RunTime:0.000935s ]
INFO: [ app_end ] --END-- [ RunTime:0.001087s ]

[ 2016-04-10T10:23:09+08:00 ] ::1 /task_system/index.php/Home/Task/edit_task.html
INFO: [ app_begin ] --START--
INFO: Run Behavior\ReadHtmlCacheBehavior [ RunTime:0.000571s ]
INFO: [ app_begin ] --END-- [ RunTime:0.001078s ]
SQL: SHOW COLUMNS FROM `think_task` [ RunTime:0.0136s ]
NOTIC: [8] Undefined index: validate F:\wamp\www\task_system\ThinkPHP\Library\Think\Model.class.php 第 1185 行.
NOTIC: [8] Undefined index: auto F:\wamp\www\task_system\ThinkPHP\Library\Think\Model.class.php 第 1128 行.
INFO: [ app_end ] --START--
INFO: Run Behavior\ShowPageTraceBehavior [ RunTime:0.000719s ]
INFO: [ app_end ] --END-- [ RunTime:0.000854s ]

[ 2016-04-10T10:26:36+08:00 ] ::1 /task_system/index.php/Home/Task/edit_task.html
INFO: [ app_begin ] --START--
INFO: Run Behavior\ReadHtmlCacheBehavior [ RunTime:0.001160s ]
INFO: [ app_begin ] --END-- [ RunTime:0.001841s ]
SQL: SHOW COLUMNS FROM `think_task` [ RunTime:0.0129s ]
NOTIC: [8] Undefined index: validate F:\wamp\www\task_system\ThinkPHP\Library\Think\Model.class.php 第 1185 行.
NOTIC: [8] Undefined index: auto F:\wamp\www\task_system\ThinkPHP\Library\Think\Model.class.php 第 1128 行.
INFO: [ app_end ] --START--
INFO: Run Behavior\ShowPageTraceBehavior [ RunTime:0.001156s ]
INFO: [ app_end ] --END-- [ RunTime:0.001293s ]

[ 2016-04-10T10:27:52+08:00 ] ::1 /task_system/index.php/Home/Task/edit_task.html
INFO: [ app_begin ] --START--
INFO: Run Behavior\ReadHtmlCacheBehavior [ RunTime:0.001715s ]
INFO: [ app_begin ] --END-- [ RunTime:0.002927s ]
SQL: SHOW COLUMNS FROM `think_task` [ RunTime:0.0132s ]
NOTIC: [8] Undefined index: validate F:\wamp\www\task_system\ThinkPHP\Library\Think\Model.class.php 第 1185 行.
NOTIC: [8] Undefined index: auto F:\wamp\www\task_system\ThinkPHP\Library\Think\Model.class.php 第 1128 行.
INFO: [ app_end ] --START--
INFO: Run Behavior\ShowPageTraceBehavior [ RunTime:0.001190s ]
INFO: [ app_end ] --END-- [ RunTime:0.001328s ]

[ 2016-04-10T10:28:26+08:00 ] ::1 /task_system/index.php/Home/Task/edit_task.html
INFO: [ app_begin ] --START--
INFO: Run Behavior\ReadHtmlCacheBehavior [ RunTime:0.000581s ]
INFO: [ app_begin ] --END-- [ RunTime:0.001220s ]
SQL: SHOW COLUMNS FROM `think_task` [ RunTime:0.0161s ]
NOTIC: [8] Undefined index: validate F:\wamp\www\task_system\ThinkPHP\Library\Think\Model.class.php 第 1185 行.
NOTIC: [8] Undefined index: auto F:\wamp\www\task_system\ThinkPHP\Library\Think\Model.class.php 第 1128 行.
INFO: [ app_end ] --START--
INFO: Run Behavior\ShowPageTraceBehavior [ RunTime:0.001527s ]
INFO: [ app_end ] --END-- [ RunTime:0.001740s ]

[ 2016-04-10T10:29:08+08:00 ] ::1 /task_system/index.php/Home/Task/edit_task.html
INFO: [ app_begin ] --START--
INFO: Run Behavior\ReadHtmlCacheBehavior [ RunTime:0.000667s ]
INFO: [ app_begin ] --END-- [ RunTime:0.001427s ]
SQL: SHOW COLUMNS FROM `think_task` [ RunTime:0.0155s ]
NOTIC: [8] Undefined index: validate F:\wamp\www\task_system\ThinkPHP\Library\Think\Model.class.php 第 1185 行.
NOTIC: [8] Undefined index: auto F:\wamp\www\task_system\ThinkPHP\Library\Think\Model.class.php 第 1128 行.
INFO: [ app_end ] --START--
INFO: Run Behavior\ShowPageTraceBehavior [ RunTime:0.001764s ]
INFO: [ app_end ] --END-- [ RunTime:0.002022s ]

[ 2016-04-10T10:29:48+08:00 ] ::1 /task_system/index.php/Home/Task/edit_task.html
INFO: [ app_begin ] --START--
INFO: Run Behavior\ReadHtmlCacheBehavior [ RunTime:0.001276s ]
INFO: [ app_begin ] --END-- [ RunTime:0.002675s ]
SQL: SHOW COLUMNS FROM `think_task` [ RunTime:0.0160s ]
NOTIC: [8] Undefined index: validate F:\wamp\www\task_system\ThinkPHP\Library\Think\Model.class.php 第 1185 行.
NOTIC: [8] Undefined index: auto F:\wamp\www\task_system\ThinkPHP\Library\Think\Model.class.php 第 1128 行.
INFO: [ app_end ] --START--
INFO: Run Behavior\ShowPageTraceBehavior [ RunTime:0.001172s ]
INFO: [ app_end ] --END-- [ RunTime:0.001375s ]

[ 2016-04-10T10:30:29+08:00 ] ::1 /task_system/index.php/Home/Task/edit_task.html
INFO: [ app_begin ] --START--
INFO: Run Behavior\ReadHtmlCacheBehavior [ RunTime:0.002246s ]
INFO: [ app_begin ] --END-- [ RunTime:0.003698s ]
SQL: SHOW COLUMNS FROM `think_task` [ RunTime:0.0146s ]
NOTIC: [8] Undefined index: validate F:\wamp\www\task_system\ThinkPHP\Library\Think\Model.class.php 第 1185 行.
NOTIC: [8] Undefined index: auto F:\wamp\www\task_system\ThinkPHP\Library\Think\Model.class.php 第 1128 行.
INFO: [ app_end ] --START--
INFO: Run Behavior\ShowPageTraceBehavior [ RunTime:0.001143s ]
INFO: [ app_end ] --END-- [ RunTime:0.001279s ]

[ 2016-04-10T10:33:58+08:00 ] ::1 /task_system/index.php/Home/Task/edit_task.html
INFO: [ app_begin ] --START--
INFO: Run Behavior\ReadHtmlCacheBehavior [ RunTime:0.001064s ]
INFO: [ app_begin ] --END-- [ RunTime:0.001776s ]
SQL: SHOW COLUMNS FROM `think_task` [ RunTime:0.0144s ]
NOTIC: [8] Undefined index: validate F:\wamp\www\task_system\ThinkPHP\Library\Think\Model.class.php 第 1185 行.
NOTIC: [8] Undefined index: auto F:\wamp\www\task_system\ThinkPHP\Library\Think\Model.class.php 第 1128 行.
INFO: [ app_end ] --START--
INFO: Run Behavior\ShowPageTraceBehavior [ RunTime:0.001195s ]
INFO: [ app_end ] --END-- [ RunTime:0.001333s ]

[ 2016-04-10T10:34:27+08:00 ] ::1 /task_system/index.php/Home/Task/edit_task.html
INFO: [ app_begin ] --START--
INFO: Run Behavior\ReadHtmlCacheBehavior [ RunTime:0.000641s ]
INFO: [ app_begin ] --END-- [ RunTime:0.001173s ]
SQL: SHOW COLUMNS FROM `think_task` [ RunTime:0.0131s ]
NOTIC: [8] Undefined index: validate F:\wamp\www\task_system\ThinkPHP\Library\Think\Model.class.php 第 1185 行.
NOTIC: [8] Undefined index: auto F:\wamp\www\task_system\ThinkPHP\Library\Think\Model.class.php 第 1128 行.
INFO: [ app_end ] --START--
INFO: Run Behavior\ShowPageTraceBehavior [ RunTime:0.001252s ]
INFO: [ app_end ] --END-- [ RunTime:0.001394s ]

[ 2016-04-10T10:35:33+08:00 ] ::1 /task_system/index.php/Home/Task/edit_task.html
INFO: [ app_begin ] --START--
INFO: Run Behavior\ReadHtmlCacheBehavior [ RunTime:0.001501s ]
INFO: [ app_begin ] --END-- [ RunTime:0.002866s ]
SQL: SHOW COLUMNS FROM `think_task` [ RunTime:0.0135s ]
NOTIC: [8] Undefined index: validate F:\wamp\www\task_system\ThinkPHP\Library\Think\Model.class.php 第 1185 行.
NOTIC: [8] Undefined index: auto F:\wamp\www\task_system\ThinkPHP\Library\Think\Model.class.php 第 1128 行.
INFO: [ app_end ] --START--
INFO: Run Behavior\ShowPageTraceBehavior [ RunTime:0.001251s ]
INFO: [ app_end ] --END-- [ RunTime:0.001398s ]

[ 2016-04-10T10:37:10+08:00 ] ::1 /task_system/index.php/Home/Task/edit_task.html
INFO: [ app_begin ] --START--
INFO: Run Behavior\ReadHtmlCacheBehavior [ RunTime:0.001276s ]
INFO: [ app_begin ] --END-- [ RunTime:0.002310s ]
SQL: SHOW COLUMNS FROM `think_task` [ RunTime:0.0142s ]
NOTIC: [8] Undefined index: validate F:\wamp\www\task_system\ThinkPHP\Library\Think\Model.class.php 第 1185 行.
NOTIC: [8] Undefined index: auto F:\wamp\www\task_system\ThinkPHP\Library\Think\Model.class.php 第 1128 行.
INFO: [ app_end ] --START--
INFO: Run Behavior\ShowPageTraceBehavior [ RunTime:0.001154s ]
INFO: [ app_end ] --END-- [ RunTime:0.001290s ]

[ 2016-04-10T10:37:50+08:00 ] ::1 /task_system/index.php/Home/Task/edit_task.html
INFO: [ app_begin ] --START--
INFO: Run Behavior\ReadHtmlCacheBehavior [ RunTime:0.000570s ]
INFO: [ app_begin ] --END-- [ RunTime:0.001202s ]
SQL: SHOW COLUMNS FROM `think_task` [ RunTime:0.0112s ]
NOTIC: [8] Undefined index: validate F:\wamp\www\task_system\ThinkPHP\Library\Think\Model.class.php 第 1185 行.
NOTIC: [8] Undefined index: auto F:\wamp\www\task_system\ThinkPHP\Library\Think\Model.class.php 第 1128 行.
INFO: [ app_end ] --START--
INFO: Run Behavior\ShowPageTraceBehavior [ RunTime:0.001266s ]
INFO: [ app_end ] --END-- [ RunTime:0.001508s ]

[ 2016-04-10T10:38:39+08:00 ] ::1 /task_system/index.php/Home/Task/edit_task.html
INFO: [ app_begin ] --START--
INFO: Run Behavior\ReadHtmlCacheBehavior [ RunTime:0.000598s ]
INFO: [ app_begin ] --END-- [ RunTime:0.001237s ]
SQL: SHOW COLUMNS FROM `think_task` [ RunTime:0.0151s ]
NOTIC: [8] Undefined index: validate F:\wamp\www\task_system\ThinkPHP\Library\Think\Model.class.php 第 1185 行.
NOTIC: [8] Undefined index: auto F:\wamp\www\task_system\ThinkPHP\Library\Think\Model.class.php 第 1128 行.
INFO: [ app_end ] --START--
INFO: Run Behavior\ShowPageTraceBehavior [ RunTime:0.001255s ]
INFO: [ app_end ] --END-- [ RunTime:0.001398s ]

[ 2016-04-10T10:39:25+08:00 ] ::1 /task_system/index.php/Home/Task/edit_task.html
INFO: [ app_begin ] --START--
INFO: Run Behavior\ReadHtmlCacheBehavior [ RunTime:0.000864s ]
INFO: [ app_begin ] --END-- [ RunTime:0.001637s ]
SQL: SHOW COLUMNS FROM `think_task` [ RunTime:0.0166s ]
NOTIC: [8] Undefined index: validate F:\wamp\www\task_system\ThinkPHP\Library\Think\Model.class.php 第 1185 行.
NOTIC: [8] Undefined index: auto F:\wamp\www\task_system\ThinkPHP\Library\Think\Model.class.php 第 1128 行.
INFO: [ app_end ] --START--
INFO: Run Behavior\ShowPageTraceBehavior [ RunTime:0.001162s ]
INFO: [ app_end ] --END-- [ RunTime:0.001299s ]

[ 2016-04-10T10:39:46+08:00 ] ::1 /task_system/index.php/Home/Task/edit_task.html
INFO: [ app_begin ] --START--
INFO: Run Behavior\ReadHtmlCacheBehavior [ RunTime:0.000731s ]
INFO: [ app_begin ] --END-- [ RunTime:0.001480s ]
SQL: SHOW COLUMNS FROM `think_task` [ RunTime:0.0292s ]
NOTIC: [8] Undefined index: validate F:\wamp\www\task_system\ThinkPHP\Library\Think\Model.class.php 第 1185 行.
NOTIC: [8] Undefined index: auto F:\wamp\www\task_system\ThinkPHP\Library\Think\Model.class.php 第 1128 行.

[ 2016-04-10T10:41:49+08:00 ] ::1 /task_system/index.php/Home/Task/edit_task.html
INFO: [ app_begin ] --START--
INFO: Run Behavior\ReadHtmlCacheBehavior [ RunTime:0.001037s ]
INFO: [ app_begin ] --END-- [ RunTime:0.001841s ]
SQL: SHOW COLUMNS FROM `think_task` [ RunTime:0.0132s ]
NOTIC: [8] Undefined index: validate F:\wamp\www\task_system\ThinkPHP\Library\Think\Model.class.php 第 1185 行.
NOTIC: [8] Undefined index: auto F:\wamp\www\task_system\ThinkPHP\Library\Think\Model.class.php 第 1128 行.

[ 2016-04-10T10:42:20+08:00 ] ::1 /task_system/index.php/Home/Task/edit_task.html
INFO: [ app_begin ] --START--
INFO: Run Behavior\ReadHtmlCacheBehavior [ RunTime:0.000572s ]
INFO: [ app_begin ] --END-- [ RunTime:0.001088s ]
SQL: SHOW COLUMNS FROM `think_task` [ RunTime:0.0156s ]
NOTIC: [8] Undefined index: validate F:\wamp\www\task_system\ThinkPHP\Library\Think\Model.class.php 第 1185 行.
NOTIC: [8] Undefined index: auto F:\wamp\www\task_system\ThinkPHP\Library\Think\Model.class.php 第 1128 行.

[ 2016-04-10T10:44:02+08:00 ] ::1 /task_system/index.php/Home/Task/edit_task.html
INFO: [ app_begin ] --START--
INFO: Run Behavior\ReadHtmlCacheBehavior [ RunTime:0.000939s ]
INFO: [ app_begin ] --END-- [ RunTime:0.001629s ]
SQL: SHOW COLUMNS FROM `think_task` [ RunTime:0.0151s ]
NOTIC: [8] Undefined index: validate F:\wamp\www\task_system\ThinkPHP\Library\Think\Model.class.php 第 1185 行.
NOTIC: [8] Undefined index: auto F:\wamp\www\task_system\ThinkPHP\Library\Think\Model.class.php 第 1128 行.

[ 2016-04-10T10:44:20+08:00 ] ::1 /task_system/index.php/Home/Task/edit_task.html
INFO: [ app_begin ] --START--
INFO: Run Behavior\ReadHtmlCacheBehavior [ RunTime:0.000577s ]
INFO: [ app_begin ] --END-- [ RunTime:0.001347s ]
SQL: SHOW COLUMNS FROM `think_task` [ RunTime:0.0157s ]
NOTIC: [8] Undefined index: validate F:\wamp\www\task_system\ThinkPHP\Library\Think\Model.class.php 第 1185 行.
NOTIC: [8] Undefined index: auto F:\wamp\www\task_system\ThinkPHP\Library\Think\Model.class.php 第 1128 行.
SQL: UPDATE `think_task` SET `task_content`='测试_紧急aaaaaaaaaaaaaaaaaaa',`do_user`='奇怪的机器人',`grade`='3',`deadline`='2016-04-30',`project_id`='5' WHERE `id` = 15 [ RunTime:0.0030s ]

[ 2016-04-10T10:45:40+08:00 ] ::1 /task_system/index.php/Home/Task/edit_task.html
INFO: [ app_begin ] --START--
INFO: Run Behavior\ReadHtmlCacheBehavior [ RunTime:0.001870s ]
INFO: [ app_begin ] --END-- [ RunTime:0.002879s ]
SQL: SHOW COLUMNS FROM `think_task` [ RunTime:0.0130s ]
NOTIC: [8] Undefined index: validate F:\wamp\www\task_system\ThinkPHP\Library\Think\Model.class.php 第 1185 行.
NOTIC: [8] Undefined index: auto F:\wamp\www\task_system\ThinkPHP\Library\Think\Model.class.php 第 1128 行.
SQL: UPDATE `think_task` SET `task_content`='测试_紧急abbbbbbbbbb',`do_user`='奇怪的机器人',`grade`='一般',`deadline`='2016-04-29',`project_id`='5' WHERE `id` = 15 [ RunTime:0.0005s ]

[ 2016-04-10T10:46:56+08:00 ] ::1 /task_system/index.php/Home/Task/edit_task.html
INFO: [ app_begin ] --START--
INFO: Run Behavior\ReadHtmlCacheBehavior [ RunTime:0.001051s ]
INFO: [ app_begin ] --END-- [ RunTime:0.001699s ]
SQL: SHOW COLUMNS FROM `think_task` [ RunTime:0.0152s ]
NOTIC: [8] Undefined index: validate F:\wamp\www\task_system\ThinkPHP\Library\Think\Model.class.php 第 1185 行.
NOTIC: [8] Undefined index: auto F:\wamp\www\task_system\ThinkPHP\Library\Think\Model.class.php 第 1128 行.
SQL: UPDATE `think_task` SET `task_content`='aaaaaaa',`do_user`='奇怪的机器人',`grade`='正常',`deadline`='2016-04-30',`project_id`='5' WHERE `id` = 15 [ RunTime:0.0005s ]

[ 2016-04-10T10:52:01+08:00 ] ::1 /task_system/index.php/Home/Task/edit_task.html
INFO: [ app_begin ] --START--
INFO: Run Behavior\ReadHtmlCacheBehavior [ RunTime:0.001161s ]
INFO: [ app_begin ] --END-- [ RunTime:0.001878s ]
SQL: SHOW COLUMNS FROM `think_task` [ RunTime:0.0139s ]
NOTIC: [8] Undefined index: validate F:\wamp\www\task_system\ThinkPHP\Library\Think\Model.class.php 第 1185 行.
NOTIC: [8] Undefined index: auto F:\wamp\www\task_system\ThinkPHP\Library\Think\Model.class.php 第 1128 行.
SQL: UPDATE `think_task` SET `task_content`='测试_一般啦啦啦啦啦啦啦啦啦',`do_user`='task',`grade`='一般',`deadline`='2016-04-28',`project_id`='5' WHERE `id` = 16 [ RunTime:0.0008s ]

[ 2016-04-10T10:52:17+08:00 ] ::1 /task_system/index.php/Home/Task/edit_task.html
INFO: [ app_begin ] --START--
INFO: Run Behavior\ReadHtmlCacheBehavior [ RunTime:0.001068s ]
INFO: [ app_begin ] --END-- [ RunTime:0.001740s ]
SQL: SHOW COLUMNS FROM `think_task` [ RunTime:0.0142s ]
NOTIC: [8] Undefined index: validate F:\wamp\www\task_system\ThinkPHP\Library\Think\Model.class.php 第 1185 行.
NOTIC: [8] Undefined index: auto F:\wamp\www\task_system\ThinkPHP\Library\Think\Model.class.php 第 1128 行.
SQL: UPDATE `think_task` SET `task_content`='测试_一般啦啦啦啦啦啦啦啦啦',`do_user`='task',`grade`='紧急',`deadline`='2016-04-04',`project_id`='5' WHERE `id` = 16 [ RunTime:0.0007s ]

[ 2016-04-10T10:53:31+08:00 ] ::1 /task_system/index.php/Home/Pal/search.html
INFO: [ app_begin ] --START--
INFO: Run Behavior\ReadHtmlCacheBehavior [ RunTime:0.001494s ]
INFO: [ app_begin ] --END-- [ RunTime:0.002141s ]
SQL: SHOW COLUMNS FROM `think_pal` [ RunTime:0.0134s ]
SQL: SELECT `attention_user` FROM `think_pal` WHERE ( login_user = '1' )  [ RunTime:0.0003s ]
SQL: SHOW COLUMNS FROM `think_user` [ RunTime:0.0087s ]
SQL: SELECT `user_name` FROM `think_user` WHERE ( id in (2,3,4) )  [ RunTime:0.0003s ]
SQL: SHOW COLUMNS FROM `think_user_center` [ RunTime:0.0128s ]
SQL: SELECT `user_name`,`sex`,`email`,`qq`,`motto`,`user_tag`,`user_img` FROM `think_user_center` WHERE ( user_name = 'You_goods' ) LIMIT 1   [ RunTime:0.0004s ]
SQL: SHOW COLUMNS FROM `think_user` [ RunTime:0.0068s ]
SQL: SELECT `id` FROM `think_user` WHERE ( user_name = 'You_goods' ) LIMIT 1   [ RunTime:0.0004s ]
NOTIC: [8] Use of undefined constant json - assumed 'json' F:\wamp\www\task_system\Application\Home\Controller\PalController.class.php 第 62 行.

[ 2016-04-10T10:53:33+08:00 ] ::1 /task_system/index.php/Home/Pal/attention.html
INFO: [ app_begin ] --START--
INFO: Run Behavior\ReadHtmlCacheBehavior [ RunTime:0.001343s ]
INFO: [ app_begin ] --END-- [ RunTime:0.001965s ]
SQL: SHOW COLUMNS FROM `think_pal` [ RunTime:0.0129s ]
SQL: SELECT `user_name`,`id` FROM `think_user` WHERE `id` = '3' LIMIT 1   [ RunTime:0.0004s ]
SQL: SELECT * FROM `think_pal` WHERE ( login_user = 1 and attention_user = 3 )  [ RunTime:0.0003s ]

[ 2016-04-10T10:56:50+08:00 ] ::1 /task_system/index.php/Home/Pal/search.html
INFO: [ app_begin ] --START--
INFO: Run Behavior\ReadHtmlCacheBehavior [ RunTime:0.001128s ]
INFO: [ app_begin ] --END-- [ RunTime:0.001793s ]
SQL: SHOW COLUMNS FROM `think_pal` [ RunTime:0.0149s ]
SQL: SELECT `attention_user` FROM `think_pal` WHERE ( login_user = '1' )  [ RunTime:0.0003s ]
SQL: SHOW COLUMNS FROM `think_user` [ RunTime:0.0113s ]
SQL: SELECT `user_name` FROM `think_user` WHERE ( id in (2,3,4) )  [ RunTime:0.0004s ]
SQL: SHOW COLUMNS FROM `think_user_center` [ RunTime:0.0115s ]
SQL: SELECT `user_name`,`sex`,`email`,`qq`,`motto`,`user_tag`,`user_img` FROM `think_user_center` WHERE ( user_name = '奇怪的机器人' ) LIMIT 1   [ RunTime:0.0004s ]
SQL: SHOW COLUMNS FROM `think_user` [ RunTime:0.0093s ]
SQL: SELECT `id` FROM `think_user` WHERE ( user_name = '奇怪的机器人' ) LIMIT 1   [ RunTime:0.0003s ]
NOTIC: [8] Use of undefined constant json - assumed 'json' F:\wamp\www\task_system\Application\Home\Controller\PalController.class.php 第 62 行.

[ 2016-04-10T10:56:55+08:00 ] ::1 /task_system/index.php/Home/Pal/search.html
INFO: [ app_begin ] --START--
INFO: Run Behavior\ReadHtmlCacheBehavior [ RunTime:0.001035s ]
INFO: [ app_begin ] --END-- [ RunTime:0.001695s ]
SQL: SHOW COLUMNS FROM `think_pal` [ RunTime:0.0191s ]
SQL: SELECT `attention_user` FROM `think_pal` WHERE ( login_user = '1' )  [ RunTime:0.0003s ]
SQL: SHOW COLUMNS FROM `think_user` [ RunTime:0.0107s ]
SQL: SELECT `user_name` FROM `think_user` WHERE ( id in (2,3,4) )  [ RunTime:0.0003s ]
SQL: SHOW COLUMNS FROM `think_user_center` [ RunTime:0.0120s ]
SQL: SELECT `user_name`,`sex`,`email`,`qq`,`motto`,`user_tag`,`user_img` FROM `think_user_center` WHERE ( user_name = 'admin' ) LIMIT 1   [ RunTime:0.0003s ]
SQL: SHOW COLUMNS FROM `think_user` [ RunTime:0.0067s ]
SQL: SELECT `id` FROM `think_user` WHERE ( user_name = 'admin' ) LIMIT 1   [ RunTime:0.0003s ]
NOTIC: [8] Use of undefined constant json - assumed 'json' F:\wamp\www\task_system\Application\Home\Controller\PalController.class.php 第 62 行.

[ 2016-04-10T11:00:47+08:00 ] ::1 /task_system/index.php/Home/Pal/user_img.html
INFO: [ app_begin ] --START--
INFO: Run Behavior\ReadHtmlCacheBehavior [ RunTime:0.000915s ]
INFO: [ app_begin ] --END-- [ RunTime:0.001605s ]
SQL: SHOW COLUMNS FROM `think_user_center` [ RunTime:0.0117s ]
SQL: UPDATE `think_user_center` SET `user_img`='/task_system/Public//images/touxiang/touxiang4.png' WHERE ( user_name = 'admin' ) [ RunTime:0.0003s ]

[ 2016-04-10T11:00:58+08:00 ] ::1 /task_system/index.php/Home/Pal/user_img.html
INFO: [ app_begin ] --START--
INFO: Run Behavior\ReadHtmlCacheBehavior [ RunTime:0.000575s ]
INFO: [ app_begin ] --END-- [ RunTime:0.001111s ]
SQL: SHOW COLUMNS FROM `think_user_center` [ RunTime:0.0131s ]
SQL: UPDATE `think_user_center` SET `user_img`='/task_system/Public//images/touxiang/touxiang5.png' WHERE ( user_name = 'admin' ) [ RunTime:0.0005s ]

[ 2016-04-10T11:01:00+08:00 ] ::1 /task_system/index.php/Home/Pal/user_img.html
INFO: [ app_begin ] --START--
INFO: Run Behavior\ReadHtmlCacheBehavior [ RunTime:0.000570s ]
INFO: [ app_begin ] --END-- [ RunTime:0.001076s ]
SQL: SHOW COLUMNS FROM `think_user_center` [ RunTime:0.0129s ]
SQL: UPDATE `think_user_center` SET `user_img`='/task_system/Public//images/touxiang/touxiang4.png' WHERE ( user_name = 'admin' ) [ RunTime:0.0004s ]

[ 2016-04-10T11:01:14+08:00 ] ::1 /task_system/index.php/Home/Pal/user_tag.html
INFO: [ app_begin ] --START--
INFO: Run Behavior\ReadHtmlCacheBehavior [ RunTime:0.000634s ]
INFO: [ app_begin ] --END-- [ RunTime:0.001201s ]
SQL: SHOW COLUMNS FROM `think_user_center` [ RunTime:0.0164s ]
SQL: SELECT `user_tag` FROM `think_user_center` WHERE ( user_name = 'admin' ) LIMIT 1   [ RunTime:0.0004s ]

