[ 2016-03-31T09:37:58+08:00 ] ::1 /task_system/index.php/Home/Index/user.html
INFO: [ app_begin ] --START--
INFO: Run Behavior\ReadHtmlCacheBehavior [ RunTime:0.000708s ]
INFO: [ app_begin ] --END-- [ RunTime:0.001670s ]
NOTIC: [8] Undefined index: register F:\HTML\task_system\Application\Home\Controller\IndexController.class.php 第 15 行.
SQL: SELECT `id`,`user_name`,`user_password` FROM `think_user` WHERE ( user_name = 'admin' ) LIMIT 1   [ RunTime:0.1277s ]

[ 2016-03-31T09:38:11+08:00 ] ::1 /task_system/index.php/Home/Pal/search.html
INFO: [ app_begin ] --START--
INFO: Run Behavior\ReadHtmlCacheBehavior [ RunTime:0.001252s ]
INFO: [ app_begin ] --END-- [ RunTime:0.002315s ]
SQL: SHOW COLUMNS FROM `think_pal` [ RunTime:0.0108s ]
SQL: SELECT `attention_user` FROM `think_pal` WHERE ( login_user = '1' )  [ RunTime:0.0004s ]
SQL: SHOW COLUMNS FROM `think_user` [ RunTime:0.0094s ]
SQL: SELECT `user_name` FROM `think_user` WHERE ( id in (2,3,4) )  [ RunTime:0.0005s ]
SQL: SHOW COLUMNS FROM `think_user_center` [ RunTime:0.0074s ]
SQL: SELECT `user_name`,`sex`,`email`,`qq`,`motto`,`user_tag`,`user_img` FROM `think_user_center` WHERE ( user_name = 'admin' ) LIMIT 1   [ RunTime:0.0004s ]
SQL: SHOW COLUMNS FROM `think_user` [ RunTime:0.0070s ]
SQL: SELECT `id` FROM `think_user` WHERE ( user_name = 'admin' ) LIMIT 1   [ RunTime:0.0003s ]
NOTIC: [8] Use of undefined constant json - assumed 'json' F:\HTML\task_system\Application\Home\Controller\PalController.class.php 第 34 行.

[ 2016-03-31T09:42:10+08:00 ] ::1 /task_system/index.php/Home/Pal/search.html
INFO: [ app_begin ] --START--
INFO: Run Behavior\ReadHtmlCacheBehavior [ RunTime:0.001235s ]
INFO: [ app_begin ] --END-- [ RunTime:0.002068s ]
SQL: SHOW COLUMNS FROM `think_pal` [ RunTime:0.0079s ]
SQL: SELECT `attention_user` FROM `think_pal` WHERE ( login_user = '1' )  [ RunTime:0.0005s ]
SQL: SHOW COLUMNS FROM `think_user` [ RunTime:0.0103s ]
SQL: SELECT `user_name` FROM `think_user` WHERE ( id in (2,3,4) )  [ RunTime:0.0004s ]
SQL: SHOW COLUMNS FROM `think_user_center` [ RunTime:0.0114s ]
SQL: SELECT `user_name`,`sex`,`email`,`qq`,`motto`,`user_tag`,`user_img` FROM `think_user_center` WHERE ( user_name = 'admin' ) LIMIT 1   [ RunTime:0.0004s ]
SQL: SHOW COLUMNS FROM `think_user` [ RunTime:0.0078s ]
SQL: SELECT `id` FROM `think_user` WHERE ( user_name = 'admin' ) LIMIT 1   [ RunTime:0.0004s ]
NOTIC: [8] Use of undefined constant json - assumed 'json' F:\HTML\task_system\Application\Home\Controller\PalController.class.php 第 34 行.

[ 2016-03-31T09:42:23+08:00 ] ::1 /task_system/index.php/Home/Pal/search.html
INFO: [ app_begin ] --START--
INFO: Run Behavior\ReadHtmlCacheBehavior [ RunTime:0.000702s ]
INFO: [ app_begin ] --END-- [ RunTime:0.001330s ]
SQL: SHOW COLUMNS FROM `think_pal` [ RunTime:0.0069s ]
SQL: SELECT `attention_user` FROM `think_pal` WHERE ( login_user = '1' )  [ RunTime:0.0004s ]
SQL: SHOW COLUMNS FROM `think_user` [ RunTime:0.0070s ]
SQL: SELECT `user_name` FROM `think_user` WHERE ( id in (2,3,4) )  [ RunTime:0.0004s ]
SQL: SHOW COLUMNS FROM `think_user_center` [ RunTime:0.0071s ]
SQL: SELECT `user_name`,`sex`,`email`,`qq`,`motto`,`user_tag`,`user_img` FROM `think_user_center` WHERE ( user_name = 'You_goods' ) LIMIT 1   [ RunTime:0.0004s ]
SQL: SHOW COLUMNS FROM `think_user` [ RunTime:0.0068s ]
SQL: SELECT `id` FROM `think_user` WHERE ( user_name = 'You_goods' ) LIMIT 1   [ RunTime:0.0004s ]
NOTIC: [8] Use of undefined constant json - assumed 'json' F:\HTML\task_system\Application\Home\Controller\PalController.class.php 第 34 行.

[ 2016-03-31T11:08:32+08:00 ] ::1 /task_system/index.php/Home/Pal/search.html
INFO: [ app_begin ] --START--
INFO: Run Behavior\ReadHtmlCacheBehavior [ RunTime:0.001597s ]
INFO: [ app_begin ] --END-- [ RunTime:0.002929s ]
SQL: SHOW COLUMNS FROM `think_pal` [ RunTime:0.0091s ]
SQL: SELECT `attention_user` FROM `think_pal` WHERE ( login_user = '1' )  [ RunTime:0.0004s ]
SQL: SHOW COLUMNS FROM `think_user` [ RunTime:0.0074s ]
SQL: SELECT `user_name` FROM `think_user` WHERE ( id in (2,3,4) )  [ RunTime:0.0004s ]
SQL: SHOW COLUMNS FROM `think_user_center` [ RunTime:0.0078s ]
SQL: SELECT `user_name`,`sex`,`email`,`qq`,`motto`,`user_tag`,`user_img` FROM `think_user_center` WHERE ( user_name = 'admin' ) LIMIT 1   [ RunTime:0.0009s ]
SQL: SHOW COLUMNS FROM `think_user` [ RunTime:0.0080s ]
SQL: SELECT `id` FROM `think_user` WHERE ( user_name = 'admin' ) LIMIT 1   [ RunTime:0.0004s ]
NOTIC: [8] Use of undefined constant json - assumed 'json' F:\HTML\task_system\Application\Home\Controller\PalController.class.php 第 53 行.

[ 2016-03-31T11:08:34+08:00 ] ::1 /task_system/index.php/Home/Pal/attention.html
INFO: [ app_begin ] --START--
INFO: Run Behavior\ReadHtmlCacheBehavior [ RunTime:0.000957s ]
INFO: [ app_begin ] --END-- [ RunTime:0.001615s ]
SQL: SHOW COLUMNS FROM `think_pal` [ RunTime:0.0079s ]
SQL: SELECT `user_name`,`id` FROM `think_user` WHERE `id` = '1' LIMIT 1   [ RunTime:0.0874s ]

[ 2016-03-31T11:08:43+08:00 ] ::1 /task_system/index.php/Home/Pal/search.html
INFO: [ app_begin ] --START--
INFO: Run Behavior\ReadHtmlCacheBehavior [ RunTime:0.000668s ]
INFO: [ app_begin ] --END-- [ RunTime:0.001334s ]
SQL: SHOW COLUMNS FROM `think_pal` [ RunTime:0.0113s ]
SQL: SELECT `attention_user` FROM `think_pal` WHERE ( login_user = '1' )  [ RunTime:0.0004s ]
SQL: SHOW COLUMNS FROM `think_user` [ RunTime:0.0100s ]
SQL: SELECT `user_name` FROM `think_user` WHERE ( id in (2,3,4) )  [ RunTime:0.0005s ]
SQL: SHOW COLUMNS FROM `think_user_center` [ RunTime:0.0081s ]
SQL: SELECT `user_name`,`sex`,`email`,`qq`,`motto`,`user_tag`,`user_img` FROM `think_user_center` WHERE ( user_name = 'task' ) LIMIT 1   [ RunTime:0.0004s ]
SQL: SHOW COLUMNS FROM `think_user` [ RunTime:0.0072s ]
SQL: SELECT `id` FROM `think_user` WHERE ( user_name = 'task' ) LIMIT 1   [ RunTime:0.0005s ]
NOTIC: [8] Use of undefined constant json - assumed 'json' F:\HTML\task_system\Application\Home\Controller\PalController.class.php 第 53 行.

[ 2016-03-31T11:08:45+08:00 ] ::1 /task_system/index.php/Home/Pal/attention.html
INFO: [ app_begin ] --START--
INFO: Run Behavior\ReadHtmlCacheBehavior [ RunTime:0.000759s ]
INFO: [ app_begin ] --END-- [ RunTime:0.001544s ]
SQL: SHOW COLUMNS FROM `think_pal` [ RunTime:0.0077s ]
SQL: SELECT `user_name`,`id` FROM `think_user` WHERE `id` = '4' LIMIT 1   [ RunTime:0.0005s ]
SQL: SELECT * FROM `think_pal` WHERE ( login_user = 1 and attention_user = 4 )  [ RunTime:0.0711s ]

[ 2016-03-31T11:18:10+08:00 ] ::1 /task_system/index.php/Home/Pal/search.html
INFO: [ app_begin ] --START--
INFO: Run Behavior\ReadHtmlCacheBehavior [ RunTime:0.001180s ]
INFO: [ app_begin ] --END-- [ RunTime:0.002009s ]
SQL: SHOW COLUMNS FROM `think_pal` [ RunTime:0.0074s ]
SQL: SELECT `attention_user` FROM `think_pal` WHERE ( login_user = '1' )  [ RunTime:0.0004s ]
SQL: SHOW COLUMNS FROM `think_user` [ RunTime:0.0089s ]
SQL: SELECT `user_name` FROM `think_user` WHERE ( id in (2) )  [ RunTime:0.0003s ]
SQL: SHOW COLUMNS FROM `think_user_center` [ RunTime:0.0085s ]
SQL: SELECT `user_name`,`sex`,`email`,`qq`,`motto`,`user_tag`,`user_img` FROM `think_user_center` WHERE ( user_name = 'tak' ) LIMIT 1   [ RunTime:0.0005s ]
SQL: SHOW COLUMNS FROM `think_user` [ RunTime:0.0084s ]
SQL: SELECT `id` FROM `think_user` WHERE ( user_name = 'tak' ) LIMIT 1   [ RunTime:0.0006s ]
INFO: [ app_end ] --START--
INFO: Run Behavior\ShowPageTraceBehavior [ RunTime:0.001824s ]
INFO: [ app_end ] --END-- [ RunTime:0.002054s ]

[ 2016-03-31T11:18:22+08:00 ] ::1 /task_system/index.php/Home/Pal/search.html
INFO: [ app_begin ] --START--
INFO: Run Behavior\ReadHtmlCacheBehavior [ RunTime:0.001013s ]
INFO: [ app_begin ] --END-- [ RunTime:0.001993s ]
SQL: SHOW COLUMNS FROM `think_pal` [ RunTime:0.0086s ]
SQL: SELECT `attention_user` FROM `think_pal` WHERE ( login_user = '1' )  [ RunTime:0.0006s ]
SQL: SHOW COLUMNS FROM `think_user` [ RunTime:0.0096s ]
SQL: SELECT `user_name` FROM `think_user` WHERE ( id in (2) )  [ RunTime:0.0003s ]
SQL: SHOW COLUMNS FROM `think_user_center` [ RunTime:0.0077s ]
SQL: SELECT `user_name`,`sex`,`email`,`qq`,`motto`,`user_tag`,`user_img` FROM `think_user_center` WHERE ( user_name = 'tak' ) LIMIT 1   [ RunTime:0.0004s ]
SQL: SHOW COLUMNS FROM `think_user` [ RunTime:0.0074s ]
SQL: SELECT `id` FROM `think_user` WHERE ( user_name = 'tak' ) LIMIT 1   [ RunTime:0.0003s ]
INFO: [ app_end ] --START--
INFO: Run Behavior\ShowPageTraceBehavior [ RunTime:0.000796s ]
INFO: [ app_end ] --END-- [ RunTime:0.000956s ]

[ 2016-03-31T11:18:30+08:00 ] ::1 /task_system/index.php/Home/Pal/search.html
INFO: [ app_begin ] --START--
INFO: Run Behavior\ReadHtmlCacheBehavior [ RunTime:0.001438s ]
INFO: [ app_begin ] --END-- [ RunTime:0.002635s ]
SQL: SHOW COLUMNS FROM `think_pal` [ RunTime:0.0082s ]
SQL: SELECT `attention_user` FROM `think_pal` WHERE ( login_user = '1' )  [ RunTime:0.0005s ]
SQL: SHOW COLUMNS FROM `think_user` [ RunTime:0.0113s ]
SQL: SELECT `user_name` FROM `think_user` WHERE ( id in (2) )  [ RunTime:0.0006s ]
SQL: SHOW COLUMNS FROM `think_user_center` [ RunTime:0.0122s ]
SQL: SELECT `user_name`,`sex`,`email`,`qq`,`motto`,`user_tag`,`user_img` FROM `think_user_center` WHERE ( user_name = 'task' ) LIMIT 1   [ RunTime:0.0004s ]
SQL: SHOW COLUMNS FROM `think_user` [ RunTime:0.0080s ]
SQL: SELECT `id` FROM `think_user` WHERE ( user_name = 'task' ) LIMIT 1   [ RunTime:0.0004s ]
NOTIC: [8] Use of undefined constant json - assumed 'json' F:\HTML\task_system\Application\Home\Controller\PalController.class.php 第 53 行.

[ 2016-03-31T11:18:32+08:00 ] ::1 /task_system/index.php/Home/Pal/attention.html
INFO: [ app_begin ] --START--
INFO: Run Behavior\ReadHtmlCacheBehavior [ RunTime:0.000721s ]
INFO: [ app_begin ] --END-- [ RunTime:0.001343s ]
SQL: SHOW COLUMNS FROM `think_pal` [ RunTime:0.0088s ]
SQL: SELECT `user_name`,`id` FROM `think_user` WHERE `id` = '4' LIMIT 1   [ RunTime:0.0004s ]
SQL: SELECT * FROM `think_pal` WHERE ( login_user = 1 and attention_user = 4 )  [ RunTime:0.0003s ]
SQL: INSERT INTO `think_pal` (`login_user`,`attention_user`) VALUES ('1','4') [ RunTime:0.0513s ]

[ 2016-03-31T11:19:32+08:00 ] ::1 /task_system/index.php/Home/Pal/search.html
INFO: [ app_begin ] --START--
INFO: Run Behavior\ReadHtmlCacheBehavior [ RunTime:0.004575s ]
INFO: [ app_begin ] --END-- [ RunTime:0.006205s ]
SQL: SHOW COLUMNS FROM `think_pal` [ RunTime:0.0096s ]
SQL: SELECT `attention_user` FROM `think_pal` WHERE ( login_user = '1' )  [ RunTime:0.0004s ]
SQL: SHOW COLUMNS FROM `think_user` [ RunTime:0.0087s ]
SQL: SELECT `user_name` FROM `think_user` WHERE ( id in (2) )  [ RunTime:0.0005s ]
SQL: SHOW COLUMNS FROM `think_user_center` [ RunTime:0.0097s ]
SQL: SELECT `user_name`,`sex`,`email`,`qq`,`motto`,`user_tag`,`user_img` FROM `think_user_center` WHERE ( user_name = 'task' ) LIMIT 1   [ RunTime:0.0005s ]
SQL: SHOW COLUMNS FROM `think_user` [ RunTime:0.0085s ]
SQL: SELECT `id` FROM `think_user` WHERE ( user_name = 'task' ) LIMIT 1   [ RunTime:0.0003s ]
NOTIC: [8] Use of undefined constant json - assumed 'json' F:\HTML\task_system\Application\Home\Controller\PalController.class.php 第 53 行.

[ 2016-03-31T11:19:34+08:00 ] ::1 /task_system/index.php/Home/Pal/attention.html
INFO: [ app_begin ] --START--
INFO: Run Behavior\ReadHtmlCacheBehavior [ RunTime:0.005133s ]
INFO: [ app_begin ] --END-- [ RunTime:0.007170s ]
SQL: SHOW COLUMNS FROM `think_pal` [ RunTime:0.0072s ]
SQL: SELECT `user_name`,`id` FROM `think_user` WHERE `id` = '4' LIMIT 1   [ RunTime:0.0004s ]
SQL: SELECT * FROM `think_pal` WHERE ( login_user = 1 and attention_user = 4 )  [ RunTime:0.0003s ]
SQL: INSERT INTO `think_pal` (`login_user`,`attention_user`) VALUES ('1','4') [ RunTime:0.0006s ]

[ 2016-03-31T11:19:56+08:00 ] ::1 /task_system/index.php/Home/Pal/search.html
INFO: [ app_begin ] --START--
INFO: Run Behavior\ReadHtmlCacheBehavior [ RunTime:0.005312s ]
INFO: [ app_begin ] --END-- [ RunTime:0.007534s ]
SQL: SHOW COLUMNS FROM `think_pal` [ RunTime:0.0638s ]
SQL: SELECT `attention_user` FROM `think_pal` WHERE ( login_user = '1' )  [ RunTime:0.0003s ]
SQL: SHOW COLUMNS FROM `think_user` [ RunTime:0.0083s ]
SQL: SELECT `user_name` FROM `think_user` WHERE ( id in (2) )  [ RunTime:0.0005s ]
SQL: SHOW COLUMNS FROM `think_user_center` [ RunTime:0.0076s ]
SQL: SELECT `user_name`,`sex`,`email`,`qq`,`motto`,`user_tag`,`user_img` FROM `think_user_center` WHERE ( user_name = 'task' ) LIMIT 1   [ RunTime:0.0005s ]
SQL: SHOW COLUMNS FROM `think_user` [ RunTime:0.0080s ]
SQL: SELECT `id` FROM `think_user` WHERE ( user_name = 'task' ) LIMIT 1   [ RunTime:0.0004s ]
NOTIC: [8] Use of undefined constant json - assumed 'json' F:\HTML\task_system\Application\Home\Controller\PalController.class.php 第 53 行.

[ 2016-03-31T11:19:57+08:00 ] ::1 /task_system/index.php/Home/Pal/attention.html
INFO: [ app_begin ] --START--
INFO: Run Behavior\ReadHtmlCacheBehavior [ RunTime:0.004723s ]
INFO: [ app_begin ] --END-- [ RunTime:0.006399s ]
SQL: SHOW COLUMNS FROM `think_pal` [ RunTime:0.0073s ]
SQL: SELECT `user_name`,`id` FROM `think_user` WHERE `id` = '4' LIMIT 1   [ RunTime:0.0005s ]
SQL: SELECT * FROM `think_pal` WHERE ( login_user = 1 and attention_user = 4 )  [ RunTime:0.0004s ]
SQL: INSERT INTO `think_pal` (`login_user`,`attention_user`) VALUES ('1','4') [ RunTime:0.0004s ]

[ 2016-03-31T11:20:05+08:00 ] ::1 /task_system/index.php/Home/Pal/search.html
INFO: [ app_begin ] --START--
INFO: Run Behavior\ReadHtmlCacheBehavior [ RunTime:0.004708s ]
INFO: [ app_begin ] --END-- [ RunTime:0.006314s ]
SQL: SHOW COLUMNS FROM `think_pal` [ RunTime:0.0072s ]
SQL: SELECT `attention_user` FROM `think_pal` WHERE ( login_user = '1' )  [ RunTime:0.0005s ]
SQL: SHOW COLUMNS FROM `think_user` [ RunTime:0.0090s ]
SQL: SELECT `user_name` FROM `think_user` WHERE ( id in (2,4) )  [ RunTime:0.0004s ]
SQL: SHOW COLUMNS FROM `think_user_center` [ RunTime:0.0079s ]
SQL: SELECT `user_name`,`sex`,`email`,`qq`,`motto`,`user_tag`,`user_img` FROM `think_user_center` WHERE ( user_name = 'You_goods' ) LIMIT 1   [ RunTime:0.0004s ]
SQL: SHOW COLUMNS FROM `think_user` [ RunTime:0.0081s ]
SQL: SELECT `id` FROM `think_user` WHERE ( user_name = 'You_goods' ) LIMIT 1   [ RunTime:0.0004s ]
NOTIC: [8] Use of undefined constant json - assumed 'json' F:\HTML\task_system\Application\Home\Controller\PalController.class.php 第 53 行.

[ 2016-03-31T11:20:06+08:00 ] ::1 /task_system/index.php/Home/Pal/attention.html
INFO: [ app_begin ] --START--
INFO: Run Behavior\ReadHtmlCacheBehavior [ RunTime:0.005457s ]
INFO: [ app_begin ] --END-- [ RunTime:0.007441s ]
SQL: SHOW COLUMNS FROM `think_pal` [ RunTime:0.0077s ]
SQL: SELECT `user_name`,`id` FROM `think_user` WHERE `id` = '3' LIMIT 1   [ RunTime:0.0004s ]
SQL: SELECT * FROM `think_pal` WHERE ( login_user = 1 and attention_user = 3 )  [ RunTime:0.0003s ]
SQL: INSERT INTO `think_pal` (`login_user`,`attention_user`) VALUES ('1','3') [ RunTime:0.0003s ]

[ 2016-03-31T11:20:21+08:00 ] ::1 /task_system/index.php/Home/Pal/search.html
INFO: [ app_begin ] --START--
INFO: Run Behavior\ReadHtmlCacheBehavior [ RunTime:0.001469s ]
INFO: [ app_begin ] --END-- [ RunTime:0.004127s ]
SQL: SHOW COLUMNS FROM `think_pal` [ RunTime:0.0071s ]
SQL: SELECT `attention_user` FROM `think_pal` WHERE ( login_user = '1' )  [ RunTime:0.0004s ]
SQL: SHOW COLUMNS FROM `think_user` [ RunTime:0.0092s ]
SQL: SELECT `user_name` FROM `think_user` WHERE ( id in (2,3,4) )  [ RunTime:0.0004s ]
SQL: SHOW COLUMNS FROM `think_user_center` [ RunTime:0.0078s ]
SQL: SELECT `user_name`,`sex`,`email`,`qq`,`motto`,`user_tag`,`user_img` FROM `think_user_center` WHERE ( user_name = 'task' ) LIMIT 1   [ RunTime:0.0004s ]
SQL: SHOW COLUMNS FROM `think_user` [ RunTime:0.0074s ]
SQL: SELECT `id` FROM `think_user` WHERE ( user_name = 'task' ) LIMIT 1   [ RunTime:0.0004s ]
NOTIC: [8] Use of undefined constant json - assumed 'json' F:\HTML\task_system\Application\Home\Controller\PalController.class.php 第 53 行.

[ 2016-03-31T11:20:22+08:00 ] ::1 /task_system/index.php/Home/Pal/attention.html
INFO: [ app_begin ] --START--
INFO: Run Behavior\ReadHtmlCacheBehavior [ RunTime:0.001381s ]
INFO: [ app_begin ] --END-- [ RunTime:0.002485s ]
SQL: SHOW COLUMNS FROM `think_pal` [ RunTime:0.0088s ]
SQL: SELECT `user_name`,`id` FROM `think_user` WHERE `id` = '4' LIMIT 1   [ RunTime:0.0004s ]
SQL: SELECT * FROM `think_pal` WHERE ( login_user = 1 and attention_user = 4 )  [ RunTime:0.0003s ]

[ 2016-03-31T11:20:33+08:00 ] ::1 /task_system/index.php/Home/Pal/search.html
INFO: [ app_begin ] --START--
INFO: Run Behavior\ReadHtmlCacheBehavior [ RunTime:0.000656s ]
INFO: [ app_begin ] --END-- [ RunTime:0.001283s ]
SQL: SHOW COLUMNS FROM `think_pal` [ RunTime:0.0095s ]
SQL: SELECT `attention_user` FROM `think_pal` WHERE ( login_user = '1' )  [ RunTime:0.0010s ]
SQL: SHOW COLUMNS FROM `think_user` [ RunTime:0.0121s ]
SQL: SELECT `user_name` FROM `think_user` WHERE ( id in (2,3,4) )  [ RunTime:0.0005s ]
SQL: SHOW COLUMNS FROM `think_user_center` [ RunTime:0.0104s ]
SQL: SELECT `user_name`,`sex`,`email`,`qq`,`motto`,`user_tag`,`user_img` FROM `think_user_center` WHERE ( user_name = 'You_goods' ) LIMIT 1   [ RunTime:0.0005s ]
SQL: SHOW COLUMNS FROM `think_user` [ RunTime:0.0095s ]
SQL: SELECT `id` FROM `think_user` WHERE ( user_name = 'You_goods' ) LIMIT 1   [ RunTime:0.0006s ]
NOTIC: [8] Use of undefined constant json - assumed 'json' F:\HTML\task_system\Application\Home\Controller\PalController.class.php 第 53 行.

[ 2016-03-31T11:20:34+08:00 ] ::1 /task_system/index.php/Home/Pal/attention.html
INFO: [ app_begin ] --START--
INFO: Run Behavior\ReadHtmlCacheBehavior [ RunTime:0.000661s ]
INFO: [ app_begin ] --END-- [ RunTime:0.001258s ]
SQL: SHOW COLUMNS FROM `think_pal` [ RunTime:0.0077s ]
SQL: SELECT `user_name`,`id` FROM `think_user` WHERE `id` = '3' LIMIT 1   [ RunTime:0.0004s ]
SQL: SELECT * FROM `think_pal` WHERE ( login_user = 1 and attention_user = 3 )  [ RunTime:0.0003s ]

[ 2016-03-31T11:25:42+08:00 ] ::1 /task_system/index.php/Home/Pal/search.html
INFO: [ app_begin ] --START--
INFO: Run Behavior\ReadHtmlCacheBehavior [ RunTime:0.005072s ]
INFO: [ app_begin ] --END-- [ RunTime:0.007917s ]
SQL: SHOW COLUMNS FROM `think_pal` [ RunTime:0.0084s ]
SQL: SELECT `attention_user` FROM `think_pal` WHERE ( login_user = '1' )  [ RunTime:0.0007s ]
SQL: SHOW COLUMNS FROM `think_user` [ RunTime:0.0096s ]
SQL: SELECT `user_name` FROM `think_user` WHERE ( id in (2) )  [ RunTime:0.0004s ]
SQL: SHOW COLUMNS FROM `think_user_center` [ RunTime:0.0079s ]
SQL: SELECT `user_name`,`sex`,`email`,`qq`,`motto`,`user_tag`,`user_img` FROM `think_user_center` WHERE ( user_name = 'task' ) LIMIT 1   [ RunTime:0.0004s ]
SQL: SHOW COLUMNS FROM `think_user` [ RunTime:0.0076s ]
SQL: SELECT `id` FROM `think_user` WHERE ( user_name = 'task' ) LIMIT 1   [ RunTime:0.0004s ]
NOTIC: [8] Use of undefined constant json - assumed 'json' F:\HTML\task_system\Application\Home\Controller\PalController.class.php 第 53 行.

[ 2016-03-31T11:25:44+08:00 ] ::1 /task_system/index.php/Home/Pal/attention.html
INFO: [ app_begin ] --START--
INFO: Run Behavior\ReadHtmlCacheBehavior [ RunTime:0.002741s ]
INFO: [ app_begin ] --END-- [ RunTime:0.004015s ]
SQL: SHOW COLUMNS FROM `think_pal` [ RunTime:0.0075s ]
SQL: SELECT `user_name`,`id` FROM `think_user` WHERE `id` = '4' LIMIT 1   [ RunTime:0.0004s ]
SQL: SELECT * FROM `think_pal` WHERE ( login_user = 1 and attention_user = 4 )  [ RunTime:0.0003s ]

[ 2016-03-31T11:25:57+08:00 ] ::1 /task_system/index.php/Home/Pal/search.html
INFO: [ app_begin ] --START--
INFO: Run Behavior\ReadHtmlCacheBehavior [ RunTime:0.003996s ]
INFO: [ app_begin ] --END-- [ RunTime:0.005584s ]
SQL: SHOW COLUMNS FROM `think_pal` [ RunTime:0.0078s ]
SQL: SELECT `attention_user` FROM `think_pal` WHERE ( login_user = '1' )  [ RunTime:0.0003s ]
SQL: SHOW COLUMNS FROM `think_user` [ RunTime:0.0074s ]
SQL: SELECT `user_name` FROM `think_user` WHERE ( id in (2) )  [ RunTime:0.0003s ]
SQL: SHOW COLUMNS FROM `think_user_center` [ RunTime:0.0091s ]
SQL: SELECT `user_name`,`sex`,`email`,`qq`,`motto`,`user_tag`,`user_img` FROM `think_user_center` WHERE ( user_name = '奇怪的机器人' ) LIMIT 1   [ RunTime:0.0004s ]
SQL: SHOW COLUMNS FROM `think_user` [ RunTime:0.0074s ]
SQL: SELECT `id` FROM `think_user` WHERE ( user_name = '奇怪的机器人' ) LIMIT 1   [ RunTime:0.0003s ]
NOTIC: [8] Use of undefined constant json - assumed 'json' F:\HTML\task_system\Application\Home\Controller\PalController.class.php 第 53 行.

[ 2016-03-31T11:25:58+08:00 ] ::1 /task_system/index.php/Home/Pal/attention.html
INFO: [ app_begin ] --START--
INFO: Run Behavior\ReadHtmlCacheBehavior [ RunTime:0.003270s ]
INFO: [ app_begin ] --END-- [ RunTime:0.004460s ]
SQL: SHOW COLUMNS FROM `think_pal` [ RunTime:0.0088s ]
SQL: SELECT `user_name`,`id` FROM `think_user` WHERE `id` = '2' LIMIT 1   [ RunTime:0.0005s ]
SQL: SELECT * FROM `think_pal` WHERE ( login_user = 1 and attention_user = 2 )  [ RunTime:0.0005s ]

[ 2016-03-31T11:26:45+08:00 ] ::1 /task_system/index.php/Home/Pal/attention.html
INFO: [ app_begin ] --START--
INFO: Run Behavior\ReadHtmlCacheBehavior [ RunTime:0.002731s ]
INFO: [ app_begin ] --END-- [ RunTime:0.003933s ]
SQL: SHOW COLUMNS FROM `think_pal` [ RunTime:0.0083s ]
SQL: SELECT `user_name`,`id` FROM `think_user` WHERE `id` = '2' LIMIT 1   [ RunTime:0.0004s ]
SQL: SELECT * FROM `think_pal` WHERE ( login_user = 1 and attention_user = 2 )  [ RunTime:0.0003s ]
SQL: INSERT INTO `think_pal` (`login_user`,`attention_user`) VALUES ('1','2') [ RunTime:0.0003s ]

[ 2016-03-31T11:27:30+08:00 ] ::1 /task_system/index.php/Home/Pal/search.html
INFO: [ app_begin ] --START--
INFO: Run Behavior\ReadHtmlCacheBehavior [ RunTime:0.003105s ]
INFO: [ app_begin ] --END-- [ RunTime:0.003949s ]
SQL: SHOW COLUMNS FROM `think_pal` [ RunTime:0.0082s ]
SQL: SELECT `attention_user` FROM `think_pal` WHERE ( login_user = '1' )  [ RunTime:0.0003s ]
SQL: SHOW COLUMNS FROM `think_user` [ RunTime:0.0087s ]
SQL: SELECT `user_name` FROM `think_user` WHERE ( id in (2,2) )  [ RunTime:0.0005s ]
SQL: SHOW COLUMNS FROM `think_user_center` [ RunTime:0.0077s ]
SQL: SELECT `user_name`,`sex`,`email`,`qq`,`motto`,`user_tag`,`user_img` FROM `think_user_center` WHERE ( user_name = '奇怪的机器人' ) LIMIT 1   [ RunTime:0.0004s ]
SQL: SHOW COLUMNS FROM `think_user` [ RunTime:0.0089s ]
SQL: SELECT `id` FROM `think_user` WHERE ( user_name = '奇怪的机器人' ) LIMIT 1   [ RunTime:0.0004s ]
NOTIC: [8] Use of undefined constant json - assumed 'json' F:\HTML\task_system\Application\Home\Controller\PalController.class.php 第 53 行.

[ 2016-03-31T11:27:31+08:00 ] ::1 /task_system/index.php/Home/Pal/attention.html
INFO: [ app_begin ] --START--
INFO: Run Behavior\ReadHtmlCacheBehavior [ RunTime:0.001930s ]
INFO: [ app_begin ] --END-- [ RunTime:0.002838s ]
SQL: SHOW COLUMNS FROM `think_pal` [ RunTime:0.0094s ]
SQL: SELECT `user_name`,`id` FROM `think_user` WHERE `id` = '2' LIMIT 1   [ RunTime:0.0004s ]
SQL: SELECT * FROM `think_pal` WHERE ( login_user = 1 and attention_user = 2 )  [ RunTime:0.0004s ]
SQL: INSERT INTO `think_pal` (`login_user`,`attention_user`) VALUES ('1','2') [ RunTime:0.0003s ]

[ 2016-03-31T11:28:05+08:00 ] ::1 /task_system/index.php/Home/Pal/attention.html
INFO: [ app_begin ] --START--
INFO: Run Behavior\ReadHtmlCacheBehavior [ RunTime:0.001907s ]
INFO: [ app_begin ] --END-- [ RunTime:0.002769s ]
SQL: SHOW COLUMNS FROM `think_pal` [ RunTime:0.0070s ]
SQL: SELECT `user_name`,`id` FROM `think_user` WHERE `id` = '2' LIMIT 1   [ RunTime:0.0005s ]
SQL: SELECT * FROM `think_pal` WHERE ( login_user = 1 and attention_user = 2 )  [ RunTime:0.0005s ]
SQL: INSERT INTO `think_pal` (`login_user`,`attention_user`) VALUES ('1','2') [ RunTime:0.0005s ]

[ 2016-03-31T11:28:28+08:00 ] ::1 /task_system/index.php/Home/Pal/attention.html
INFO: [ app_begin ] --START--
INFO: Run Behavior\ReadHtmlCacheBehavior [ RunTime:0.002021s ]
INFO: [ app_begin ] --END-- [ RunTime:0.003074s ]
SQL: SHOW COLUMNS FROM `think_pal` [ RunTime:0.0083s ]
SQL: SELECT `user_name`,`id` FROM `think_user` WHERE `id` = '2' LIMIT 1   [ RunTime:0.0005s ]
SQL: SELECT * FROM `think_pal` WHERE ( login_user = 1 and attention_user = 2 )  [ RunTime:0.0004s ]

[ 2016-03-31T11:29:03+08:00 ] ::1 /task_system/index.php/Home/Pal/search.html
INFO: [ app_begin ] --START--
INFO: Run Behavior\ReadHtmlCacheBehavior [ RunTime:0.001486s ]
INFO: [ app_begin ] --END-- [ RunTime:0.002315s ]
SQL: SHOW COLUMNS FROM `think_pal` [ RunTime:0.0075s ]
SQL: SELECT `attention_user` FROM `think_pal` WHERE ( login_user = '1' )  [ RunTime:0.0003s ]
SQL: SHOW COLUMNS FROM `think_user` [ RunTime:0.0079s ]
SQL: SELECT `user_name` FROM `think_user` WHERE ( id in (2) )  [ RunTime:0.0004s ]
SQL: SHOW COLUMNS FROM `think_user_center` [ RunTime:0.0090s ]
SQL: SELECT `user_name`,`sex`,`email`,`qq`,`motto`,`user_tag`,`user_img` FROM `think_user_center` WHERE ( user_name = 'task' ) LIMIT 1   [ RunTime:0.0008s ]
SQL: SHOW COLUMNS FROM `think_user` [ RunTime:0.0094s ]
SQL: SELECT `id` FROM `think_user` WHERE ( user_name = 'task' ) LIMIT 1   [ RunTime:0.0004s ]
NOTIC: [8] Use of undefined constant json - assumed 'json' F:\HTML\task_system\Application\Home\Controller\PalController.class.php 第 53 行.

[ 2016-03-31T11:29:07+08:00 ] ::1 /task_system/index.php/Home/Pal/attention.html
INFO: [ app_begin ] --START--
INFO: Run Behavior\ReadHtmlCacheBehavior [ RunTime:0.000740s ]
INFO: [ app_begin ] --END-- [ RunTime:0.001505s ]
SQL: SHOW COLUMNS FROM `think_pal` [ RunTime:0.0082s ]
SQL: SELECT `user_name`,`id` FROM `think_user` WHERE `id` = '4' LIMIT 1   [ RunTime:0.0004s ]
SQL: SELECT * FROM `think_pal` WHERE ( login_user = 1 and attention_user = 4 )  [ RunTime:0.0003s ]

[ 2016-03-31T11:29:46+08:00 ] ::1 /task_system/index.php/Home/Pal/attention.html
INFO: [ app_begin ] --START--
INFO: Run Behavior\ReadHtmlCacheBehavior [ RunTime:0.000678s ]
INFO: [ app_begin ] --END-- [ RunTime:0.001329s ]
SQL: SHOW COLUMNS FROM `think_pal` [ RunTime:0.0092s ]
SQL: SELECT `user_name`,`id` FROM `think_user` WHERE `id` = '4' LIMIT 1   [ RunTime:0.0006s ]
SQL: SELECT * FROM `think_pal` WHERE ( login_user = 1 and attention_user = 4 )  [ RunTime:0.0006s ]

[ 2016-03-31T11:30:09+08:00 ] ::1 /task_system/index.php/Home/Pal/attention.html
INFO: [ app_begin ] --START--
INFO: Run Behavior\ReadHtmlCacheBehavior [ RunTime:0.000731s ]
INFO: [ app_begin ] --END-- [ RunTime:0.001366s ]
SQL: SHOW COLUMNS FROM `think_pal` [ RunTime:0.0077s ]
SQL: SELECT `user_name`,`id` FROM `think_user` WHERE `id` = '4' LIMIT 1   [ RunTime:0.0006s ]
SQL: SELECT * FROM `think_pal` WHERE ( login_user = 1 and attention_user = 4 )  [ RunTime:0.0003s ]

[ 2016-03-31T11:30:45+08:00 ] ::1 /task_system/index.php/Home/Pal/attention.html
INFO: [ app_begin ] --START--
INFO: Run Behavior\ReadHtmlCacheBehavior [ RunTime:0.000758s ]
INFO: [ app_begin ] --END-- [ RunTime:0.001397s ]
SQL: SHOW COLUMNS FROM `think_pal` [ RunTime:0.0117s ]
SQL: SELECT `user_name`,`id` FROM `think_user` WHERE `id` = '4' LIMIT 1   [ RunTime:0.0005s ]
SQL: SELECT * FROM `think_pal` WHERE ( login_user = 1 and attention_user = 4 )  [ RunTime:0.0004s ]

[ 2016-03-31T11:31:08+08:00 ] ::1 /task_system/index.php/Home/Pal/attention.html
INFO: [ app_begin ] --START--
INFO: Run Behavior\ReadHtmlCacheBehavior [ RunTime:0.002118s ]
INFO: [ app_begin ] --END-- [ RunTime:0.003507s ]
SQL: SHOW COLUMNS FROM `think_pal` [ RunTime:0.0080s ]
SQL: SELECT `user_name`,`id` FROM `think_user` WHERE `id` = '4' LIMIT 1   [ RunTime:0.0004s ]
SQL: SELECT * FROM `think_pal` WHERE ( login_user = 1 and attention_user = 4 )  [ RunTime:0.0004s ]

[ 2016-03-31T11:31:21+08:00 ] ::1 /task_system/index.php/Home/Pal/attention.html
INFO: [ app_begin ] --START--
INFO: Run Behavior\ReadHtmlCacheBehavior [ RunTime:0.000750s ]
INFO: [ app_begin ] --END-- [ RunTime:0.001352s ]
SQL: SHOW COLUMNS FROM `think_pal` [ RunTime:0.0097s ]
SQL: SELECT `user_name`,`id` FROM `think_user` WHERE `id` = '4' LIMIT 1   [ RunTime:0.0005s ]
SQL: SELECT * FROM `think_pal` WHERE ( login_user = 1 and attention_user = 4 )  [ RunTime:0.0003s ]

[ 2016-03-31T11:31:38+08:00 ] ::1 /task_system/index.php/Home/Pal/attention.html
INFO: [ app_begin ] --START--
INFO: Run Behavior\ReadHtmlCacheBehavior [ RunTime:0.000677s ]
INFO: [ app_begin ] --END-- [ RunTime:0.001298s ]
SQL: SHOW COLUMNS FROM `think_pal` [ RunTime:0.0082s ]
SQL: SELECT `user_name`,`id` FROM `think_user` WHERE `id` = '4' LIMIT 1   [ RunTime:0.0004s ]
SQL: SELECT * FROM `think_pal` WHERE ( login_user = 1 and attention_user = 4 )  [ RunTime:0.0003s ]

[ 2016-03-31T11:31:54+08:00 ] ::1 /task_system/index.php/Home/Pal/attention.html
INFO: [ app_begin ] --START--
INFO: Run Behavior\ReadHtmlCacheBehavior [ RunTime:0.000658s ]
INFO: [ app_begin ] --END-- [ RunTime:0.001370s ]
SQL: SHOW COLUMNS FROM `think_pal` [ RunTime:0.0077s ]
SQL: SELECT `user_name`,`id` FROM `think_user` WHERE `id` = '4' LIMIT 1   [ RunTime:0.0004s ]
SQL: SELECT * FROM `think_pal` WHERE ( login_user = 1 and attention_user = 4 )  [ RunTime:0.0003s ]
NOTIC: [8] Undefined index: id F:\HTML\task_system\Application\Home\Model\PalModel.class.php 第 42 行.

[ 2016-03-31T11:32:09+08:00 ] ::1 /task_system/index.php/Home/Pal/search.html
INFO: [ app_begin ] --START--
INFO: Run Behavior\ReadHtmlCacheBehavior [ RunTime:0.000673s ]
INFO: [ app_begin ] --END-- [ RunTime:0.001348s ]
SQL: SHOW COLUMNS FROM `think_pal` [ RunTime:0.0074s ]
SQL: SELECT `attention_user` FROM `think_pal` WHERE ( login_user = '1' )  [ RunTime:0.0004s ]
SQL: SHOW COLUMNS FROM `think_user` [ RunTime:0.0074s ]
SQL: SELECT `user_name` FROM `think_user` WHERE ( id in (2) )  [ RunTime:0.0004s ]
SQL: SHOW COLUMNS FROM `think_user_center` [ RunTime:0.0074s ]
SQL: SELECT `user_name`,`sex`,`email`,`qq`,`motto`,`user_tag`,`user_img` FROM `think_user_center` WHERE ( user_name = 'task' ) LIMIT 1   [ RunTime:0.0004s ]
SQL: SHOW COLUMNS FROM `think_user` [ RunTime:0.0075s ]
SQL: SELECT `id` FROM `think_user` WHERE ( user_name = 'task' ) LIMIT 1   [ RunTime:0.0004s ]
NOTIC: [8] Use of undefined constant json - assumed 'json' F:\HTML\task_system\Application\Home\Controller\PalController.class.php 第 53 行.

[ 2016-03-31T11:32:11+08:00 ] ::1 /task_system/index.php/Home/Pal/attention.html
INFO: [ app_begin ] --START--
INFO: Run Behavior\ReadHtmlCacheBehavior [ RunTime:0.000655s ]
INFO: [ app_begin ] --END-- [ RunTime:0.001304s ]
SQL: SHOW COLUMNS FROM `think_pal` [ RunTime:0.0070s ]
SQL: SELECT `user_name`,`id` FROM `think_user` WHERE `id` = '4' LIMIT 1   [ RunTime:0.0006s ]
SQL: SELECT * FROM `think_pal` WHERE ( login_user = 1 and attention_user = 4 )  [ RunTime:0.0007s ]
NOTIC: [8] Undefined index: id F:\HTML\task_system\Application\Home\Model\PalModel.class.php 第 42 行.

[ 2016-03-31T11:33:00+08:00 ] ::1 /task_system/index.php/Home/Pal/search.html
INFO: [ app_begin ] --START--
INFO: Run Behavior\ReadHtmlCacheBehavior [ RunTime:0.004118s ]
INFO: [ app_begin ] --END-- [ RunTime:0.005569s ]
SQL: SHOW COLUMNS FROM `think_pal` [ RunTime:0.0087s ]
SQL: SELECT `attention_user` FROM `think_pal` WHERE ( login_user = '1' )  [ RunTime:0.0005s ]
SQL: SHOW COLUMNS FROM `think_user` [ RunTime:0.0095s ]
SQL: SELECT `user_name` FROM `think_user` WHERE ( id in (2) )  [ RunTime:0.0004s ]
SQL: SHOW COLUMNS FROM `think_user_center` [ RunTime:0.0079s ]
SQL: SELECT `user_name`,`sex`,`email`,`qq`,`motto`,`user_tag`,`user_img` FROM `think_user_center` WHERE ( user_name = 'task' ) LIMIT 1   [ RunTime:0.0004s ]
SQL: SHOW COLUMNS FROM `think_user` [ RunTime:0.0075s ]
SQL: SELECT `id` FROM `think_user` WHERE ( user_name = 'task' ) LIMIT 1   [ RunTime:0.0003s ]
NOTIC: [8] Use of undefined constant json - assumed 'json' F:\HTML\task_system\Application\Home\Controller\PalController.class.php 第 53 行.

[ 2016-03-31T11:33:01+08:00 ] ::1 /task_system/index.php/Home/Pal/attention.html
INFO: [ app_begin ] --START--
INFO: Run Behavior\ReadHtmlCacheBehavior [ RunTime:0.001924s ]
INFO: [ app_begin ] --END-- [ RunTime:0.002718s ]
SQL: SHOW COLUMNS FROM `think_pal` [ RunTime:0.0093s ]
SQL: SELECT `user_name`,`id` FROM `think_user` WHERE `id` = '4' LIMIT 1   [ RunTime:0.0006s ]
SQL: SELECT * FROM `think_pal` WHERE ( login_user = 1 and attention_user = 4 )  [ RunTime:0.0007s ]
NOTIC: [8] Undefined index: id F:\HTML\task_system\Application\Home\Model\PalModel.class.php 第 42 行.

[ 2016-03-31T11:33:47+08:00 ] ::1 /task_system/index.php/Home/Pal/search.html
INFO: [ app_begin ] --START--
INFO: Run Behavior\ReadHtmlCacheBehavior [ RunTime:0.004244s ]
INFO: [ app_begin ] --END-- [ RunTime:0.005814s ]
SQL: SHOW COLUMNS FROM `think_pal` [ RunTime:0.0077s ]
SQL: SELECT `attention_user` FROM `think_pal` WHERE ( login_user = '1' )  [ RunTime:0.0003s ]
SQL: SHOW COLUMNS FROM `think_user` [ RunTime:0.0075s ]
SQL: SELECT `user_name` FROM `think_user` WHERE ( id in (2) )  [ RunTime:0.0005s ]
SQL: SHOW COLUMNS FROM `think_user_center` [ RunTime:0.0082s ]
SQL: SELECT `user_name`,`sex`,`email`,`qq`,`motto`,`user_tag`,`user_img` FROM `think_user_center` WHERE ( user_name = '奇怪的机器人' ) LIMIT 1   [ RunTime:0.0003s ]
SQL: SHOW COLUMNS FROM `think_user` [ RunTime:0.0083s ]
SQL: SELECT `id` FROM `think_user` WHERE ( user_name = '奇怪的机器人' ) LIMIT 1   [ RunTime:0.0005s ]
NOTIC: [8] Use of undefined constant json - assumed 'json' F:\HTML\task_system\Application\Home\Controller\PalController.class.php 第 53 行.

[ 2016-03-31T11:33:48+08:00 ] ::1 /task_system/index.php/Home/Pal/attention.html
INFO: [ app_begin ] --START--
INFO: Run Behavior\ReadHtmlCacheBehavior [ RunTime:0.002198s ]
INFO: [ app_begin ] --END-- [ RunTime:0.003214s ]
SQL: SHOW COLUMNS FROM `think_pal` [ RunTime:0.0076s ]
SQL: SELECT `user_name`,`id` FROM `think_user` WHERE `id` = '2' LIMIT 1   [ RunTime:0.0004s ]
SQL: SELECT * FROM `think_pal` WHERE ( login_user = 1 and attention_user = 2 )  [ RunTime:0.0003s ]
NOTIC: [8] Undefined index: id F:\HTML\task_system\Application\Home\Model\PalModel.class.php 第 42 行.

[ 2016-03-31T11:34:13+08:00 ] ::1 /task_system/index.php/Home/Pal/attention.html
INFO: [ app_begin ] --START--
INFO: Run Behavior\ReadHtmlCacheBehavior [ RunTime:0.001995s ]
INFO: [ app_begin ] --END-- [ RunTime:0.002848s ]
SQL: SHOW COLUMNS FROM `think_pal` [ RunTime:0.0071s ]
SQL: SELECT `user_name`,`id` FROM `think_user` WHERE `id` = '2' LIMIT 1   [ RunTime:0.0005s ]
SQL: SELECT * FROM `think_pal` WHERE ( login_user = 1 and attention_user = 2 )  [ RunTime:0.0003s ]

[ 2016-03-31T11:34:21+08:00 ] ::1 /task_system/index.php/Home/Pal/search.html
INFO: [ app_begin ] --START--
INFO: Run Behavior\ReadHtmlCacheBehavior [ RunTime:0.002269s ]
INFO: [ app_begin ] --END-- [ RunTime:0.003170s ]
SQL: SHOW COLUMNS FROM `think_pal` [ RunTime:0.0073s ]
SQL: SELECT `attention_user` FROM `think_pal` WHERE ( login_user = '1' )  [ RunTime:0.0005s ]
SQL: SHOW COLUMNS FROM `think_user` [ RunTime:0.0100s ]
SQL: SELECT `user_name` FROM `think_user` WHERE ( id in (2) )  [ RunTime:0.0004s ]
SQL: SHOW COLUMNS FROM `think_user_center` [ RunTime:0.0095s ]
SQL: SELECT `user_name`,`sex`,`email`,`qq`,`motto`,`user_tag`,`user_img` FROM `think_user_center` WHERE ( user_name = 'task' ) LIMIT 1   [ RunTime:0.0004s ]
SQL: SHOW COLUMNS FROM `think_user` [ RunTime:0.0091s ]
SQL: SELECT `id` FROM `think_user` WHERE ( user_name = 'task' ) LIMIT 1   [ RunTime:0.0005s ]
NOTIC: [8] Use of undefined constant json - assumed 'json' F:\HTML\task_system\Application\Home\Controller\PalController.class.php 第 53 行.

[ 2016-03-31T11:34:22+08:00 ] ::1 /task_system/index.php/Home/Pal/attention.html
INFO: [ app_begin ] --START--
INFO: Run Behavior\ReadHtmlCacheBehavior [ RunTime:0.002134s ]
INFO: [ app_begin ] --END-- [ RunTime:0.003167s ]
SQL: SHOW COLUMNS FROM `think_pal` [ RunTime:0.0071s ]
SQL: SELECT `user_name`,`id` FROM `think_user` WHERE `id` = '4' LIMIT 1   [ RunTime:0.0004s ]
SQL: SELECT * FROM `think_pal` WHERE ( login_user = 1 and attention_user = 4 )  [ RunTime:0.0003s ]

[ 2016-03-31T11:34:59+08:00 ] ::1 /task_system/index.php/Home/Pal/search.html
INFO: [ app_begin ] --START--
INFO: Run Behavior\ReadHtmlCacheBehavior [ RunTime:0.001941s ]
INFO: [ app_begin ] --END-- [ RunTime:0.002747s ]
SQL: SHOW COLUMNS FROM `think_pal` [ RunTime:0.0081s ]
SQL: SELECT `attention_user` FROM `think_pal` WHERE ( login_user = '1' )  [ RunTime:0.0005s ]
SQL: SHOW COLUMNS FROM `think_user` [ RunTime:0.0077s ]
SQL: SELECT `user_name` FROM `think_user` WHERE ( id in (2) )  [ RunTime:0.0003s ]
SQL: SHOW COLUMNS FROM `think_user_center` [ RunTime:0.0089s ]
SQL: SELECT `user_name`,`sex`,`email`,`qq`,`motto`,`user_tag`,`user_img` FROM `think_user_center` WHERE ( user_name = 'task' ) LIMIT 1   [ RunTime:0.0004s ]
SQL: SHOW COLUMNS FROM `think_user` [ RunTime:0.0081s ]
SQL: SELECT `id` FROM `think_user` WHERE ( user_name = 'task' ) LIMIT 1   [ RunTime:0.0007s ]
NOTIC: [8] Use of undefined constant json - assumed 'json' F:\HTML\task_system\Application\Home\Controller\PalController.class.php 第 53 行.

[ 2016-03-31T11:35:01+08:00 ] ::1 /task_system/index.php/Home/Pal/attention.html
INFO: [ app_begin ] --START--
INFO: Run Behavior\ReadHtmlCacheBehavior [ RunTime:0.002044s ]
INFO: [ app_begin ] --END-- [ RunTime:0.002852s ]
SQL: SHOW COLUMNS FROM `think_pal` [ RunTime:0.0091s ]
SQL: SELECT `user_name`,`id` FROM `think_user` WHERE `id` = '4' LIMIT 1   [ RunTime:0.0005s ]
SQL: SELECT * FROM `think_pal` WHERE ( login_user = 1 and attention_user = 4 )  [ RunTime:0.0003s ]
SQL: INSERT INTO `think_pal` (`login_user`,`attention_user`) VALUES ('1','4') [ RunTime:0.0003s ]

[ 2016-03-31T11:35:05+08:00 ] ::1 /task_system/index.php/Home/Pal/attention.html
INFO: [ app_begin ] --START--
INFO: Run Behavior\ReadHtmlCacheBehavior [ RunTime:0.002777s ]
INFO: [ app_begin ] --END-- [ RunTime:0.004239s ]
SQL: SHOW COLUMNS FROM `think_pal` [ RunTime:0.0088s ]
SQL: SELECT `user_name`,`id` FROM `think_user` WHERE `id` = '4' LIMIT 1   [ RunTime:0.0004s ]
SQL: SELECT * FROM `think_pal` WHERE ( login_user = 1 and attention_user = 4 )  [ RunTime:0.0005s ]

[ 2016-03-31T11:35:20+08:00 ] ::1 /task_system/index.php/Home/Pal/attention.html
INFO: [ app_begin ] --START--
INFO: Run Behavior\ReadHtmlCacheBehavior [ RunTime:0.002223s ]
INFO: [ app_begin ] --END-- [ RunTime:0.003123s ]
SQL: SHOW COLUMNS FROM `think_pal` [ RunTime:0.0072s ]
SQL: SELECT `user_name`,`id` FROM `think_user` WHERE `id` = '4' LIMIT 1   [ RunTime:0.0005s ]
SQL: SELECT * FROM `think_pal` WHERE ( login_user = 1 and attention_user = 4 )  [ RunTime:0.0004s ]

[ 2016-03-31T11:37:32+08:00 ] ::1 /task_system/index.php/Home/Pal/search.html
INFO: [ app_begin ] --START--
INFO: Run Behavior\ReadHtmlCacheBehavior [ RunTime:0.003508s ]
INFO: [ app_begin ] --END-- [ RunTime:0.005282s ]
SQL: SHOW COLUMNS FROM `think_pal` [ RunTime:0.0103s ]
SQL: SELECT `attention_user` FROM `think_pal` WHERE ( login_user = '1' )  [ RunTime:0.0004s ]
SQL: SHOW COLUMNS FROM `think_user` [ RunTime:0.0074s ]
SQL: SELECT `user_name` FROM `think_user` WHERE ( id in (2,4) )  [ RunTime:0.0005s ]
SQL: SHOW COLUMNS FROM `think_user_center` [ RunTime:0.0090s ]
SQL: SELECT `user_name`,`sex`,`email`,`qq`,`motto`,`user_tag`,`user_img` FROM `think_user_center` WHERE ( user_name = 'task' ) LIMIT 1   [ RunTime:0.0004s ]
SQL: SHOW COLUMNS FROM `think_user` [ RunTime:0.0090s ]
SQL: SELECT `id` FROM `think_user` WHERE ( user_name = 'task' ) LIMIT 1   [ RunTime:0.0003s ]
NOTIC: [8] Use of undefined constant json - assumed 'json' F:\HTML\task_system\Application\Home\Controller\PalController.class.php 第 53 行.

[ 2016-03-31T11:37:33+08:00 ] ::1 /task_system/index.php/Home/Pal/attention.html
INFO: [ app_begin ] --START--
INFO: Run Behavior\ReadHtmlCacheBehavior [ RunTime:0.001615s ]
INFO: [ app_begin ] --END-- [ RunTime:0.002593s ]
SQL: SHOW COLUMNS FROM `think_pal` [ RunTime:0.0073s ]
SQL: SELECT `user_name`,`id` FROM `think_user` WHERE `id` = '4' LIMIT 1   [ RunTime:0.0005s ]
SQL: SELECT * FROM `think_pal` WHERE ( login_user = 1 and attention_user = 4 )  [ RunTime:0.0004s ]

[ 2016-03-31T11:37:43+08:00 ] ::1 /task_system/index.php/Home/Pal/search.html
INFO: [ app_begin ] --START--
INFO: Run Behavior\ReadHtmlCacheBehavior [ RunTime:0.002820s ]
INFO: [ app_begin ] --END-- [ RunTime:0.004226s ]
SQL: SHOW COLUMNS FROM `think_pal` [ RunTime:0.0110s ]
SQL: SELECT `attention_user` FROM `think_pal` WHERE ( login_user = '1' )  [ RunTime:0.0004s ]
SQL: SHOW COLUMNS FROM `think_user` [ RunTime:0.0103s ]
SQL: SELECT `user_name` FROM `think_user` WHERE ( id in (2,4) )  [ RunTime:0.0006s ]
SQL: SHOW COLUMNS FROM `think_user_center` [ RunTime:0.0076s ]
SQL: SELECT `user_name`,`sex`,`email`,`qq`,`motto`,`user_tag`,`user_img` FROM `think_user_center` WHERE ( user_name = 'asd' ) LIMIT 1   [ RunTime:0.0004s ]
SQL: SHOW COLUMNS FROM `think_user` [ RunTime:0.0071s ]
SQL: SELECT `id` FROM `think_user` WHERE ( user_name = 'asd' ) LIMIT 1   [ RunTime:0.0005s ]
INFO: [ app_end ] --START--
INFO: Run Behavior\ShowPageTraceBehavior [ RunTime:0.001525s ]
INFO: [ app_end ] --END-- [ RunTime:0.001671s ]

[ 2016-03-31T11:37:53+08:00 ] ::1 /task_system/index.php/Home/Pal/search.html
INFO: [ app_begin ] --START--
INFO: Run Behavior\ReadHtmlCacheBehavior [ RunTime:0.002663s ]
INFO: [ app_begin ] --END-- [ RunTime:0.004029s ]
SQL: SHOW COLUMNS FROM `think_pal` [ RunTime:0.0099s ]
SQL: SELECT `attention_user` FROM `think_pal` WHERE ( login_user = '1' )  [ RunTime:0.0006s ]
SQL: SHOW COLUMNS FROM `think_user` [ RunTime:0.0082s ]
SQL: SELECT `user_name` FROM `think_user` WHERE ( id in (2,4) )  [ RunTime:0.0004s ]
SQL: SHOW COLUMNS FROM `think_user_center` [ RunTime:0.0086s ]
SQL: SELECT `user_name`,`sex`,`email`,`qq`,`motto`,`user_tag`,`user_img` FROM `think_user_center` WHERE ( user_name = 'You_goods' ) LIMIT 1   [ RunTime:0.0004s ]
SQL: SHOW COLUMNS FROM `think_user` [ RunTime:0.0073s ]
SQL: SELECT `id` FROM `think_user` WHERE ( user_name = 'You_goods' ) LIMIT 1   [ RunTime:0.0003s ]
NOTIC: [8] Use of undefined constant json - assumed 'json' F:\HTML\task_system\Application\Home\Controller\PalController.class.php 第 53 行.

[ 2016-03-31T11:37:57+08:00 ] ::1 /task_system/index.php/Home/Pal/attention.html
INFO: [ app_begin ] --START--
INFO: Run Behavior\ReadHtmlCacheBehavior [ RunTime:0.001641s ]
INFO: [ app_begin ] --END-- [ RunTime:0.002477s ]
SQL: SHOW COLUMNS FROM `think_pal` [ RunTime:0.0072s ]
SQL: SELECT `user_name`,`id` FROM `think_user` WHERE `id` = '3' LIMIT 1   [ RunTime:0.0005s ]
SQL: SELECT * FROM `think_pal` WHERE ( login_user = 1 and attention_user = 3 )  [ RunTime:0.0006s ]
SQL: INSERT INTO `think_pal` (`login_user`,`attention_user`) VALUES ('1','3') [ RunTime:0.0006s ]

[ 2016-03-31T11:37:59+08:00 ] ::1 /task_system/index.php/Home/Pal/search.html
INFO: [ app_begin ] --START--
INFO: Run Behavior\ReadHtmlCacheBehavior [ RunTime:0.001689s ]
INFO: [ app_begin ] --END-- [ RunTime:0.002522s ]
SQL: SHOW COLUMNS FROM `think_pal` [ RunTime:0.0075s ]
SQL: SELECT `attention_user` FROM `think_pal` WHERE ( login_user = '1' )  [ RunTime:0.0004s ]
SQL: SHOW COLUMNS FROM `think_user` [ RunTime:0.0085s ]
SQL: SELECT `user_name` FROM `think_user` WHERE ( id in (2,3,4) )  [ RunTime:0.0004s ]
SQL: SHOW COLUMNS FROM `think_user_center` [ RunTime:0.0080s ]
SQL: SELECT `user_name`,`sex`,`email`,`qq`,`motto`,`user_tag`,`user_img` FROM `think_user_center` WHERE ( user_name = 'You_goods' ) LIMIT 1   [ RunTime:0.0003s ]
SQL: SHOW COLUMNS FROM `think_user` [ RunTime:0.0077s ]
SQL: SELECT `id` FROM `think_user` WHERE ( user_name = 'You_goods' ) LIMIT 1   [ RunTime:0.0005s ]
NOTIC: [8] Use of undefined constant json - assumed 'json' F:\HTML\task_system\Application\Home\Controller\PalController.class.php 第 53 行.

[ 2016-03-31T11:38:00+08:00 ] ::1 /task_system/index.php/Home/Pal/attention.html
INFO: [ app_begin ] --START--
INFO: Run Behavior\ReadHtmlCacheBehavior [ RunTime:0.001430s ]
INFO: [ app_begin ] --END-- [ RunTime:0.002229s ]
SQL: SHOW COLUMNS FROM `think_pal` [ RunTime:0.0089s ]
SQL: SELECT `user_name`,`id` FROM `think_user` WHERE `id` = '3' LIMIT 1   [ RunTime:0.0004s ]
SQL: SELECT * FROM `think_pal` WHERE ( login_user = 1 and attention_user = 3 )  [ RunTime:0.0003s ]

[ 2016-03-31T20:24:10+08:00 ] ::1 /task_system/index.php/Home/Index/user.html
INFO: [ app_begin ] --START--
INFO: Run Behavior\ReadHtmlCacheBehavior [ RunTime:0.000735s ]
INFO: [ app_begin ] --END-- [ RunTime:0.001319s ]
NOTIC: [8] Undefined index: register F:\HTML\task_system\Application\Home\Controller\IndexController.class.php 第 35 行.
SQL: SELECT `id`,`user_name`,`user_password` FROM `think_user` WHERE ( user_name = 'admin' ) LIMIT 1   [ RunTime:0.0758s ]

