[ 2016-04-14T14:28:09+08:00 ] ::1 /task_system/index.php/home/index/inadex.html
ERR: 非法操作:inadex

[ 2016-04-14T14:28:38+08:00 ] ::1 /task_system/index.php/home/index/inadex.html
ERR: 非法操作:inadex

[ 2016-04-14T14:28:57+08:00 ] ::1 /task_system/index.php/home/index/inadex.html
ERR: 非法操作:inadex

[ 2016-04-14T14:29:15+08:00 ] ::1 /task_system/index.php/home/index/inadex.html
ERR: 非法操作:inadex

[ 2016-04-14T14:29:19+08:00 ] ::1 /task_system/index.php/home/index/inadex
ERR: 非法操作:inadex

[ 2016-04-14T14:29:24+08:00 ] ::1 /task_system/index.php/home/indaex/inadex
ERR: 无法加载控制器:Indaex

[ 2016-04-14T14:29:30+08:00 ] ::1 /task_system/index.php/home/index/inadex
ERR: 非法操作:inadex

[ 2016-04-14T14:29:31+08:00 ] ::1 /task_system/index.php/home/index/inadex.html
ERR: 非法操作:inadex

[ 2016-04-14T14:29:39+08:00 ] ::1 /task_system/index.php/Home/Pal/sear
ERR: 非法操作:sear

[ 2016-04-14T14:29:40+08:00 ] ::1 /task_system/index.php/Home/Pal/sear
ERR: 非法操作:sear

[ 2016-04-14T14:29:40+08:00 ] ::1 /task_system/index.php/Home/Pal/sear
ERR: 非法操作:sear

[ 2016-04-14T14:29:40+08:00 ] ::1 /task_system/index.php/Home/Pal/sear
ERR: 非法操作:sear

[ 2016-04-14T14:29:40+08:00 ] ::1 /task_system/index.php/Home/Pal/sear
ERR: 非法操作:sear

[ 2016-04-14T14:30:41+08:00 ] ::1 /task_system/index.php/Home/Pal
ERR: 非法操作:index

[ 2016-04-14T14:30:56+08:00 ] ::1 /task_system/index.php/Home/Pal/logian_info.html
ERR: 非法操作:logian_info

[ 2016-04-14T14:41:02+08:00 ] ::1 /task_system/index.php/Home/Pal/logain_info.html
ERR: 非法操作:logain_info

