[ 2016-03-27T09:26:50+08:00 ] ::1 /task_system/index.php/Home/Index/user.html
INFO: [ app_begin ] --START--
INFO: Run Behavior\ReadHtmlCacheBehavior [ RunTime:0.001789s ]
INFO: [ app_begin ] --END-- [ RunTime:0.002942s ]
NOTIC: [8] Undefined index: register F:\HTML\task_system\Application\Home\Controller\IndexController.class.php 第 13 行.

[ 2016-03-27T09:27:25+08:00 ] ::1 /task_system/index.php/Home/Index/user.html
INFO: [ app_begin ] --START--
INFO: Run Behavior\ReadHtmlCacheBehavior [ RunTime:0.000675s ]
INFO: [ app_begin ] --END-- [ RunTime:0.001270s ]
NOTIC: [8] Undefined index: register F:\HTML\task_system\Application\Home\Controller\IndexController.class.php 第 13 行.
ERR: 1064:You have an error in your SQL syntax; check the manual that corresponds to your MySQL server version for the right syntax to use near '1 FROM `think_user` LIMIT 1' at line 1
 [ SQL语句 ] : SELECT `id`,`user_name`,`user_password`,`user_password_again`,`_autoinc` AS 1 FROM `think_user` LIMIT 1  
ERR: 1064:You have an error in your SQL syntax; check the manual that corresponds to your MySQL server version for the right syntax to use near '1 FROM `think_user` LIMIT 1' at line 1
 [ SQL语句 ] : SELECT `id`,`user_name`,`user_password`,`user_password_again`,`_autoinc` AS 1 FROM `think_user` LIMIT 1  

[ 2016-03-27T09:28:05+08:00 ] ::1 /task_system/index.php/Home/Index/user.html
INFO: [ app_begin ] --START--
INFO: Run Behavior\ReadHtmlCacheBehavior [ RunTime:0.000675s ]
INFO: [ app_begin ] --END-- [ RunTime:0.001336s ]
NOTIC: [8] Undefined index: register F:\HTML\task_system\Application\Home\Controller\IndexController.class.php 第 13 行.

[ 2016-03-27T09:29:28+08:00 ] ::1 /task_system/index.php/Home/Index/user.html
INFO: [ app_begin ] --START--
INFO: Run Behavior\ReadHtmlCacheBehavior [ RunTime:0.001310s ]
INFO: [ app_begin ] --END-- [ RunTime:0.002119s ]
NOTIC: [8] Undefined index: register F:\HTML\task_system\Application\Home\Controller\IndexController.class.php 第 13 行.

[ 2016-03-27T09:30:40+08:00 ] ::1 /task_system/index.php/Home/Index/user.html
INFO: [ app_begin ] --START--
INFO: Run Behavior\ReadHtmlCacheBehavior [ RunTime:0.001555s ]
INFO: [ app_begin ] --END-- [ RunTime:0.002813s ]
NOTIC: [8] Undefined index: register F:\HTML\task_system\Application\Home\Controller\IndexController.class.php 第 13 行.

[ 2016-03-27T09:30:58+08:00 ] ::1 /task_system/index.php/Home/Index/user.html
INFO: [ app_begin ] --START--
INFO: Run Behavior\ReadHtmlCacheBehavior [ RunTime:0.000683s ]
INFO: [ app_begin ] --END-- [ RunTime:0.001288s ]
NOTIC: [8] Undefined index: register F:\HTML\task_system\Application\Home\Controller\IndexController.class.php 第 13 行.
ERR: 1064:You have an error in your SQL syntax; check the manual that corresponds to your MySQL server version for the right syntax to use near '1 FROM `think_user` LIMIT 1' at line 1
 [ SQL语句 ] : SELECT `id`,`user_name`,`user_password`,`user_password_again`,`_autoinc` AS 1 FROM `think_user` LIMIT 1  
ERR: 1064:You have an error in your SQL syntax; check the manual that corresponds to your MySQL server version for the right syntax to use near '1 FROM `think_user` LIMIT 1' at line 1
 [ SQL语句 ] : SELECT `id`,`user_name`,`user_password`,`user_password_again`,`_autoinc` AS 1 FROM `think_user` LIMIT 1  

[ 2016-03-27T09:31:28+08:00 ] ::1 /task_system/index.php/Home/Index/user.html
INFO: [ app_begin ] --START--
INFO: Run Behavior\ReadHtmlCacheBehavior [ RunTime:0.001240s ]
INFO: [ app_begin ] --END-- [ RunTime:0.002076s ]
NOTIC: [8] Undefined index: register F:\HTML\task_system\Application\Home\Controller\IndexController.class.php 第 13 行.

[ 2016-03-27T09:31:43+08:00 ] ::1 /task_system/index.php/Home/Index/user.html
INFO: [ app_begin ] --START--
INFO: Run Behavior\ReadHtmlCacheBehavior [ RunTime:0.000650s ]
INFO: [ app_begin ] --END-- [ RunTime:0.001251s ]
NOTIC: [8] Undefined index: register F:\HTML\task_system\Application\Home\Controller\IndexController.class.php 第 13 行.
ERR: 1064:You have an error in your SQL syntax; check the manual that corresponds to your MySQL server version for the right syntax to use near '1 FROM `think_user` LIMIT 1' at line 1
 [ SQL语句 ] : SELECT `id`,`user_name`,`user_password`,`user_password_again`,`_autoinc` AS 1 FROM `think_user` LIMIT 1  
ERR: 1064:You have an error in your SQL syntax; check the manual that corresponds to your MySQL server version for the right syntax to use near '1 FROM `think_user` LIMIT 1' at line 1
 [ SQL语句 ] : SELECT `id`,`user_name`,`user_password`,`user_password_again`,`_autoinc` AS 1 FROM `think_user` LIMIT 1  

[ 2016-03-27T09:33:11+08:00 ] ::1 /task_system/index.php/Home/Index/user.html
INFO: [ app_begin ] --START--
INFO: Run Behavior\ReadHtmlCacheBehavior [ RunTime:0.001207s ]
INFO: [ app_begin ] --END-- [ RunTime:0.002085s ]
NOTIC: [8] Undefined index: register F:\HTML\task_system\Application\Home\Controller\IndexController.class.php 第 13 行.

[ 2016-03-27T09:33:23+08:00 ] ::1 /task_system/index.php/Home/Index/user.html
INFO: [ app_begin ] --START--
INFO: Run Behavior\ReadHtmlCacheBehavior [ RunTime:0.000683s ]
INFO: [ app_begin ] --END-- [ RunTime:0.001468s ]
NOTIC: [8] Undefined index: register F:\HTML\task_system\Application\Home\Controller\IndexController.class.php 第 13 行.
ERR: 1064:You have an error in your SQL syntax; check the manual that corresponds to your MySQL server version for the right syntax to use near '1 FROM `think_user` WHERE ( user_name = 'admin' ) LIMIT 1' at line 1
 [ SQL语句 ] : SELECT `id`,`user_name`,`user_password`,`user_password_again`,`_autoinc` AS 1 FROM `think_user` WHERE ( user_name = 'admin' ) LIMIT 1  
ERR: 1064:You have an error in your SQL syntax; check the manual that corresponds to your MySQL server version for the right syntax to use near '1 FROM `think_user` WHERE ( user_name = 'admin' ) LIMIT 1' at line 1
 [ SQL语句 ] : SELECT `id`,`user_name`,`user_password`,`user_password_again`,`_autoinc` AS 1 FROM `think_user` WHERE ( user_name = 'admin' ) LIMIT 1  

[ 2016-03-27T09:34:18+08:00 ] ::1 /task_system/index.php/Home/Index/user.html
INFO: [ app_begin ] --START--
INFO: Run Behavior\ReadHtmlCacheBehavior [ RunTime:0.000698s ]
INFO: [ app_begin ] --END-- [ RunTime:0.001340s ]
NOTIC: [8] Undefined index: register F:\HTML\task_system\Application\Home\Controller\IndexController.class.php 第 13 行.
ERR: 1054:Unknown column 'user_password_again' in 'field list'
 [ SQL语句 ] : SELECT `id`,`user_name`,`user_password`,`user_password_again` FROM `think_user` WHERE ( user_name = 'admin' ) LIMIT 1  
ERR: 1054:Unknown column 'user_password_again' in 'field list'
 [ SQL语句 ] : SELECT `id`,`user_name`,`user_password`,`user_password_again` FROM `think_user` WHERE ( user_name = 'admin' ) LIMIT 1  

[ 2016-03-27T09:34:44+08:00 ] ::1 /task_system/index.php/Home/Index/user.html
INFO: [ app_begin ] --START--
INFO: Run Behavior\ReadHtmlCacheBehavior [ RunTime:0.000679s ]
INFO: [ app_begin ] --END-- [ RunTime:0.001377s ]
NOTIC: [8] Undefined index: register F:\HTML\task_system\Application\Home\Controller\IndexController.class.php 第 13 行.
SQL: SELECT * FROM `think_user` WHERE ( user_name = 'admin' ) LIMIT 1   [ RunTime:0.0004s ]

[ 2016-03-27T09:35:56+08:00 ] ::1 /task_system/index.php/Home/Index/user.html
INFO: [ app_begin ] --START--
INFO: Run Behavior\ReadHtmlCacheBehavior [ RunTime:0.001550s ]
INFO: [ app_begin ] --END-- [ RunTime:0.002949s ]
NOTIC: [8] Undefined index: register F:\HTML\task_system\Application\Home\Controller\IndexController.class.php 第 13 行.
SQL: SELECT * FROM `think_user` WHERE ( user_name = 'admin' ) LIMIT 1   [ RunTime:0.0006s ]

[ 2016-03-27T09:36:09+08:00 ] ::1 /task_system/index.php/Home/Index/user.html
INFO: [ app_begin ] --START--
INFO: Run Behavior\ReadHtmlCacheBehavior [ RunTime:0.001161s ]
INFO: [ app_begin ] --END-- [ RunTime:0.001905s ]
NOTIC: [8] Undefined index: register F:\HTML\task_system\Application\Home\Controller\IndexController.class.php 第 13 行.
SQL: SELECT * FROM `think_user` WHERE ( user_name = 'admin' ) LIMIT 1   [ RunTime:0.0004s ]

[ 2016-03-27T09:48:30+08:00 ] ::1 /task_system/index.php/Home/Index/user.html
INFO: [ app_begin ] --START--
INFO: Run Behavior\ReadHtmlCacheBehavior [ RunTime:0.001458s ]
INFO: [ app_begin ] --END-- [ RunTime:0.002470s ]
NOTIC: [8] Undefined index: register F:\HTML\task_system\Application\Home\Controller\IndexController.class.php 第 12 行.
SQL: SELECT * FROM `think_user` WHERE ( user_name = 'admin' ) LIMIT 1   [ RunTime:0.0004s ]
NOTIC: [8] Array to string conversion F:\HTML\task_system\Application\Home\Controller\IndexController.class.php 第 45 行.

[ 2016-03-27T09:58:23+08:00 ] ::1 /task_system/index.php/Home/Index/user.html
INFO: [ app_begin ] --START--
INFO: Run Behavior\ReadHtmlCacheBehavior [ RunTime:0.001872s ]
INFO: [ app_begin ] --END-- [ RunTime:0.002704s ]
NOTIC: [8] Undefined index: register F:\HTML\task_system\Application\Home\Controller\IndexController.class.php 第 12 行.
SQL: SELECT * FROM `think_user` WHERE ( user_name = 'admin' ) LIMIT 1   [ RunTime:0.0006s ]
NOTIC: [8] Array to string conversion F:\HTML\task_system\Application\Home\Controller\IndexController.class.php 第 45 行.

[ 2016-03-27T09:58:58+08:00 ] ::1 /task_system/index.php/Home/Index/user.html
INFO: [ app_begin ] --START--
INFO: Run Behavior\ReadHtmlCacheBehavior [ RunTime:0.000646s ]
INFO: [ app_begin ] --END-- [ RunTime:0.001229s ]
NOTIC: [8] Undefined index: register F:\HTML\task_system\Application\Home\Controller\IndexController.class.php 第 12 行.
SQL: SELECT * FROM `think_user` WHERE ( user_name = 'admin' ) LIMIT 1   [ RunTime:0.0005s ]
NOTIC: [8] Array to string conversion F:\HTML\task_system\Application\Home\Controller\IndexController.class.php 第 46 行.

[ 2016-03-27T09:59:23+08:00 ] ::1 /task_system/index.php/Home/Index/user.html
INFO: [ app_begin ] --START--
INFO: Run Behavior\ReadHtmlCacheBehavior [ RunTime:0.001984s ]
INFO: [ app_begin ] --END-- [ RunTime:0.002948s ]
NOTIC: [8] Undefined index: register F:\HTML\task_system\Application\Home\Controller\IndexController.class.php 第 12 行.
SQL: SELECT * FROM `think_user` WHERE ( user_name = 'admin' ) LIMIT 1   [ RunTime:0.0006s ]

[ 2016-03-27T10:04:29+08:00 ] ::1 /task_system/index.php/Home/Index/user.html
INFO: [ app_begin ] --START--
INFO: Run Behavior\ReadHtmlCacheBehavior [ RunTime:0.002478s ]
INFO: [ app_begin ] --END-- [ RunTime:0.003819s ]
NOTIC: [8] Undefined index: register F:\HTML\task_system\Application\Home\Controller\IndexController.class.php 第 12 行.
SQL: SELECT `id`,`user_name`,`user_password` FROM `think_user` WHERE ( user_name = 'admin' ) LIMIT 1   [ RunTime:0.0004s ]

[ 2016-03-27T10:04:52+08:00 ] ::1 /task_system/index.php/Home/Index/user.html
INFO: [ app_begin ] --START--
INFO: Run Behavior\ReadHtmlCacheBehavior [ RunTime:0.002057s ]
INFO: [ app_begin ] --END-- [ RunTime:0.002854s ]
NOTIC: [8] Undefined index: register F:\HTML\task_system\Application\Home\Controller\IndexController.class.php 第 12 行.
SQL: SELECT `id`,`user_name`,`user_password` FROM `think_user` WHERE ( user_name = 'admin' ) LIMIT 1   [ RunTime:0.0003s ]

[ 2016-03-27T10:05:15+08:00 ] ::1 /task_system/index.php/Home/Index/user.html
INFO: [ app_begin ] --START--
INFO: Run Behavior\ReadHtmlCacheBehavior [ RunTime:0.001564s ]
INFO: [ app_begin ] --END-- [ RunTime:0.002558s ]
NOTIC: [8] Undefined index: register F:\HTML\task_system\Application\Home\Controller\IndexController.class.php 第 12 行.
SQL: SELECT `id`,`user_name`,`user_password` FROM `think_user` WHERE ( user_name = 'admina' ) LIMIT 1   [ RunTime:0.0006s ]

[ 2016-03-27T10:05:27+08:00 ] ::1 /task_system/index.php/Home/Index/user.html
INFO: [ app_begin ] --START--
INFO: Run Behavior\ReadHtmlCacheBehavior [ RunTime:0.001622s ]
INFO: [ app_begin ] --END-- [ RunTime:0.002697s ]
NOTIC: [8] Undefined index: register F:\HTML\task_system\Application\Home\Controller\IndexController.class.php 第 12 行.
SQL: SELECT `id`,`user_name`,`user_password` FROM `think_user` WHERE ( user_name = 'admin' ) LIMIT 1   [ RunTime:0.0004s ]
NOTIC: [8] Array to string conversion F:\HTML\task_system\Application\Home\Controller\IndexController.class.php 第 46 行.

[ 2016-03-27T10:05:51+08:00 ] ::1 /task_system/index.php/Home/Index/user.html
INFO: [ app_begin ] --START--
INFO: Run Behavior\ReadHtmlCacheBehavior [ RunTime:0.001349s ]
INFO: [ app_begin ] --END-- [ RunTime:0.002155s ]
NOTIC: [8] Undefined index: register F:\HTML\task_system\Application\Home\Controller\IndexController.class.php 第 12 行.
SQL: SELECT `id`,`user_name`,`user_password` FROM `think_user` WHERE ( user_name = 'admin' ) LIMIT 1   [ RunTime:0.0003s ]

[ 2016-03-27T10:06:37+08:00 ] ::1 /task_system/index.php/Home/Index/user.html
INFO: [ app_begin ] --START--
INFO: Run Behavior\ReadHtmlCacheBehavior [ RunTime:0.001230s ]
INFO: [ app_begin ] --END-- [ RunTime:0.002106s ]
NOTIC: [8] Undefined index: register F:\HTML\task_system\Application\Home\Controller\IndexController.class.php 第 12 行.
SQL: SELECT `id`,`user_name`,`user_password` FROM `think_user` WHERE ( user_name = 'admin' ) LIMIT 1   [ RunTime:0.0003s ]

[ 2016-03-27T10:11:27+08:00 ] ::1 /task_system/index.php/Home/Index/user.html
INFO: [ app_begin ] --START--
INFO: Run Behavior\ReadHtmlCacheBehavior [ RunTime:0.002672s ]
INFO: [ app_begin ] --END-- [ RunTime:0.004201s ]
NOTIC: [8] Undefined index: register F:\HTML\task_system\Application\Home\Controller\IndexController.class.php 第 12 行.
SQL: SELECT `id`,`user_name`,`user_password` FROM `think_user` WHERE ( user_name = 'admin' ) LIMIT 1   [ RunTime:0.0004s ]

[ 2016-03-27T10:11:44+08:00 ] ::1 /task_system/index.php/Home/Index/user.html
INFO: [ app_begin ] --START--
INFO: Run Behavior\ReadHtmlCacheBehavior [ RunTime:0.001460s ]
INFO: [ app_begin ] --END-- [ RunTime:0.002816s ]
NOTIC: [8] Undefined index: register F:\HTML\task_system\Application\Home\Controller\IndexController.class.php 第 12 行.
SQL: SELECT `id`,`user_name`,`user_password` FROM `think_user` WHERE ( user_name = 'admin' ) LIMIT 1   [ RunTime:0.0003s ]

[ 2016-03-27T10:12:12+08:00 ] ::1 /task_system/index.php/Home/Index/user.html
INFO: [ app_begin ] --START--
INFO: Run Behavior\ReadHtmlCacheBehavior [ RunTime:0.001848s ]
INFO: [ app_begin ] --END-- [ RunTime:0.002639s ]
NOTIC: [8] Undefined index: register F:\HTML\task_system\Application\Home\Controller\IndexController.class.php 第 12 行.
SQL: SELECT `id`,`user_name`,`user_password` FROM `think_user` WHERE ( user_name = 'admin' ) LIMIT 1   [ RunTime:0.0003s ]

[ 2016-03-27T10:12:44+08:00 ] ::1 /task_system/index.php/Home/Index/user.html
INFO: [ app_begin ] --START--
INFO: Run Behavior\ReadHtmlCacheBehavior [ RunTime:0.001814s ]
INFO: [ app_begin ] --END-- [ RunTime:0.002626s ]
NOTIC: [8] Undefined index: register F:\HTML\task_system\Application\Home\Controller\IndexController.class.php 第 12 行.
SQL: SELECT `id`,`user_name`,`user_password` FROM `think_user` WHERE ( user_name = 'admin' ) LIMIT 1   [ RunTime:0.0004s ]
NOTIC: [8] Undefined offset: 1 F:\HTML\task_system\Application\Home\Controller\IndexController.class.php 第 41 行.
NOTIC: [8] Undefined offset: 1 F:\HTML\task_system\Application\Home\Controller\IndexController.class.php 第 42 行.

[ 2016-03-27T10:13:07+08:00 ] ::1 /task_system/index.php/Home/Index/user.html
INFO: [ app_begin ] --START--
INFO: Run Behavior\ReadHtmlCacheBehavior [ RunTime:0.002136s ]
INFO: [ app_begin ] --END-- [ RunTime:0.003481s ]
NOTIC: [8] Undefined index: register F:\HTML\task_system\Application\Home\Controller\IndexController.class.php 第 12 行.
SQL: SELECT `id`,`user_name`,`user_password` FROM `think_user` WHERE ( user_name = 'admin' ) LIMIT 1   [ RunTime:0.0004s ]

[ 2016-03-27T10:13:53+08:00 ] ::1 /task_system/index.php/Home/Index/user.html
INFO: [ app_begin ] --START--
INFO: Run Behavior\ReadHtmlCacheBehavior [ RunTime:0.001756s ]
INFO: [ app_begin ] --END-- [ RunTime:0.002578s ]
NOTIC: [8] Undefined index: register F:\HTML\task_system\Application\Home\Controller\IndexController.class.php 第 12 行.

[ 2016-03-27T10:14:00+08:00 ] ::1 /task_system/index.php/Home/Index/user.html
INFO: [ app_begin ] --START--
INFO: Run Behavior\ReadHtmlCacheBehavior [ RunTime:0.000870s ]
INFO: [ app_begin ] --END-- [ RunTime:0.001630s ]
NOTIC: [8] Undefined index: register F:\HTML\task_system\Application\Home\Controller\IndexController.class.php 第 12 行.
SQL: SELECT `id`,`user_name`,`user_password` FROM `think_user` WHERE ( user_name = 'asd' ) LIMIT 1   [ RunTime:0.0004s ]

[ 2016-03-27T10:14:08+08:00 ] ::1 /task_system/index.php/Home/Index/user.html
INFO: [ app_begin ] --START--
INFO: Run Behavior\ReadHtmlCacheBehavior [ RunTime:0.001512s ]
INFO: [ app_begin ] --END-- [ RunTime:0.002334s ]
NOTIC: [8] Undefined index: register F:\HTML\task_system\Application\Home\Controller\IndexController.class.php 第 12 行.
SQL: SELECT `id`,`user_name`,`user_password` FROM `think_user` WHERE ( user_name = 'admin' ) LIMIT 1   [ RunTime:0.0003s ]

[ 2016-03-27T10:16:46+08:00 ] ::1 /task_system/index.php/Home/Index/user.html
INFO: [ app_begin ] --START--
INFO: Run Behavior\ReadHtmlCacheBehavior [ RunTime:0.001994s ]
INFO: [ app_begin ] --END-- [ RunTime:0.003143s ]
NOTIC: [8] Undefined index: register F:\HTML\task_system\Application\Home\Controller\IndexController.class.php 第 12 行.
SQL: SELECT `id`,`user_name`,`user_password` FROM `think_user` WHERE ( user_name = 'admin' ) LIMIT 1   [ RunTime:0.0005s ]

[ 2016-03-27T10:19:50+08:00 ] ::1 /task_system/index.php/Home/Index/user.html
INFO: [ app_begin ] --START--
INFO: Run Behavior\ReadHtmlCacheBehavior [ RunTime:0.001352s ]
INFO: [ app_begin ] --END-- [ RunTime:0.002103s ]
NOTIC: [8] Undefined index: register F:\HTML\task_system\Application\Home\Controller\IndexController.class.php 第 12 行.
SQL: SELECT `id`,`user_name`,`user_password` FROM `think_user` WHERE ( user_name = 'admin' ) LIMIT 1   [ RunTime:0.0004s ]

[ 2016-03-27T10:33:53+08:00 ] ::1 /task_system/index.php/Home/Index/user.html
INFO: [ app_begin ] --START--
INFO: Run Behavior\ReadHtmlCacheBehavior [ RunTime:0.000676s ]
INFO: [ app_begin ] --END-- [ RunTime:0.001553s ]
NOTIC: [8] Undefined index: register F:\HTML\task_system\Application\Home\Controller\IndexController.class.php 第 12 行.
SQL: SELECT `id`,`user_name`,`user_password` FROM `think_user` WHERE ( user_name = 'admin' ) LIMIT 1   [ RunTime:0.0007s ]

[ 2016-03-27T10:37:42+08:00 ] ::1 /task_system/index.php/Home/New/category.html
ERR: 无法加载控制器:New

[ 2016-03-27T10:38:43+08:00 ] ::1 /task_system/index.php/Home/New/category.html
ERR: 无法加载控制器:New

[ 2016-03-27T10:48:10+08:00 ] ::1 /task_system/index.php/Home/Index/user.html
INFO: [ app_begin ] --START--
INFO: Run Behavior\ReadHtmlCacheBehavior [ RunTime:0.001608s ]
INFO: [ app_begin ] --END-- [ RunTime:0.002461s ]
NOTIC: [8] Undefined index: register F:\HTML\task_system\Application\Home\Controller\IndexController.class.php 第 15 行.
SQL: SELECT `id`,`user_name`,`user_password` FROM `think_user` WHERE ( user_name = 'admin' ) LIMIT 1   [ RunTime:0.0008s ]

