[ 2016-03-26T09:15:58+08:00 ] ::1 /task_system/index.php/Home/Index/login.html
ERR: 非法操作:login

[ 2016-03-26T09:36:00+08:00 ] ::1 /task_system/index.php/Home/Index/login.html
ERR: 非法操作:login

[ 2016-03-26T10:49:04+08:00 ] ::1 /task_system/index.php/Home/Pal/user.html
ERR: 非法操作:user

[ 2016-03-26T11:17:38+08:00 ] ::1 /task_system/index.php/Home/Index/user.html
INFO: [ app_begin ] --START--
INFO: Run Behavior\ReadHtmlCacheBehavior [ RunTime:0.001277s ]
INFO: [ app_begin ] --END-- [ RunTime:0.002068s ]
NOTIC: [8] Undefined index: validate F:\HTML\task_system\ThinkPHP\Library\Think\Model.class.php 第 1185 行.
SQL: SELECT * FROM `think_user` WHERE `user_name` = 'admin' LIMIT 1   [ RunTime:0.0145s ]

[ 2016-03-26T11:18:08+08:00 ] ::1 /task_system/index.php/Home/Index/user.html
INFO: [ app_begin ] --START--
INFO: Run Behavior\ReadHtmlCacheBehavior [ RunTime:0.001540s ]
INFO: [ app_begin ] --END-- [ RunTime:0.002367s ]
NOTIC: [8] Undefined index: validate F:\HTML\task_system\ThinkPHP\Library\Think\Model.class.php 第 1185 行.
SQL: SELECT * FROM `think_user` WHERE `user_name` = 'admin' LIMIT 1   [ RunTime:0.0003s ]

[ 2016-03-26T11:18:23+08:00 ] ::1 /task_system/index.php/Home/Index/user.html
INFO: [ app_begin ] --START--
INFO: Run Behavior\ReadHtmlCacheBehavior [ RunTime:0.001363s ]
INFO: [ app_begin ] --END-- [ RunTime:0.002176s ]
NOTIC: [8] Undefined index: validate F:\HTML\task_system\ThinkPHP\Library\Think\Model.class.php 第 1185 行.
SQL: SELECT * FROM `think_user` WHERE `user_name` = 'admin' LIMIT 1   [ RunTime:0.0003s ]

[ 2016-03-26T11:19:43+08:00 ] ::1 /task_system/index.php/Home/Index/user.html
INFO: [ app_begin ] --START--
INFO: Run Behavior\ReadHtmlCacheBehavior [ RunTime:0.001328s ]
INFO: [ app_begin ] --END-- [ RunTime:0.002117s ]

[ 2016-03-26T11:19:50+08:00 ] ::1 /task_system/index.php/Home/Index/user.html
INFO: [ app_begin ] --START--
INFO: Run Behavior\ReadHtmlCacheBehavior [ RunTime:0.001363s ]
INFO: [ app_begin ] --END-- [ RunTime:0.002175s ]

[ 2016-03-26T11:20:23+08:00 ] ::1 /task_system/index.php/Home/Index/user.html
INFO: [ app_begin ] --START--
INFO: Run Behavior\ReadHtmlCacheBehavior [ RunTime:0.001501s ]
INFO: [ app_begin ] --END-- [ RunTime:0.002280s ]
NOTIC: [8] Undefined index: validate F:\HTML\task_system\ThinkPHP\Library\Think\Model.class.php 第 1185 行.
SQL: SELECT * FROM `think_user` WHERE `user_name` = 'admin' LIMIT 1   [ RunTime:0.0003s ]

[ 2016-03-26T11:20:38+08:00 ] ::1 /task_system/index.php/Home/Index/user.html
INFO: [ app_begin ] --START--
INFO: Run Behavior\ReadHtmlCacheBehavior [ RunTime:0.001360s ]
INFO: [ app_begin ] --END-- [ RunTime:0.002171s ]
NOTIC: [8] Undefined index: validate F:\HTML\task_system\ThinkPHP\Library\Think\Model.class.php 第 1185 行.
SQL: SELECT * FROM `think_user` WHERE `user_name` = 'admin' LIMIT 1   [ RunTime:0.0003s ]

[ 2016-03-26T11:21:17+08:00 ] ::1 /task_system/index.php/Home/Index/user.html
INFO: [ app_begin ] --START--
INFO: Run Behavior\ReadHtmlCacheBehavior [ RunTime:0.001380s ]
INFO: [ app_begin ] --END-- [ RunTime:0.002256s ]
NOTIC: [8] Undefined index: validate F:\HTML\task_system\ThinkPHP\Library\Think\Model.class.php 第 1185 行.
SQL: SELECT * FROM `think_user` WHERE `user_name` = 'admin' LIMIT 1   [ RunTime:0.0005s ]

[ 2016-03-26T11:21:48+08:00 ] ::1 /task_system/index.php/Home/Index/user.html
INFO: [ app_begin ] --START--
INFO: Run Behavior\ReadHtmlCacheBehavior [ RunTime:0.001602s ]
INFO: [ app_begin ] --END-- [ RunTime:0.002466s ]
NOTIC: [8] Undefined index: validate F:\HTML\task_system\ThinkPHP\Library\Think\Model.class.php 第 1185 行.
SQL: SELECT * FROM `think_user` WHERE `user_name` = 'root' LIMIT 1   [ RunTime:0.0004s ]

[ 2016-03-26T11:21:54+08:00 ] ::1 /task_system/index.php/Home/Index/user.html
INFO: [ app_begin ] --START--
INFO: Run Behavior\ReadHtmlCacheBehavior [ RunTime:0.000819s ]
INFO: [ app_begin ] --END-- [ RunTime:0.001677s ]
NOTIC: [8] Undefined index: validate F:\HTML\task_system\ThinkPHP\Library\Think\Model.class.php 第 1185 行.
SQL: SELECT * FROM `think_user` WHERE `user_name` = 'root' LIMIT 1   [ RunTime:0.0003s ]
NOTIC: [8] Undefined index: auto F:\HTML\task_system\ThinkPHP\Library\Think\Model.class.php 第 1128 行.

[ 2016-03-26T11:22:22+08:00 ] ::1 /task_system/index.php/Home/Index/user.html
INFO: [ app_begin ] --START--
INFO: Run Behavior\ReadHtmlCacheBehavior [ RunTime:0.000646s ]
INFO: [ app_begin ] --END-- [ RunTime:0.001238s ]
NOTIC: [8] Undefined index: validate F:\HTML\task_system\ThinkPHP\Library\Think\Model.class.php 第 1185 行.
SQL: SELECT * FROM `think_user` WHERE `user_name` = 'root' LIMIT 1   [ RunTime:0.0003s ]
NOTIC: [8] Undefined index: auto F:\HTML\task_system\ThinkPHP\Library\Think\Model.class.php 第 1128 行.
SQL: INSERT INTO `think_user` (`user_name`,`user_password`) VALUES ('root','123') [ RunTime:0.0005s ]
INFO: [ view_parse ] --START--
INFO: [ template_filter ] --START--
INFO: Run Behavior\ContentReplaceBehavior [ RunTime:0.000167s ]
INFO: [ template_filter ] --END-- [ RunTime:0.000307s ]
NOTIC: [8] Use of undefined constant Index - assumed 'Index' F:\HTML\task_system\Application\Runtime\Cache\Home\008e2ad42cd616a4bbdd0e672155681c.php 第 75 行.
NOTIC: [8] Use of undefined constant register - assumed 'register' F:\HTML\task_system\Application\Runtime\Cache\Home\008e2ad42cd616a4bbdd0e672155681c.php 第 75 行.
NOTIC: [2] Division by zero F:\HTML\task_system\Application\Runtime\Cache\Home\008e2ad42cd616a4bbdd0e672155681c.php 第 75 行.
INFO: Run Behavior\ParseTemplateBehavior [ RunTime:0.012069s ]
INFO: [ view_parse ] --END-- [ RunTime:0.012213s ]
INFO: [ view_filter ] --START--
INFO: Run Behavior\WriteHtmlCacheBehavior [ RunTime:0.000823s ]
INFO: [ view_filter ] --END-- [ RunTime:0.000953s ]
INFO: [ app_end ] --START--
INFO: Run Behavior\ShowPageTraceBehavior [ RunTime:0.001027s ]
INFO: [ app_end ] --END-- [ RunTime:0.001157s ]

[ 2016-03-26T11:22:32+08:00 ] ::1 /task_system/index.php/Home/Index/user.html
INFO: [ app_begin ] --START--
INFO: Run Behavior\ReadHtmlCacheBehavior [ RunTime:0.000668s ]
INFO: [ app_begin ] --END-- [ RunTime:0.001283s ]
NOTIC: [8] Undefined index: validate F:\HTML\task_system\ThinkPHP\Library\Think\Model.class.php 第 1185 行.
SQL: SELECT * FROM `think_user` WHERE `user_name` = 'root' LIMIT 1   [ RunTime:0.0005s ]

[ 2016-03-26T11:23:02+08:00 ] ::1 /task_system/index.php/Home/Index/user.html
INFO: [ app_begin ] --START--
INFO: Run Behavior\ReadHtmlCacheBehavior [ RunTime:0.000661s ]
INFO: [ app_begin ] --END-- [ RunTime:0.001265s ]
NOTIC: [8] Undefined index: validate F:\HTML\task_system\ThinkPHP\Library\Think\Model.class.php 第 1185 行.
SQL: SELECT * FROM `think_user` WHERE `user_name` = 'root' LIMIT 1   [ RunTime:0.0004s ]

[ 2016-03-26T11:23:35+08:00 ] ::1 /task_system/index.php/Home/Index/user.html
INFO: [ app_begin ] --START--
INFO: Run Behavior\ReadHtmlCacheBehavior [ RunTime:0.001650s ]
INFO: [ app_begin ] --END-- [ RunTime:0.002475s ]
NOTIC: [8] Undefined index: validate F:\HTML\task_system\ThinkPHP\Library\Think\Model.class.php 第 1185 行.
SQL: SELECT * FROM `think_user` WHERE `user_name` = 'admin' LIMIT 1   [ RunTime:0.0004s ]

[ 2016-03-26T11:23:40+08:00 ] ::1 /task_system/index.php/Home/Index/user.html
INFO: [ app_begin ] --START--
INFO: Run Behavior\ReadHtmlCacheBehavior [ RunTime:0.001401s ]
INFO: [ app_begin ] --END-- [ RunTime:0.002370s ]
NOTIC: [8] Undefined index: validate F:\HTML\task_system\ThinkPHP\Library\Think\Model.class.php 第 1185 行.
SQL: SELECT * FROM `think_user` WHERE `user_name` = 'root' LIMIT 1   [ RunTime:0.0005s ]

[ 2016-03-26T11:23:47+08:00 ] ::1 /task_system/index.php/Home/Index/user.html
INFO: [ app_begin ] --START--
INFO: Run Behavior\ReadHtmlCacheBehavior [ RunTime:0.002424s ]
INFO: [ app_begin ] --END-- [ RunTime:0.003901s ]
NOTIC: [8] Undefined index: validate F:\HTML\task_system\ThinkPHP\Library\Think\Model.class.php 第 1185 行.
SQL: SELECT * FROM `think_user` WHERE `user_name` = 'roota' LIMIT 1   [ RunTime:0.0003s ]

[ 2016-03-26T11:26:58+08:00 ] ::1 /task_system/index.php/Home/Index/user.html
INFO: [ app_begin ] --START--
INFO: Run Behavior\ReadHtmlCacheBehavior [ RunTime:0.001539s ]
INFO: [ app_begin ] --END-- [ RunTime:0.002377s ]
NOTIC: [8] Undefined index: validate F:\HTML\task_system\ThinkPHP\Library\Think\Model.class.php 第 1185 行.
SQL: SELECT * FROM `think_user` WHERE `user_name` = 'root' LIMIT 1   [ RunTime:0.0005s ]

[ 2016-03-26T11:32:11+08:00 ] ::1 /task_system/index.php/Home/Index/user.html
INFO: [ app_begin ] --START--
INFO: Run Behavior\ReadHtmlCacheBehavior [ RunTime:0.001203s ]
INFO: [ app_begin ] --END-- [ RunTime:0.002057s ]
NOTIC: [8] Undefined index: validate F:\HTML\task_system\ThinkPHP\Library\Think\Model.class.php 第 1185 行.
SQL: SELECT * FROM `think_user` WHERE `user_name` = 'admin' LIMIT 1   [ RunTime:0.0006s ]

[ 2016-03-26T11:32:16+08:00 ] ::1 /task_system/index.php/Home/Index/user.html
INFO: [ app_begin ] --START--
INFO: Run Behavior\ReadHtmlCacheBehavior [ RunTime:0.001134s ]
INFO: [ app_begin ] --END-- [ RunTime:0.002351s ]
NOTIC: [8] Undefined index: validate F:\HTML\task_system\ThinkPHP\Library\Think\Model.class.php 第 1185 行.
SQL: SELECT * FROM `think_user` WHERE `user_name` = 'admina' LIMIT 1   [ RunTime:0.0004s ]

[ 2016-03-26T11:32:25+08:00 ] ::1 /task_system/index.php/Home/Index/user.html
INFO: [ app_begin ] --START--
INFO: Run Behavior\ReadHtmlCacheBehavior [ RunTime:0.001616s ]
INFO: [ app_begin ] --END-- [ RunTime:0.003126s ]
NOTIC: [8] Undefined index: validate F:\HTML\task_system\ThinkPHP\Library\Think\Model.class.php 第 1185 行.
SQL: SELECT * FROM `think_user` WHERE `user_name` = 'ab' LIMIT 1   [ RunTime:0.0006s ]
NOTIC: [8] Undefined index: auto F:\HTML\task_system\ThinkPHP\Library\Think\Model.class.php 第 1128 行.
SQL: INSERT INTO `think_user` (`user_name`,`user_password`) VALUES ('ab','123') [ RunTime:0.0007s ]

[ 2016-03-26T11:34:45+08:00 ] ::1 /task_system/index.php/Home/Index/user.html
INFO: [ app_begin ] --START--
INFO: Run Behavior\ReadHtmlCacheBehavior [ RunTime:0.001630s ]
INFO: [ app_begin ] --END-- [ RunTime:0.002676s ]
NOTIC: [8] Undefined index: validate F:\HTML\task_system\ThinkPHP\Library\Think\Model.class.php 第 1185 行.
SQL: SELECT * FROM `think_user` WHERE `user_name` = 'aaa' LIMIT 1   [ RunTime:0.0004s ]
NOTIC: [8] Undefined index: auto F:\HTML\task_system\ThinkPHP\Library\Think\Model.class.php 第 1128 行.
SQL: INSERT INTO `think_user` (`user_name`,`user_password`) VALUES ('aaa','123') [ RunTime:0.0004s ]

[ 2016-03-26T11:35:30+08:00 ] ::1 /task_system/index.php/Home/Index/user.html
INFO: [ app_begin ] --START--
INFO: Run Behavior\ReadHtmlCacheBehavior [ RunTime:0.001058s ]
INFO: [ app_begin ] --END-- [ RunTime:0.002167s ]
NOTIC: [8] Undefined index: validate F:\HTML\task_system\ThinkPHP\Library\Think\Model.class.php 第 1185 行.
SQL: SELECT * FROM `think_user` WHERE `user_name` = 'aaaa' LIMIT 1   [ RunTime:0.0004s ]
NOTIC: [8] Undefined index: auto F:\HTML\task_system\ThinkPHP\Library\Think\Model.class.php 第 1128 行.
SQL: INSERT INTO `think_user` (`user_name`,`user_password`) VALUES ('aaaa','123') [ RunTime:0.0004s ]

[ 2016-03-26T11:36:11+08:00 ] ::1 /task_system/index.php/Home/Index/user.html
INFO: [ app_begin ] --START--
INFO: Run Behavior\ReadHtmlCacheBehavior [ RunTime:0.002274s ]
INFO: [ app_begin ] --END-- [ RunTime:0.003636s ]
NOTIC: [8] Undefined index: validate F:\HTML\task_system\ThinkPHP\Library\Think\Model.class.php 第 1185 行.
SQL: SELECT * FROM `think_user` WHERE `user_name` = 'qq' LIMIT 1   [ RunTime:0.0004s ]
NOTIC: [8] Undefined index: auto F:\HTML\task_system\ThinkPHP\Library\Think\Model.class.php 第 1128 行.
SQL: INSERT INTO `think_user` (`user_name`,`user_password`) VALUES ('qq','123') [ RunTime:0.0005s ]

[ 2016-03-26T11:38:36+08:00 ] ::1 /task_system/index.php/Home/Index/user.html
INFO: [ app_begin ] --START--
INFO: Run Behavior\ReadHtmlCacheBehavior [ RunTime:0.001769s ]
INFO: [ app_begin ] --END-- [ RunTime:0.002578s ]
NOTIC: [8] Undefined index: validate F:\HTML\task_system\ThinkPHP\Library\Think\Model.class.php 第 1185 行.
SQL: SELECT * FROM `think_user` WHERE `user_name` = 'qqq' LIMIT 1   [ RunTime:0.0004s ]
NOTIC: [8] Undefined index: auto F:\HTML\task_system\ThinkPHP\Library\Think\Model.class.php 第 1128 行.
SQL: INSERT INTO `think_user` (`user_name`,`user_password`) VALUES ('qqq','123') [ RunTime:0.0004s ]

[ 2016-03-26T11:41:16+08:00 ] ::1 /task_system/index.php/Home/Index/user.html
INFO: [ app_begin ] --START--
INFO: Run Behavior\ReadHtmlCacheBehavior [ RunTime:0.002502s ]
INFO: [ app_begin ] --END-- [ RunTime:0.003486s ]
NOTIC: [8] Undefined index: validate F:\HTML\task_system\ThinkPHP\Library\Think\Model.class.php 第 1185 行.
SQL: SELECT * FROM `think_user` WHERE `user_name` = 'qqq' LIMIT 1   [ RunTime:0.0006s ]

[ 2016-03-26T11:41:28+08:00 ] ::1 /task_system/index.php/Home/Index/user.html
INFO: [ app_begin ] --START--
INFO: Run Behavior\ReadHtmlCacheBehavior [ RunTime:0.001232s ]
INFO: [ app_begin ] --END-- [ RunTime:0.002384s ]
NOTIC: [8] Undefined index: validate F:\HTML\task_system\ThinkPHP\Library\Think\Model.class.php 第 1185 行.
SQL: SELECT * FROM `think_user` WHERE `user_name` = 'qqqq' LIMIT 1   [ RunTime:0.0005s ]
NOTIC: [8] Undefined index: auto F:\HTML\task_system\ThinkPHP\Library\Think\Model.class.php 第 1128 行.
SQL: INSERT INTO `think_user` (`user_name`,`user_password`) VALUES ('qqqq','123') [ RunTime:0.0009s ]

[ 2016-03-26T11:56:58+08:00 ] ::1 /task_system/index.php/Home/Index/user.html
INFO: [ app_begin ] --START--
INFO: Run Behavior\ReadHtmlCacheBehavior [ RunTime:0.001317s ]
INFO: [ app_begin ] --END-- [ RunTime:0.002133s ]
NOTIC: [8] Undefined index: validate F:\HTML\task_system\ThinkPHP\Library\Think\Model.class.php 第 1185 行.
SQL: SELECT * FROM `think_user` WHERE `user_name` = 'ww' LIMIT 1   [ RunTime:0.0007s ]
NOTIC: [8] Undefined index: auto F:\HTML\task_system\ThinkPHP\Library\Think\Model.class.php 第 1128 行.
SQL: INSERT INTO `think_user` (`user_name`,`user_password`) VALUES ('ww','123') [ RunTime:0.0004s ]

[ 2016-03-26T11:57:11+08:00 ] ::1 /task_system/index.php/Home/Index/user.html
INFO: [ app_begin ] --START--
INFO: Run Behavior\ReadHtmlCacheBehavior [ RunTime:0.001225s ]
INFO: [ app_begin ] --END-- [ RunTime:0.002103s ]
NOTIC: [8] Undefined index: validate F:\HTML\task_system\ThinkPHP\Library\Think\Model.class.php 第 1185 行.
SQL: SELECT * FROM `think_user` WHERE `user_name` = 'ee' LIMIT 1   [ RunTime:0.0003s ]

[ 2016-03-26T11:57:26+08:00 ] ::1 /task_system/index.php/Home/Index/user.html
INFO: [ app_begin ] --START--
INFO: Run Behavior\ReadHtmlCacheBehavior [ RunTime:0.001585s ]
INFO: [ app_begin ] --END-- [ RunTime:0.002831s ]
NOTIC: [8] Undefined index: validate F:\HTML\task_system\ThinkPHP\Library\Think\Model.class.php 第 1185 行.
SQL: SELECT * FROM `think_user` WHERE `user_name` = 'wwe' LIMIT 1   [ RunTime:0.0004s ]

[ 2016-03-26T11:57:50+08:00 ] ::1 /task_system/index.php/Home/Index/user.html
INFO: [ app_begin ] --START--
INFO: Run Behavior\ReadHtmlCacheBehavior [ RunTime:0.001873s ]
INFO: [ app_begin ] --END-- [ RunTime:0.003185s ]
NOTIC: [8] Undefined index: validate F:\HTML\task_system\ThinkPHP\Library\Think\Model.class.php 第 1185 行.
SQL: SELECT * FROM `think_user` WHERE `user_name` = 'wwe' LIMIT 1   [ RunTime:0.0003s ]
NOTIC: [8] Undefined index: auto F:\HTML\task_system\ThinkPHP\Library\Think\Model.class.php 第 1128 行.
SQL: INSERT INTO `think_user` (`user_name`,`user_password`) VALUES ('wwe','123') [ RunTime:0.0005s ]

[ 2016-03-26T21:26:10+08:00 ] ::1 /task_system/index.php/Home/Index/user.html
INFO: [ app_begin ] --START--
INFO: Run Behavior\ReadHtmlCacheBehavior [ RunTime:0.001569s ]
INFO: [ app_begin ] --END-- [ RunTime:0.002408s ]
NOTIC: [8] Undefined index: validate F:\HTML\task_system\ThinkPHP\Library\Think\Model.class.php 第 1185 行.
SQL: SELECT * FROM `think_user` WHERE `user_name` = 'admin' LIMIT 1   [ RunTime:0.0004s ]
NOTIC: [8] Undefined index: auto F:\HTML\task_system\ThinkPHP\Library\Think\Model.class.php 第 1128 行.
SQL: INSERT INTO `think_user` (`user_name`,`user_password`) VALUES ('admin','123456') [ RunTime:0.0006s ]

[ 2016-03-26T21:26:43+08:00 ] ::1 /task_system/index.php/Home/Index/user.html
INFO: [ app_begin ] --START--
INFO: Run Behavior\ReadHtmlCacheBehavior [ RunTime:0.001283s ]
INFO: [ app_begin ] --END-- [ RunTime:0.002207s ]
NOTIC: [8] Undefined index: register F:\HTML\task_system\Application\Home\Controller\IndexController.class.php 第 13 行.
INFO: [ view_parse ] --START--
INFO: [ template_filter ] --START--
INFO: Run Behavior\ContentReplaceBehavior [ RunTime:0.000184s ]
INFO: [ template_filter ] --END-- [ RunTime:0.000323s ]
NOTIC: [8] Use of undefined constant Index - assumed 'Index' F:\HTML\task_system\Application\Runtime\Cache\Home\008e2ad42cd616a4bbdd0e672155681c.php 第 75 行.
NOTIC: [8] Use of undefined constant register - assumed 'register' F:\HTML\task_system\Application\Runtime\Cache\Home\008e2ad42cd616a4bbdd0e672155681c.php 第 75 行.
NOTIC: [2] Division by zero F:\HTML\task_system\Application\Runtime\Cache\Home\008e2ad42cd616a4bbdd0e672155681c.php 第 75 行.
INFO: Run Behavior\ParseTemplateBehavior [ RunTime:0.015668s ]
INFO: [ view_parse ] --END-- [ RunTime:0.015805s ]
INFO: [ view_filter ] --START--
INFO: Run Behavior\WriteHtmlCacheBehavior [ RunTime:0.000851s ]
INFO: [ view_filter ] --END-- [ RunTime:0.000978s ]
INFO: [ app_end ] --START--
INFO: Run Behavior\ShowPageTraceBehavior [ RunTime:0.001157s ]
INFO: [ app_end ] --END-- [ RunTime:0.001308s ]

[ 2016-03-26T21:27:11+08:00 ] ::1 /task_system/index.php/Home/Index/user.html
INFO: [ app_begin ] --START--
INFO: Run Behavior\ReadHtmlCacheBehavior [ RunTime:0.001130s ]
INFO: [ app_begin ] --END-- [ RunTime:0.002592s ]

[ 2016-03-26T21:27:53+08:00 ] ::1 /task_system/index.php/Home/Index/user.html
INFO: [ app_begin ] --START--
INFO: Run Behavior\ReadHtmlCacheBehavior [ RunTime:0.000810s ]
INFO: [ app_begin ] --END-- [ RunTime:0.002092s ]
NOTIC: [8] Undefined index: register F:\HTML\task_system\Application\Home\Controller\IndexController.class.php 第 13 行.
INFO: [ view_parse ] --START--
INFO: [ template_filter ] --START--
INFO: Run Behavior\ContentReplaceBehavior [ RunTime:0.000204s ]
INFO: [ template_filter ] --END-- [ RunTime:0.000348s ]
NOTIC: [8] Use of undefined constant Index - assumed 'Index' F:\HTML\task_system\Application\Runtime\Cache\Home\008e2ad42cd616a4bbdd0e672155681c.php 第 75 行.
NOTIC: [8] Use of undefined constant register - assumed 'register' F:\HTML\task_system\Application\Runtime\Cache\Home\008e2ad42cd616a4bbdd0e672155681c.php 第 75 行.
NOTIC: [2] Division by zero F:\HTML\task_system\Application\Runtime\Cache\Home\008e2ad42cd616a4bbdd0e672155681c.php 第 75 行.
INFO: Run Behavior\ParseTemplateBehavior [ RunTime:0.015319s ]
INFO: [ view_parse ] --END-- [ RunTime:0.015525s ]
INFO: [ view_filter ] --START--
INFO: Run Behavior\WriteHtmlCacheBehavior [ RunTime:0.000535s ]
INFO: [ view_filter ] --END-- [ RunTime:0.000662s ]
INFO: [ app_end ] --START--
INFO: Run Behavior\ShowPageTraceBehavior [ RunTime:0.000714s ]
INFO: [ app_end ] --END-- [ RunTime:0.000852s ]

[ 2016-03-26T21:29:16+08:00 ] ::1 /task_system/index.php/Home/Index/user.html
INFO: [ app_begin ] --START--
INFO: Run Behavior\ReadHtmlCacheBehavior [ RunTime:0.001892s ]
INFO: [ app_begin ] --END-- [ RunTime:0.002789s ]
NOTIC: [8] Undefined index: register F:\HTML\task_system\Application\Home\Controller\IndexController.class.php 第 13 行.
INFO: [ view_parse ] --START--
INFO: [ template_filter ] --START--
INFO: Run Behavior\ContentReplaceBehavior [ RunTime:0.000237s ]
INFO: [ template_filter ] --END-- [ RunTime:0.000459s ]
NOTIC: [8] Use of undefined constant Index - assumed 'Index' F:\HTML\task_system\Application\Runtime\Cache\Home\008e2ad42cd616a4bbdd0e672155681c.php 第 75 行.
NOTIC: [8] Use of undefined constant register - assumed 'register' F:\HTML\task_system\Application\Runtime\Cache\Home\008e2ad42cd616a4bbdd0e672155681c.php 第 75 行.
NOTIC: [2] Division by zero F:\HTML\task_system\Application\Runtime\Cache\Home\008e2ad42cd616a4bbdd0e672155681c.php 第 75 行.
INFO: Run Behavior\ParseTemplateBehavior [ RunTime:0.014907s ]
INFO: [ view_parse ] --END-- [ RunTime:0.015053s ]
INFO: [ view_filter ] --START--
INFO: Run Behavior\WriteHtmlCacheBehavior [ RunTime:0.001007s ]
INFO: [ view_filter ] --END-- [ RunTime:0.001156s ]
INFO: [ app_end ] --START--
INFO: Run Behavior\ShowPageTraceBehavior [ RunTime:0.001094s ]
INFO: [ app_end ] --END-- [ RunTime:0.001228s ]

[ 2016-03-26T21:32:31+08:00 ] ::1 /task_system/index.php/Home/Index/user.html
INFO: [ app_begin ] --START--
INFO: Run Behavior\ReadHtmlCacheBehavior [ RunTime:0.001205s ]
INFO: [ app_begin ] --END-- [ RunTime:0.002157s ]
NOTIC: [8] Undefined index: register F:\HTML\task_system\Application\Home\Controller\IndexController.class.php 第 13 行.
INFO: [ view_parse ] --START--
INFO: [ template_filter ] --START--
INFO: Run Behavior\ContentReplaceBehavior [ RunTime:0.000214s ]
INFO: [ template_filter ] --END-- [ RunTime:0.000410s ]
NOTIC: [8] Use of undefined constant Index - assumed 'Index' F:\HTML\task_system\Application\Runtime\Cache\Home\008e2ad42cd616a4bbdd0e672155681c.php 第 75 行.
NOTIC: [8] Use of undefined constant register - assumed 'register' F:\HTML\task_system\Application\Runtime\Cache\Home\008e2ad42cd616a4bbdd0e672155681c.php 第 75 行.
NOTIC: [2] Division by zero F:\HTML\task_system\Application\Runtime\Cache\Home\008e2ad42cd616a4bbdd0e672155681c.php 第 75 行.
INFO: Run Behavior\ParseTemplateBehavior [ RunTime:0.014918s ]
INFO: [ view_parse ] --END-- [ RunTime:0.015078s ]
INFO: [ view_filter ] --START--
INFO: Run Behavior\WriteHtmlCacheBehavior [ RunTime:0.001230s ]
INFO: [ view_filter ] --END-- [ RunTime:0.001444s ]
INFO: [ app_end ] --START--
INFO: Run Behavior\ShowPageTraceBehavior [ RunTime:0.001077s ]
INFO: [ app_end ] --END-- [ RunTime:0.001214s ]

[ 2016-03-26T21:32:59+08:00 ] ::1 /task_system/index.php/Home/Index/user.html
INFO: [ app_begin ] --START--
INFO: Run Behavior\ReadHtmlCacheBehavior [ RunTime:0.001262s ]
INFO: [ app_begin ] --END-- [ RunTime:0.002131s ]
NOTIC: [8] Undefined index: register F:\HTML\task_system\Application\Home\Controller\IndexController.class.php 第 13 行.
INFO: [ view_parse ] --START--
INFO: [ template_filter ] --START--
INFO: Run Behavior\ContentReplaceBehavior [ RunTime:0.000185s ]
INFO: [ template_filter ] --END-- [ RunTime:0.000325s ]
NOTIC: [8] Use of undefined constant Index - assumed 'Index' F:\HTML\task_system\Application\Runtime\Cache\Home\008e2ad42cd616a4bbdd0e672155681c.php 第 75 行.
NOTIC: [8] Use of undefined constant register - assumed 'register' F:\HTML\task_system\Application\Runtime\Cache\Home\008e2ad42cd616a4bbdd0e672155681c.php 第 75 行.
NOTIC: [2] Division by zero F:\HTML\task_system\Application\Runtime\Cache\Home\008e2ad42cd616a4bbdd0e672155681c.php 第 75 行.
INFO: Run Behavior\ParseTemplateBehavior [ RunTime:0.013449s ]
INFO: [ view_parse ] --END-- [ RunTime:0.013648s ]
INFO: [ view_filter ] --START--
INFO: Run Behavior\WriteHtmlCacheBehavior [ RunTime:0.000964s ]
INFO: [ view_filter ] --END-- [ RunTime:0.001139s ]
INFO: [ app_end ] --START--
INFO: Run Behavior\ShowPageTraceBehavior [ RunTime:0.001064s ]
INFO: [ app_end ] --END-- [ RunTime:0.001198s ]

[ 2016-03-26T21:35:45+08:00 ] ::1 /task_system/index.php/Home/Index/user.html
INFO: [ app_begin ] --START--
INFO: Run Behavior\ReadHtmlCacheBehavior [ RunTime:0.000655s ]
INFO: [ app_begin ] --END-- [ RunTime:0.001462s ]
NOTIC: [8] Undefined index: register F:\HTML\task_system\Application\Home\Controller\IndexController.class.php 第 13 行.
INFO: [ view_parse ] --START--
INFO: [ template_filter ] --START--
INFO: Run Behavior\ContentReplaceBehavior [ RunTime:0.000186s ]
INFO: [ template_filter ] --END-- [ RunTime:0.000326s ]
NOTIC: [8] Use of undefined constant Index - assumed 'Index' F:\HTML\task_system\Application\Runtime\Cache\Home\008e2ad42cd616a4bbdd0e672155681c.php 第 75 行.
NOTIC: [8] Use of undefined constant register - assumed 'register' F:\HTML\task_system\Application\Runtime\Cache\Home\008e2ad42cd616a4bbdd0e672155681c.php 第 75 行.
NOTIC: [2] Division by zero F:\HTML\task_system\Application\Runtime\Cache\Home\008e2ad42cd616a4bbdd0e672155681c.php 第 75 行.
INFO: Run Behavior\ParseTemplateBehavior [ RunTime:0.011327s ]
INFO: [ view_parse ] --END-- [ RunTime:0.011465s ]
INFO: [ view_filter ] --START--
INFO: Run Behavior\WriteHtmlCacheBehavior [ RunTime:0.000489s ]
INFO: [ view_filter ] --END-- [ RunTime:0.000611s ]
INFO: [ app_end ] --START--
INFO: Run Behavior\ShowPageTraceBehavior [ RunTime:0.000815s ]
INFO: [ app_end ] --END-- [ RunTime:0.001017s ]

[ 2016-03-26T21:36:30+08:00 ] ::1 /task_system/index.php/Home/Index/user.html
INFO: [ app_begin ] --START--
INFO: Run Behavior\ReadHtmlCacheBehavior [ RunTime:0.000920s ]
INFO: [ app_begin ] --END-- [ RunTime:0.001825s ]
NOTIC: [8] Undefined index: register F:\HTML\task_system\Application\Home\Controller\IndexController.class.php 第 13 行.
INFO: [ view_parse ] --START--
INFO: [ template_filter ] --START--
INFO: Run Behavior\ContentReplaceBehavior [ RunTime:0.000195s ]
INFO: [ template_filter ] --END-- [ RunTime:0.000346s ]
NOTIC: [8] Use of undefined constant Index - assumed 'Index' F:\HTML\task_system\Application\Runtime\Cache\Home\008e2ad42cd616a4bbdd0e672155681c.php 第 75 行.
NOTIC: [8] Use of undefined constant register - assumed 'register' F:\HTML\task_system\Application\Runtime\Cache\Home\008e2ad42cd616a4bbdd0e672155681c.php 第 75 行.
NOTIC: [2] Division by zero F:\HTML\task_system\Application\Runtime\Cache\Home\008e2ad42cd616a4bbdd0e672155681c.php 第 75 行.
INFO: Run Behavior\ParseTemplateBehavior [ RunTime:0.011267s ]
INFO: [ view_parse ] --END-- [ RunTime:0.011417s ]
INFO: [ view_filter ] --START--
INFO: Run Behavior\WriteHtmlCacheBehavior [ RunTime:0.000516s ]
INFO: [ view_filter ] --END-- [ RunTime:0.000645s ]
INFO: [ app_end ] --START--
INFO: Run Behavior\ShowPageTraceBehavior [ RunTime:0.000705s ]
INFO: [ app_end ] --END-- [ RunTime:0.000835s ]

[ 2016-03-26T21:36:55+08:00 ] ::1 /task_system/index.php/Home/Index/user.html
INFO: [ app_begin ] --START--
INFO: Run Behavior\ReadHtmlCacheBehavior [ RunTime:0.000725s ]
INFO: [ app_begin ] --END-- [ RunTime:0.001550s ]
NOTIC: [8] Undefined index: register F:\HTML\task_system\Application\Home\Controller\IndexController.class.php 第 13 行.
INFO: [ view_parse ] --START--
INFO: [ template_filter ] --START--
INFO: Run Behavior\ContentReplaceBehavior [ RunTime:0.000185s ]
INFO: [ template_filter ] --END-- [ RunTime:0.000326s ]
NOTIC: [8] Use of undefined constant Index - assumed 'Index' F:\HTML\task_system\Application\Runtime\Cache\Home\008e2ad42cd616a4bbdd0e672155681c.php 第 75 行.
NOTIC: [8] Use of undefined constant register - assumed 'register' F:\HTML\task_system\Application\Runtime\Cache\Home\008e2ad42cd616a4bbdd0e672155681c.php 第 75 行.
NOTIC: [2] Division by zero F:\HTML\task_system\Application\Runtime\Cache\Home\008e2ad42cd616a4bbdd0e672155681c.php 第 75 行.
INFO: Run Behavior\ParseTemplateBehavior [ RunTime:0.010600s ]
INFO: [ view_parse ] --END-- [ RunTime:0.010731s ]
INFO: [ view_filter ] --START--
INFO: Run Behavior\WriteHtmlCacheBehavior [ RunTime:0.000462s ]
INFO: [ view_filter ] --END-- [ RunTime:0.000587s ]
INFO: [ app_end ] --START--
INFO: Run Behavior\ShowPageTraceBehavior [ RunTime:0.000986s ]
INFO: [ app_end ] --END-- [ RunTime:0.001184s ]

[ 2016-03-26T21:37:19+08:00 ] ::1 /task_system/index.php/Home/Index/user.html
INFO: [ app_begin ] --START--
INFO: Run Behavior\ReadHtmlCacheBehavior [ RunTime:0.001666s ]
INFO: [ app_begin ] --END-- [ RunTime:0.002613s ]
NOTIC: [8] Undefined index: register F:\HTML\task_system\Application\Home\Controller\IndexController.class.php 第 13 行.
INFO: [ view_parse ] --START--
INFO: [ template_filter ] --START--
INFO: Run Behavior\ContentReplaceBehavior [ RunTime:0.000238s ]
INFO: [ template_filter ] --END-- [ RunTime:0.000384s ]
NOTIC: [8] Use of undefined constant Index - assumed 'Index' F:\HTML\task_system\Application\Runtime\Cache\Home\008e2ad42cd616a4bbdd0e672155681c.php 第 75 行.
NOTIC: [8] Use of undefined constant register - assumed 'register' F:\HTML\task_system\Application\Runtime\Cache\Home\008e2ad42cd616a4bbdd0e672155681c.php 第 75 行.
NOTIC: [2] Division by zero F:\HTML\task_system\Application\Runtime\Cache\Home\008e2ad42cd616a4bbdd0e672155681c.php 第 75 行.
INFO: Run Behavior\ParseTemplateBehavior [ RunTime:0.014095s ]
INFO: [ view_parse ] --END-- [ RunTime:0.014244s ]
INFO: [ view_filter ] --START--
INFO: Run Behavior\WriteHtmlCacheBehavior [ RunTime:0.000907s ]
INFO: [ view_filter ] --END-- [ RunTime:0.001038s ]
INFO: [ app_end ] --START--
INFO: Run Behavior\ShowPageTraceBehavior [ RunTime:0.001324s ]
INFO: [ app_end ] --END-- [ RunTime:0.001528s ]

[ 2016-03-26T21:37:37+08:00 ] ::1 /task_system/index.php/Home/Index/user.html
INFO: [ app_begin ] --START--
INFO: Run Behavior\ReadHtmlCacheBehavior [ RunTime:0.000662s ]
INFO: [ app_begin ] --END-- [ RunTime:0.001480s ]

[ 2016-03-26T21:40:18+08:00 ] ::1 /task_system/index.php/Home/Index/user.html
INFO: [ app_begin ] --START--
INFO: Run Behavior\ReadHtmlCacheBehavior [ RunTime:0.001420s ]
INFO: [ app_begin ] --END-- [ RunTime:0.002293s ]
NOTIC: [8] Undefined index: register F:\HTML\task_system\Application\Home\Controller\IndexController.class.php 第 13 行.
NOTIC: [8] Array to string conversion F:\HTML\task_system\Application\Home\Controller\IndexController.class.php 第 31 行.

[ 2016-03-26T21:40:49+08:00 ] ::1 /task_system/index.php/Home/Index/user.html
INFO: [ app_begin ] --START--
INFO: Run Behavior\ReadHtmlCacheBehavior [ RunTime:0.001507s ]
INFO: [ app_begin ] --END-- [ RunTime:0.002760s ]
NOTIC: [8] Array to string conversion F:\HTML\task_system\Application\Home\Controller\IndexController.class.php 第 14 行.

[ 2016-03-26T21:47:15+08:00 ] ::1 /task_system/index.php/Home/Index/alt=%22%22
ERR: 非法操作:alt=""

[ 2016-03-26T21:47:16+08:00 ] ::1 /task_system/index.php/Home/Index/alt=%22%22
ERR: 非法操作:alt=""

[ 2016-03-26T21:47:16+08:00 ] ::1 /task_system/index.php/Home/Index/alt=%22%22
ERR: 非法操作:alt=""

[ 2016-03-26T21:47:41+08:00 ] ::1 /task_system/index.php/Home/Index/alt=%22%22
ERR: 非法操作:alt=""

[ 2016-03-26T21:47:54+08:00 ] ::1 /task_system/index.php/Home/Index/alt=%22%22
ERR: 非法操作:alt=""

[ 2016-03-26T22:29:41+08:00 ] ::1 /task_system/index.php/Home/Index/aaaaaaaaaaaa
ERR: 非法操作:aaaaaaaaaaaa

