[ 2016-04-11T11:56:22+08:00 ] ::1 /task_system/index.php/Home/Index/user.html
INFO: [ app_begin ] --START--
INFO: Run Behavior\ReadHtmlCacheBehavior [ RunTime:0.001496s ]
INFO: [ app_begin ] --END-- [ RunTime:0.002222s ]
NOTIC: [8] Undefined index: register F:\wamp\www\task_system\Application\Home\Controller\IndexController.class.php 第 35 行.
SQL: SELECT `id`,`user_name`,`user_password` FROM `think_user` WHERE ( user_name = 'admin' ) LIMIT 1   [ RunTime:0.1043s ]

[ 2016-04-11T14:17:57+08:00 ] ::1 /task_system/index.php/Home/Task/delete_task.html
INFO: [ app_begin ] --START--
INFO: Run Behavior\ReadHtmlCacheBehavior [ RunTime:0.001467s ]
INFO: [ app_begin ] --END-- [ RunTime:0.002432s ]
SQL: SHOW COLUMNS FROM `think_task` [ RunTime:0.0144s ]
SQL: UPDATE `think_task` SET `status`='0' WHERE ( id = '19' ) [ RunTime:0.0044s ]

[ 2016-04-11T14:19:13+08:00 ] ::1 /task_system/index.php/Home/Task/delete_task.html
INFO: [ app_begin ] --START--
INFO: Run Behavior\ReadHtmlCacheBehavior [ RunTime:0.001087s ]
INFO: [ app_begin ] --END-- [ RunTime:0.001758s ]
SQL: SHOW COLUMNS FROM `think_task` [ RunTime:0.0146s ]
SQL: UPDATE `think_task` SET `status`='0' WHERE ( id = '19' ) [ RunTime:0.0006s ]

[ 2016-04-11T14:46:13+08:00 ] ::1 /task_system/index.php/Home/Pal/search.html
INFO: [ app_begin ] --START--
INFO: Run Behavior\ReadHtmlCacheBehavior [ RunTime:0.001461s ]
INFO: [ app_begin ] --END-- [ RunTime:0.002232s ]
SQL: SHOW COLUMNS FROM `think_pal` [ RunTime:0.0115s ]
SQL: SELECT `attention_user` FROM `think_pal` WHERE ( login_user = '1' )  [ RunTime:0.0004s ]
SQL: SHOW COLUMNS FROM `think_user` [ RunTime:0.0121s ]
SQL: SELECT `user_name` FROM `think_user` WHERE ( id in (2,3,4) )  [ RunTime:0.0004s ]
SQL: SHOW COLUMNS FROM `think_user_center` [ RunTime:0.0138s ]
SQL: SELECT `user_name`,`sex`,`email`,`qq`,`motto`,`user_tag`,`user_img` FROM `think_user_center` WHERE ( user_name = 'admin' ) LIMIT 1   [ RunTime:0.0005s ]
SQL: SHOW COLUMNS FROM `think_user` [ RunTime:0.0075s ]
SQL: SELECT `id` FROM `think_user` WHERE ( user_name = 'admin' ) LIMIT 1   [ RunTime:0.0004s ]
NOTIC: [8] Use of undefined constant json - assumed 'json' F:\wamp\www\task_system\Application\Home\Controller\PalController.class.php 第 62 行.

[ 2016-04-11T17:55:43+08:00 ] ::1 /task_system/index.php/Home/Task/finish_task.html
INFO: [ app_begin ] --START--
INFO: Run Behavior\ReadHtmlCacheBehavior [ RunTime:0.001062s ]
INFO: [ app_begin ] --END-- [ RunTime:0.001846s ]
SQL: SHOW COLUMNS FROM `think_task` [ RunTime:0.0142s ]
SQL: UPDATE `think_task` SET `status`='2' WHERE ( id = 6 ) [ RunTime:0.0029s ]

[ 2016-04-11T17:56:40+08:00 ] ::1 /task_system/index.php/Home/Task/finish_task.html
INFO: [ app_begin ] --START--
INFO: Run Behavior\ReadHtmlCacheBehavior [ RunTime:0.001050s ]
INFO: [ app_begin ] --END-- [ RunTime:0.001820s ]
SQL: SHOW COLUMNS FROM `think_task` [ RunTime:0.0132s ]
SQL: UPDATE `think_task` SET `status`='2' WHERE ( id = 6 ) [ RunTime:0.0003s ]

[ 2016-04-11T17:57:08+08:00 ] ::1 /task_system/index.php/Home/Task/finish_task.html
INFO: [ app_begin ] --START--
INFO: Run Behavior\ReadHtmlCacheBehavior [ RunTime:0.001206s ]
INFO: [ app_begin ] --END-- [ RunTime:0.001981s ]
SQL: SHOW COLUMNS FROM `think_task` [ RunTime:0.0141s ]
SQL: UPDATE `think_task` SET `status`='2' WHERE ( id = '6' ) [ RunTime:0.0003s ]

[ 2016-04-11T17:57:11+08:00 ] ::1 /task_system/index.php/Home/Task/finish_task.html
INFO: [ app_begin ] --START--
INFO: Run Behavior\ReadHtmlCacheBehavior [ RunTime:0.001055s ]
INFO: [ app_begin ] --END-- [ RunTime:0.001825s ]
SQL: SHOW COLUMNS FROM `think_task` [ RunTime:0.0143s ]
SQL: UPDATE `think_task` SET `status`='2' WHERE ( id = '6' ) [ RunTime:0.0004s ]

[ 2016-04-11T17:57:15+08:00 ] ::1 /task_system/index.php/Home/Task/finish_task.html
INFO: [ app_begin ] --START--
INFO: Run Behavior\ReadHtmlCacheBehavior [ RunTime:0.001480s ]
INFO: [ app_begin ] --END-- [ RunTime:0.002300s ]
SQL: SHOW COLUMNS FROM `think_task` [ RunTime:0.0125s ]
SQL: UPDATE `think_task` SET `status`='2' WHERE ( id = '6' ) [ RunTime:0.0004s ]

[ 2016-04-11T17:57:53+08:00 ] ::1 /task_system/index.php/Home/Task/finish_task.html
INFO: [ app_begin ] --START--
INFO: Run Behavior\ReadHtmlCacheBehavior [ RunTime:0.001405s ]
INFO: [ app_begin ] --END-- [ RunTime:0.002145s ]
SQL: SHOW COLUMNS FROM `think_task` [ RunTime:0.0152s ]
SQL: UPDATE `think_task` SET `status`='2' WHERE ( id = 6 ) [ RunTime:0.0004s ]

[ 2016-04-11T17:58:04+08:00 ] ::1 /task_system/index.php/Home/Task/finish_task.html
INFO: [ app_begin ] --START--
INFO: Run Behavior\ReadHtmlCacheBehavior [ RunTime:0.001179s ]
INFO: [ app_begin ] --END-- [ RunTime:0.001816s ]
SQL: SHOW COLUMNS FROM `think_task` [ RunTime:0.0121s ]
SQL: UPDATE `think_task` SET `status`='2' WHERE ( id = 6 ) [ RunTime:0.0004s ]

[ 2016-04-11T19:53:43+08:00 ] ::1 /task_system/index.php/Home/Index/user.html
INFO: [ app_begin ] --START--
INFO: Run Behavior\ReadHtmlCacheBehavior [ RunTime:0.000954s ]
INFO: [ app_begin ] --END-- [ RunTime:0.001634s ]
NOTIC: [8] Undefined index: register F:\wamp\www\task_system\Application\Home\Controller\IndexController.class.php 第 35 行.
SQL: SELECT `id`,`user_name`,`user_password` FROM `think_user` WHERE ( user_name = 'admin' ) LIMIT 1   [ RunTime:0.0187s ]

[ 2016-04-11T19:55:05+08:00 ] ::1 /task_system/index.php/Home/Task/task_all.html
ERR: 1064:You have an error in your SQL syntax; check the manual that corresponds to your MySQL server version for the right syntax to use near ') LIMIT 1' at line 1
 [ SQL语句 ] : SELECT `id`,`project_name` FROM `think_project` WHERE ( id =  ) LIMIT 1  

[ 2016-04-11T19:56:51+08:00 ] ::1 /task_system/index.php/Home/Task/task_all.html
ERR: 1064:You have an error in your SQL syntax; check the manual that corresponds to your MySQL server version for the right syntax to use near ') LIMIT 1' at line 1
 [ SQL语句 ] : SELECT `id`,`project_name` FROM `think_project` WHERE ( id =  ) LIMIT 1  

[ 2016-04-11T19:57:59+08:00 ] ::1 /task_system/index.php/Home/Task/task_all.html
ERR: 1064:You have an error in your SQL syntax; check the manual that corresponds to your MySQL server version for the right syntax to use near ') LIMIT 1' at line 1
 [ SQL语句 ] : SELECT `id`,`project_name` FROM `think_project` WHERE ( id =  ) LIMIT 1  

[ 2016-04-11T19:58:00+08:00 ] ::1 /task_system/index.php/Home/Task/task_all.html
ERR: 1064:You have an error in your SQL syntax; check the manual that corresponds to your MySQL server version for the right syntax to use near ') LIMIT 1' at line 1
 [ SQL语句 ] : SELECT `id`,`project_name` FROM `think_project` WHERE ( id =  ) LIMIT 1  

[ 2016-04-11T19:58:00+08:00 ] ::1 /task_system/index.php/Home/Task/task_all.html
ERR: 1064:You have an error in your SQL syntax; check the manual that corresponds to your MySQL server version for the right syntax to use near ') LIMIT 1' at line 1
 [ SQL语句 ] : SELECT `id`,`project_name` FROM `think_project` WHERE ( id =  ) LIMIT 1  

[ 2016-04-11T19:58:00+08:00 ] ::1 /task_system/index.php/Home/Task/task_all.html
ERR: 1064:You have an error in your SQL syntax; check the manual that corresponds to your MySQL server version for the right syntax to use near ') LIMIT 1' at line 1
 [ SQL语句 ] : SELECT `id`,`project_name` FROM `think_project` WHERE ( id =  ) LIMIT 1  

[ 2016-04-11T19:58:01+08:00 ] ::1 /task_system/index.php/Home/Task/task_all.html
ERR: 1064:You have an error in your SQL syntax; check the manual that corresponds to your MySQL server version for the right syntax to use near ') LIMIT 1' at line 1
 [ SQL语句 ] : SELECT `id`,`project_name` FROM `think_project` WHERE ( id =  ) LIMIT 1  

[ 2016-04-11T19:58:01+08:00 ] ::1 /task_system/index.php/Home/Task/task_all.html
ERR: 1064:You have an error in your SQL syntax; check the manual that corresponds to your MySQL server version for the right syntax to use near ') LIMIT 1' at line 1
 [ SQL语句 ] : SELECT `id`,`project_name` FROM `think_project` WHERE ( id =  ) LIMIT 1  

[ 2016-04-11T19:58:01+08:00 ] ::1 /task_system/index.php/Home/Task/task_all.html
ERR: 1064:You have an error in your SQL syntax; check the manual that corresponds to your MySQL server version for the right syntax to use near ') LIMIT 1' at line 1
 [ SQL语句 ] : SELECT `id`,`project_name` FROM `think_project` WHERE ( id =  ) LIMIT 1  

[ 2016-04-11T19:58:01+08:00 ] ::1 /task_system/index.php/Home/Task/task_all.html
ERR: 1064:You have an error in your SQL syntax; check the manual that corresponds to your MySQL server version for the right syntax to use near ') LIMIT 1' at line 1
 [ SQL语句 ] : SELECT `id`,`project_name` FROM `think_project` WHERE ( id =  ) LIMIT 1  

[ 2016-04-11T19:58:01+08:00 ] ::1 /task_system/index.php/Home/Task/task_all.html
ERR: 1064:You have an error in your SQL syntax; check the manual that corresponds to your MySQL server version for the right syntax to use near ') LIMIT 1' at line 1
 [ SQL语句 ] : SELECT `id`,`project_name` FROM `think_project` WHERE ( id =  ) LIMIT 1  

[ 2016-04-11T19:58:01+08:00 ] ::1 /task_system/index.php/Home/Task/task_all.html
ERR: 1064:You have an error in your SQL syntax; check the manual that corresponds to your MySQL server version for the right syntax to use near ') LIMIT 1' at line 1
 [ SQL语句 ] : SELECT `id`,`project_name` FROM `think_project` WHERE ( id =  ) LIMIT 1  

[ 2016-04-11T19:58:01+08:00 ] ::1 /task_system/index.php/Home/Task/task_all.html
ERR: 1064:You have an error in your SQL syntax; check the manual that corresponds to your MySQL server version for the right syntax to use near ') LIMIT 1' at line 1
 [ SQL语句 ] : SELECT `id`,`project_name` FROM `think_project` WHERE ( id =  ) LIMIT 1  

[ 2016-04-11T19:58:01+08:00 ] ::1 /task_system/index.php/Home/Task/task_all.html
ERR: 1064:You have an error in your SQL syntax; check the manual that corresponds to your MySQL server version for the right syntax to use near ') LIMIT 1' at line 1
 [ SQL语句 ] : SELECT `id`,`project_name` FROM `think_project` WHERE ( id =  ) LIMIT 1  

[ 2016-04-11T19:58:02+08:00 ] ::1 /task_system/index.php/Home/Task/task_all.html
ERR: 1064:You have an error in your SQL syntax; check the manual that corresponds to your MySQL server version for the right syntax to use near ') LIMIT 1' at line 1
 [ SQL语句 ] : SELECT `id`,`project_name` FROM `think_project` WHERE ( id =  ) LIMIT 1  

[ 2016-04-11T19:58:02+08:00 ] ::1 /task_system/index.php/Home/Task/task_all.html
ERR: 1064:You have an error in your SQL syntax; check the manual that corresponds to your MySQL server version for the right syntax to use near ') LIMIT 1' at line 1
 [ SQL语句 ] : SELECT `id`,`project_name` FROM `think_project` WHERE ( id =  ) LIMIT 1  

[ 2016-04-11T19:58:02+08:00 ] ::1 /task_system/index.php/Home/Task/task_all.html
ERR: 1064:You have an error in your SQL syntax; check the manual that corresponds to your MySQL server version for the right syntax to use near ') LIMIT 1' at line 1
 [ SQL语句 ] : SELECT `id`,`project_name` FROM `think_project` WHERE ( id =  ) LIMIT 1  

[ 2016-04-11T19:58:02+08:00 ] ::1 /task_system/index.php/Home/Task/task_all.html
ERR: 1064:You have an error in your SQL syntax; check the manual that corresponds to your MySQL server version for the right syntax to use near ') LIMIT 1' at line 1
 [ SQL语句 ] : SELECT `id`,`project_name` FROM `think_project` WHERE ( id =  ) LIMIT 1  

[ 2016-04-11T19:58:53+08:00 ] ::1 /task_system/index.php/Home/Task/task_all.html
ERR: 1064:You have an error in your SQL syntax; check the manual that corresponds to your MySQL server version for the right syntax to use near ') LIMIT 1' at line 1
 [ SQL语句 ] : SELECT `id`,`project_name` FROM `think_project` WHERE ( id =  ) LIMIT 1  

[ 2016-04-11T19:58:53+08:00 ] ::1 /task_system/index.php/Home/Task/task_all.html
ERR: 1064:You have an error in your SQL syntax; check the manual that corresponds to your MySQL server version for the right syntax to use near ') LIMIT 1' at line 1
 [ SQL语句 ] : SELECT `id`,`project_name` FROM `think_project` WHERE ( id =  ) LIMIT 1  

[ 2016-04-11T19:58:53+08:00 ] ::1 /task_system/index.php/Home/Task/task_all.html
ERR: 1064:You have an error in your SQL syntax; check the manual that corresponds to your MySQL server version for the right syntax to use near ') LIMIT 1' at line 1
 [ SQL语句 ] : SELECT `id`,`project_name` FROM `think_project` WHERE ( id =  ) LIMIT 1  

[ 2016-04-11T19:58:54+08:00 ] ::1 /task_system/index.php/Home/Task/task_all.html
ERR: 1064:You have an error in your SQL syntax; check the manual that corresponds to your MySQL server version for the right syntax to use near ') LIMIT 1' at line 1
 [ SQL语句 ] : SELECT `id`,`project_name` FROM `think_project` WHERE ( id =  ) LIMIT 1  

[ 2016-04-11T19:58:54+08:00 ] ::1 /task_system/index.php/Home/Task/task_all.html
ERR: 1064:You have an error in your SQL syntax; check the manual that corresponds to your MySQL server version for the right syntax to use near ') LIMIT 1' at line 1
 [ SQL语句 ] : SELECT `id`,`project_name` FROM `think_project` WHERE ( id =  ) LIMIT 1  

[ 2016-04-11T19:58:54+08:00 ] ::1 /task_system/index.php/Home/Task/task_all.html
ERR: 1064:You have an error in your SQL syntax; check the manual that corresponds to your MySQL server version for the right syntax to use near ') LIMIT 1' at line 1
 [ SQL语句 ] : SELECT `id`,`project_name` FROM `think_project` WHERE ( id =  ) LIMIT 1  

[ 2016-04-11T19:59:10+08:00 ] ::1 /task_system/index.php/Home/Task/task_all.html
ERR: 1064:You have an error in your SQL syntax; check the manual that corresponds to your MySQL server version for the right syntax to use near ') LIMIT 1' at line 1
 [ SQL语句 ] : SELECT `id`,`project_name` FROM `think_project` WHERE ( id =  ) LIMIT 1  

[ 2016-04-11T19:59:10+08:00 ] ::1 /task_system/index.php/Home/Task/task_all.html
ERR: 1064:You have an error in your SQL syntax; check the manual that corresponds to your MySQL server version for the right syntax to use near ') LIMIT 1' at line 1
 [ SQL语句 ] : SELECT `id`,`project_name` FROM `think_project` WHERE ( id =  ) LIMIT 1  

[ 2016-04-11T19:59:44+08:00 ] ::1 /task_system/index.php/Home/Task/task_all.html
ERR: 1064:You have an error in your SQL syntax; check the manual that corresponds to your MySQL server version for the right syntax to use near ') LIMIT 1' at line 1
 [ SQL语句 ] : SELECT `id`,`project_name` FROM `think_project` WHERE ( id =  ) LIMIT 1  

[ 2016-04-11T19:59:44+08:00 ] ::1 /task_system/index.php/Home/Task/task_all.html
ERR: 1064:You have an error in your SQL syntax; check the manual that corresponds to your MySQL server version for the right syntax to use near ') LIMIT 1' at line 1
 [ SQL语句 ] : SELECT `id`,`project_name` FROM `think_project` WHERE ( id =  ) LIMIT 1  

[ 2016-04-11T19:59:45+08:00 ] ::1 /task_system/index.php/Home/Task/task_all.html
ERR: 1064:You have an error in your SQL syntax; check the manual that corresponds to your MySQL server version for the right syntax to use near ') LIMIT 1' at line 1
 [ SQL语句 ] : SELECT `id`,`project_name` FROM `think_project` WHERE ( id =  ) LIMIT 1  

[ 2016-04-11T19:59:45+08:00 ] ::1 /task_system/index.php/Home/Task/task_all.html
ERR: 1064:You have an error in your SQL syntax; check the manual that corresponds to your MySQL server version for the right syntax to use near ') LIMIT 1' at line 1
 [ SQL语句 ] : SELECT `id`,`project_name` FROM `think_project` WHERE ( id =  ) LIMIT 1  

[ 2016-04-11T19:59:45+08:00 ] ::1 /task_system/index.php/Home/Task/task_all.html
ERR: 1064:You have an error in your SQL syntax; check the manual that corresponds to your MySQL server version for the right syntax to use near ') LIMIT 1' at line 1
 [ SQL语句 ] : SELECT `id`,`project_name` FROM `think_project` WHERE ( id =  ) LIMIT 1  

[ 2016-04-11T19:59:45+08:00 ] ::1 /task_system/index.php/Home/Task/task_all.html
ERR: 1064:You have an error in your SQL syntax; check the manual that corresponds to your MySQL server version for the right syntax to use near ') LIMIT 1' at line 1
 [ SQL语句 ] : SELECT `id`,`project_name` FROM `think_project` WHERE ( id =  ) LIMIT 1  

[ 2016-04-11T19:59:45+08:00 ] ::1 /task_system/index.php/Home/Task/task_all.html
ERR: 1064:You have an error in your SQL syntax; check the manual that corresponds to your MySQL server version for the right syntax to use near ') LIMIT 1' at line 1
 [ SQL语句 ] : SELECT `id`,`project_name` FROM `think_project` WHERE ( id =  ) LIMIT 1  

[ 2016-04-11T19:59:45+08:00 ] ::1 /task_system/index.php/Home/Task/task_all.html
ERR: 1064:You have an error in your SQL syntax; check the manual that corresponds to your MySQL server version for the right syntax to use near ') LIMIT 1' at line 1
 [ SQL语句 ] : SELECT `id`,`project_name` FROM `think_project` WHERE ( id =  ) LIMIT 1  

[ 2016-04-11T19:59:46+08:00 ] ::1 /task_system/index.php/Home/Task/task_all.html
ERR: 1064:You have an error in your SQL syntax; check the manual that corresponds to your MySQL server version for the right syntax to use near ') LIMIT 1' at line 1
 [ SQL语句 ] : SELECT `id`,`project_name` FROM `think_project` WHERE ( id =  ) LIMIT 1  

[ 2016-04-11T20:01:43+08:00 ] ::1 /task_system/index.php/Home/Task/finish_task.html
INFO: [ app_begin ] --START--
INFO: Run Behavior\ReadHtmlCacheBehavior [ RunTime:0.000578s ]
INFO: [ app_begin ] --END-- [ RunTime:0.001218s ]
SQL: SHOW COLUMNS FROM `think_task` [ RunTime:0.0140s ]
SQL: UPDATE `think_task` SET `status`='2' WHERE ( id = 21 ) [ RunTime:0.0014s ]

[ 2016-04-11T20:03:11+08:00 ] ::1 /task_system/index.php/Home/Task/unfinish_task.html
INFO: [ app_begin ] --START--
INFO: Run Behavior\ReadHtmlCacheBehavior [ RunTime:0.001390s ]
INFO: [ app_begin ] --END-- [ RunTime:0.002138s ]
SQL: SHOW COLUMNS FROM `think_task` [ RunTime:0.0134s ]
SQL: UPDATE `think_task` SET `status`='1' WHERE ( id = 20 ) [ RunTime:0.0004s ]

[ 2016-04-11T20:03:14+08:00 ] ::1 /task_system/index.php/Home/Task/finish_task.html
INFO: [ app_begin ] --START--
INFO: Run Behavior\ReadHtmlCacheBehavior [ RunTime:0.001055s ]
INFO: [ app_begin ] --END-- [ RunTime:0.001764s ]
SQL: SHOW COLUMNS FROM `think_task` [ RunTime:0.0132s ]
SQL: UPDATE `think_task` SET `status`='2' WHERE ( id = 20 ) [ RunTime:0.0004s ]

[ 2016-04-11T20:03:16+08:00 ] ::1 /task_system/index.php/Home/Task/unfinish_task.html
INFO: [ app_begin ] --START--
INFO: Run Behavior\ReadHtmlCacheBehavior [ RunTime:0.001074s ]
INFO: [ app_begin ] --END-- [ RunTime:0.001731s ]
SQL: SHOW COLUMNS FROM `think_task` [ RunTime:0.0124s ]
SQL: UPDATE `think_task` SET `status`='1' WHERE ( id = 20 ) [ RunTime:0.0004s ]

[ 2016-04-11T20:03:18+08:00 ] ::1 /task_system/index.php/Home/Task/finish_task.html
INFO: [ app_begin ] --START--
INFO: Run Behavior\ReadHtmlCacheBehavior [ RunTime:0.001180s ]
INFO: [ app_begin ] --END-- [ RunTime:0.001874s ]
SQL: SHOW COLUMNS FROM `think_task` [ RunTime:0.0146s ]
SQL: UPDATE `think_task` SET `status`='2' WHERE ( id = 19 ) [ RunTime:0.0008s ]

[ 2016-04-11T20:08:33+08:00 ] ::1 /task_system/index.php/Home/Task/unfinish_task.html
INFO: [ app_begin ] --START--
INFO: Run Behavior\ReadHtmlCacheBehavior [ RunTime:0.001034s ]
INFO: [ app_begin ] --END-- [ RunTime:0.001677s ]
SQL: SHOW COLUMNS FROM `think_task` [ RunTime:0.0138s ]
SQL: UPDATE `think_task` SET `status`='1' WHERE ( id = 19 ) [ RunTime:0.0004s ]

[ 2016-04-11T20:16:39+08:00 ] ::1 /task_system/index.php/Home/Index/user.html
INFO: [ app_begin ] --START--
INFO: Run Behavior\ReadHtmlCacheBehavior [ RunTime:0.001178s ]
INFO: [ app_begin ] --END-- [ RunTime:0.001885s ]
NOTIC: [8] Undefined index: register F:\wamp\www\task_system\Application\Home\Controller\IndexController.class.php 第 35 行.
SQL: SELECT `id`,`user_name`,`user_password` FROM `think_user` WHERE ( user_name = 'admin' ) LIMIT 1   [ RunTime:0.0006s ]

