[ 2016-03-30T09:33:19+08:00 ] ::1 /task_system/index.php/Home/Index/user.html
INFO: [ app_begin ] --START--
INFO: Run Behavior\ReadHtmlCacheBehavior [ RunTime:0.002074s ]
INFO: [ app_begin ] --END-- [ RunTime:0.003207s ]
NOTIC: [8] Undefined index: register F:\HTML\task_system\Application\Home\Controller\IndexController.class.php 第 15 行.
SQL: SELECT `id`,`user_name`,`user_password` FROM `think_user` WHERE ( user_name = 'admin' ) LIMIT 1   [ RunTime:0.0011s ]

[ 2016-03-30T09:34:55+08:00 ] ::1 /task_system/index.php/Home/Pal/user_tag.html
INFO: [ app_begin ] --START--
INFO: Run Behavior\ReadHtmlCacheBehavior [ RunTime:0.001997s ]
INFO: [ app_begin ] --END-- [ RunTime:0.003788s ]

[ 2016-03-30T09:35:20+08:00 ] ::1 /task_system/index.php/Home/Pal/user_tag.html
INFO: [ app_begin ] --START--
INFO: Run Behavior\ReadHtmlCacheBehavior [ RunTime:0.002074s ]
INFO: [ app_begin ] --END-- [ RunTime:0.002957s ]

[ 2016-03-30T09:35:40+08:00 ] ::1 /task_system/index.php/Home/Pal/user_tag.html
INFO: [ app_begin ] --START--
INFO: Run Behavior\ReadHtmlCacheBehavior [ RunTime:0.002106s ]
INFO: [ app_begin ] --END-- [ RunTime:0.003000s ]

[ 2016-03-30T09:36:15+08:00 ] ::1 /task_system/index.php/Home/Pal/user_tag.html
INFO: [ app_begin ] --START--
INFO: Run Behavior\ReadHtmlCacheBehavior [ RunTime:0.001901s ]
INFO: [ app_begin ] --END-- [ RunTime:0.002739s ]

[ 2016-03-30T09:36:38+08:00 ] ::1 /task_system/index.php/Home/Pal/user_tag.html
INFO: [ app_begin ] --START--
INFO: Run Behavior\ReadHtmlCacheBehavior [ RunTime:0.001892s ]
INFO: [ app_begin ] --END-- [ RunTime:0.002719s ]

[ 2016-03-30T09:36:58+08:00 ] ::1 /task_system/index.php/Home/Pal/user_tag.html
INFO: [ app_begin ] --START--
INFO: Run Behavior\ReadHtmlCacheBehavior [ RunTime:0.002522s ]
INFO: [ app_begin ] --END-- [ RunTime:0.003403s ]
SQL: SHOW COLUMNS FROM `think_user_center` [ RunTime:0.0090s ]
SQL: SELECT `user_tag` FROM `think_user_center` WHERE ( user_name = 'admin' ) LIMIT 1   [ RunTime:0.0005s ]
NOTIC: [2] explode() expects parameter 2 to be string, array given F:\HTML\task_system\Application\Home\Model\user_centerModel.class.php 第 47 行.
NOTIC: [2] array_merge(): Argument #1 is not an array F:\HTML\task_system\Application\Home\Model\user_centerModel.class.php 第 50 行.
NOTIC: [2] implode(): Invalid arguments passed F:\HTML\task_system\Application\Home\Model\user_centerModel.class.php 第 51 行.
SQL: UPDATE `think_user_center` SET `user_tag`=NULL WHERE ( user_name = 'admin' ) [ RunTime:0.0005s ]

[ 2016-03-30T09:38:35+08:00 ] ::1 /task_system/index.php/Home/Pal/user_tag.html
INFO: [ app_begin ] --START--
INFO: Run Behavior\ReadHtmlCacheBehavior [ RunTime:0.002340s ]
INFO: [ app_begin ] --END-- [ RunTime:0.003186s ]
SQL: SHOW COLUMNS FROM `think_user_center` [ RunTime:0.0077s ]
SQL: SELECT `user_tag` FROM `think_user_center` WHERE ( user_name = 'admin' ) LIMIT 1   [ RunTime:0.0004s ]
NOTIC: [2] explode() expects parameter 2 to be string, array given F:\HTML\task_system\Application\Home\Model\user_centerModel.class.php 第 48 行.
NOTIC: [2] array_merge(): Argument #1 is not an array F:\HTML\task_system\Application\Home\Model\user_centerModel.class.php 第 51 行.
NOTIC: [2] implode(): Invalid arguments passed F:\HTML\task_system\Application\Home\Model\user_centerModel.class.php 第 52 行.
SQL: UPDATE `think_user_center` SET `user_tag`=NULL WHERE ( user_name = 'admin' ) [ RunTime:0.0003s ]

[ 2016-03-30T09:39:04+08:00 ] ::1 /task_system/index.php/Home/Pal/user_tag.html
INFO: [ app_begin ] --START--
INFO: Run Behavior\ReadHtmlCacheBehavior [ RunTime:0.002534s ]
INFO: [ app_begin ] --END-- [ RunTime:0.003387s ]
SQL: SHOW COLUMNS FROM `think_user_center` [ RunTime:0.0084s ]
SQL: SELECT `user_tag` FROM `think_user_center` WHERE ( user_name = 'admin' ) LIMIT 1   [ RunTime:0.0004s ]

[ 2016-03-30T09:39:33+08:00 ] ::1 /task_system/index.php/Home/Pal/user_tag.html
INFO: [ app_begin ] --START--
INFO: Run Behavior\ReadHtmlCacheBehavior [ RunTime:0.002015s ]
INFO: [ app_begin ] --END-- [ RunTime:0.003000s ]
SQL: SHOW COLUMNS FROM `think_user_center` [ RunTime:0.0085s ]
SQL: SELECT `user_tag` FROM `think_user_center` WHERE ( user_name = 'admin' ) LIMIT 1   [ RunTime:0.0005s ]
NOTIC: [2] explode() expects parameter 2 to be string, array given F:\HTML\task_system\Application\Home\Model\user_centerModel.class.php 第 47 行.
NOTIC: [2] array_merge(): Argument #1 is not an array F:\HTML\task_system\Application\Home\Model\user_centerModel.class.php 第 50 行.
NOTIC: [2] implode(): Invalid arguments passed F:\HTML\task_system\Application\Home\Model\user_centerModel.class.php 第 51 行.
SQL: UPDATE `think_user_center` SET `user_tag`=NULL WHERE ( user_name = 'admin' ) [ RunTime:0.0003s ]

[ 2016-03-30T09:40:14+08:00 ] ::1 /task_system/index.php/Home/Pal/user_tag.html
INFO: [ app_begin ] --START--
INFO: Run Behavior\ReadHtmlCacheBehavior [ RunTime:0.002114s ]
INFO: [ app_begin ] --END-- [ RunTime:0.002987s ]
SQL: SHOW COLUMNS FROM `think_user_center` [ RunTime:0.0086s ]
SQL: SELECT `user_tag` FROM `think_user_center` WHERE ( user_name = 'admin' ) LIMIT 1   [ RunTime:0.0004s ]
SQL: UPDATE `think_user_center` SET `user_tag`='php,' WHERE ( user_name = 'admin' ) [ RunTime:0.0005s ]

[ 2016-03-30T09:40:32+08:00 ] ::1 /task_system/index.php/Home/Pal/user_tag.html
INFO: [ app_begin ] --START--
INFO: Run Behavior\ReadHtmlCacheBehavior [ RunTime:0.002823s ]
INFO: [ app_begin ] --END-- [ RunTime:0.003794s ]
SQL: SHOW COLUMNS FROM `think_user_center` [ RunTime:0.0070s ]
SQL: SELECT `user_tag` FROM `think_user_center` WHERE ( user_name = 'admin' ) LIMIT 1   [ RunTime:0.0004s ]
NOTIC: [2] explode() expects parameter 2 to be string, array given F:\HTML\task_system\Application\Home\Model\user_centerModel.class.php 第 47 行.
NOTIC: [2] array_merge(): Argument #1 is not an array F:\HTML\task_system\Application\Home\Model\user_centerModel.class.php 第 50 行.
NOTIC: [2] implode(): Invalid arguments passed F:\HTML\task_system\Application\Home\Model\user_centerModel.class.php 第 51 行.
SQL: UPDATE `think_user_center` SET `user_tag`=NULL WHERE ( user_name = 'admin' ) [ RunTime:0.0004s ]

[ 2016-03-30T09:40:47+08:00 ] ::1 /task_system/index.php/Home/Pal/user_tag.html
INFO: [ app_begin ] --START--
INFO: Run Behavior\ReadHtmlCacheBehavior [ RunTime:0.004809s ]
INFO: [ app_begin ] --END-- [ RunTime:0.006765s ]
SQL: SHOW COLUMNS FROM `think_user_center` [ RunTime:0.0085s ]
SQL: SELECT `user_tag` FROM `think_user_center` WHERE ( user_name = 'admin' ) LIMIT 1   [ RunTime:0.0004s ]
SQL: UPDATE `think_user_center` SET `user_tag`='html,' WHERE ( user_name = 'admin' ) [ RunTime:0.0004s ]

[ 2016-03-30T09:41:19+08:00 ] ::1 /task_system/index.php/Home/Pal/user_tag.html
INFO: [ app_begin ] --START--
INFO: Run Behavior\ReadHtmlCacheBehavior [ RunTime:0.003483s ]
INFO: [ app_begin ] --END-- [ RunTime:0.004784s ]
SQL: SHOW COLUMNS FROM `think_user_center` [ RunTime:0.0098s ]
SQL: SELECT `user_tag` FROM `think_user_center` WHERE ( user_name = 'admin' ) LIMIT 1   [ RunTime:0.0006s ]
NOTIC: [2] array_merge(): Argument #1 is not an array F:\HTML\task_system\Application\Home\Model\user_centerModel.class.php 第 50 行.
NOTIC: [2] implode(): Invalid arguments passed F:\HTML\task_system\Application\Home\Model\user_centerModel.class.php 第 51 行.
SQL: UPDATE `think_user_center` SET `user_tag`=NULL WHERE ( user_name = 'admin' ) [ RunTime:0.0009s ]

[ 2016-03-30T09:41:27+08:00 ] ::1 /task_system/index.php/Home/Pal/user_tag.html
INFO: [ app_begin ] --START--
INFO: Run Behavior\ReadHtmlCacheBehavior [ RunTime:0.001894s ]
INFO: [ app_begin ] --END-- [ RunTime:0.002754s ]
SQL: SHOW COLUMNS FROM `think_user_center` [ RunTime:0.0081s ]
SQL: SELECT `user_tag` FROM `think_user_center` WHERE ( user_name = 'admin' ) LIMIT 1   [ RunTime:0.0004s ]
SQL: UPDATE `think_user_center` SET `user_tag`='html,' WHERE ( user_name = 'admin' ) [ RunTime:0.0005s ]

[ 2016-03-30T09:41:58+08:00 ] ::1 /task_system/index.php/Home/Pal/user_tag.html
INFO: [ app_begin ] --START--
INFO: Run Behavior\ReadHtmlCacheBehavior [ RunTime:0.005267s ]
INFO: [ app_begin ] --END-- [ RunTime:0.006725s ]
SQL: SHOW COLUMNS FROM `think_user_center` [ RunTime:0.0085s ]
SQL: SELECT `user_tag` FROM `think_user_center` WHERE ( user_name = 'admin' ) LIMIT 1   [ RunTime:0.0005s ]

[ 2016-03-30T09:42:21+08:00 ] ::1 /task_system/index.php/Home/Pal/user_tag.html
INFO: [ app_begin ] --START--
INFO: Run Behavior\ReadHtmlCacheBehavior [ RunTime:0.003523s ]
INFO: [ app_begin ] --END-- [ RunTime:0.005015s ]
SQL: SHOW COLUMNS FROM `think_user_center` [ RunTime:0.0082s ]
SQL: SELECT `user_tag` FROM `think_user_center` WHERE ( user_name = 'admin' ) LIMIT 1   [ RunTime:0.0004s ]

[ 2016-03-30T09:43:33+08:00 ] ::1 /task_system/index.php/Home/Pal/user_tag.html
INFO: [ app_begin ] --START--
INFO: Run Behavior\ReadHtmlCacheBehavior [ RunTime:0.002836s ]
INFO: [ app_begin ] --END-- [ RunTime:0.004061s ]
SQL: SHOW COLUMNS FROM `think_user_center` [ RunTime:0.0106s ]
SQL: SELECT `user_tag` FROM `think_user_center` WHERE ( user_name = 'admin' ) LIMIT 1   [ RunTime:0.0003s ]
NOTIC: [2] array_merge(): Argument #1 is not an array F:\HTML\task_system\Application\Home\Model\user_centerModel.class.php 第 51 行.

[ 2016-03-30T09:43:55+08:00 ] ::1 /task_system/index.php/Home/Pal/user_tag.html
INFO: [ app_begin ] --START--
INFO: Run Behavior\ReadHtmlCacheBehavior [ RunTime:0.003221s ]
INFO: [ app_begin ] --END-- [ RunTime:0.004352s ]
SQL: SHOW COLUMNS FROM `think_user_center` [ RunTime:0.0076s ]
SQL: SELECT `user_tag` FROM `think_user_center` WHERE ( user_name = 'admin' ) LIMIT 1   [ RunTime:0.0005s ]
NOTIC: [2] array_merge(): Argument #1 is not an array F:\HTML\task_system\Application\Home\Model\user_centerModel.class.php 第 52 行.

[ 2016-03-30T09:44:14+08:00 ] ::1 /task_system/index.php/Home/Pal/user_tag.html
INFO: [ app_begin ] --START--
INFO: Run Behavior\ReadHtmlCacheBehavior [ RunTime:0.003151s ]
INFO: [ app_begin ] --END-- [ RunTime:0.004365s ]
SQL: SHOW COLUMNS FROM `think_user_center` [ RunTime:0.0095s ]
SQL: SELECT `user_tag` FROM `think_user_center` WHERE ( user_name = 'admin' ) LIMIT 1   [ RunTime:0.0004s ]
NOTIC: [2] array_merge(): Argument #1 is not an array F:\HTML\task_system\Application\Home\Model\user_centerModel.class.php 第 52 行.

[ 2016-03-30T09:44:52+08:00 ] ::1 /task_system/index.php/Home/Pal/user_tag.html
INFO: [ app_begin ] --START--
INFO: Run Behavior\ReadHtmlCacheBehavior [ RunTime:0.003035s ]
INFO: [ app_begin ] --END-- [ RunTime:0.004200s ]
SQL: SHOW COLUMNS FROM `think_user_center` [ RunTime:0.0085s ]
SQL: SELECT `user_tag` FROM `think_user_center` WHERE ( user_name = 'admin' ) LIMIT 1   [ RunTime:0.0003s ]

[ 2016-03-30T09:45:20+08:00 ] ::1 /task_system/index.php/Home/Pal/user_tag.html
INFO: [ app_begin ] --START--
INFO: Run Behavior\ReadHtmlCacheBehavior [ RunTime:0.002770s ]
INFO: [ app_begin ] --END-- [ RunTime:0.003990s ]
SQL: SHOW COLUMNS FROM `think_user_center` [ RunTime:0.0078s ]
SQL: SELECT `user_tag` FROM `think_user_center` WHERE ( user_name = 'admin' ) LIMIT 1   [ RunTime:0.0004s ]

[ 2016-03-30T09:45:33+08:00 ] ::1 /task_system/index.php/Home/Pal/user_tag.html
INFO: [ app_begin ] --START--
INFO: Run Behavior\ReadHtmlCacheBehavior [ RunTime:0.003569s ]
INFO: [ app_begin ] --END-- [ RunTime:0.005269s ]
SQL: SHOW COLUMNS FROM `think_user_center` [ RunTime:0.0096s ]
SQL: SELECT `user_tag` FROM `think_user_center` WHERE ( user_name = 'admin' ) LIMIT 1   [ RunTime:0.0004s ]
SQL: UPDATE `think_user_center` SET `user_tag`='php,html,' WHERE ( user_name = 'admin' ) [ RunTime:0.0004s ]

[ 2016-03-30T09:46:02+08:00 ] ::1 /task_system/index.php/Home/Pal/user_tag.html
INFO: [ app_begin ] --START--
INFO: Run Behavior\ReadHtmlCacheBehavior [ RunTime:0.002651s ]
INFO: [ app_begin ] --END-- [ RunTime:0.004199s ]
SQL: SHOW COLUMNS FROM `think_user_center` [ RunTime:0.0074s ]
SQL: SELECT `user_tag` FROM `think_user_center` WHERE ( user_name = 'admin' ) LIMIT 1   [ RunTime:0.0004s ]
SQL: UPDATE `think_user_center` SET `user_tag`='css,php,html,' WHERE ( user_name = 'admin' ) [ RunTime:0.0004s ]

[ 2016-03-30T09:48:27+08:00 ] ::1 /task_system/index.php/Home/Pal/user_tag.html
INFO: [ app_begin ] --START--
INFO: Run Behavior\ReadHtmlCacheBehavior [ RunTime:0.003055s ]
INFO: [ app_begin ] --END-- [ RunTime:0.004464s ]
SQL: SHOW COLUMNS FROM `think_user_center` [ RunTime:0.0084s ]
SQL: SELECT `user_tag` FROM `think_user_center` WHERE ( user_name = 'admin' ) LIMIT 1   [ RunTime:0.0006s ]
NOTIC: [2] implode(): Invalid arguments passed F:\HTML\task_system\Application\Home\Model\user_centerModel.class.php 第 52 行.
SQL: UPDATE `think_user_center` SET `user_tag`=NULL WHERE ( user_name = 'admin' ) [ RunTime:0.0004s ]

[ 2016-03-30T09:49:23+08:00 ] ::1 /task_system/index.php/Home/Pal/user_tag.html
INFO: [ app_begin ] --START--
INFO: Run Behavior\ReadHtmlCacheBehavior [ RunTime:0.002135s ]
INFO: [ app_begin ] --END-- [ RunTime:0.003322s ]

[ 2016-03-30T09:49:33+08:00 ] ::1 /task_system/index.php/Home/Pal/user_tag.html
INFO: [ app_begin ] --START--
INFO: Run Behavior\ReadHtmlCacheBehavior [ RunTime:0.001916s ]
INFO: [ app_begin ] --END-- [ RunTime:0.002770s ]

[ 2016-03-30T09:50:03+08:00 ] ::1 /task_system/index.php/Home/Pal/user_tag.html
INFO: [ app_begin ] --START--
INFO: Run Behavior\ReadHtmlCacheBehavior [ RunTime:0.001966s ]
INFO: [ app_begin ] --END-- [ RunTime:0.002889s ]

[ 2016-03-30T09:50:20+08:00 ] ::1 /task_system/index.php/Home/Pal/user_tag.html
INFO: [ app_begin ] --START--
INFO: Run Behavior\ReadHtmlCacheBehavior [ RunTime:0.002799s ]
INFO: [ app_begin ] --END-- [ RunTime:0.004071s ]

[ 2016-03-30T09:51:17+08:00 ] ::1 /task_system/index.php/Home/Pal/user_tag.html
INFO: [ app_begin ] --START--
INFO: Run Behavior\ReadHtmlCacheBehavior [ RunTime:0.004024s ]
INFO: [ app_begin ] --END-- [ RunTime:0.006518s ]
SQL: SHOW COLUMNS FROM `think_user_center` [ RunTime:0.0086s ]
SQL: SELECT `user_tag` FROM `think_user_center` WHERE ( user_name = 'admin' ) LIMIT 1   [ RunTime:0.0006s ]
NOTIC: [8] Array to string conversion F:\HTML\task_system\Application\Home\Model\user_centerModel.class.php 第 65 行.
SQL: UPDATE `think_user_center` SET `user_tag`='Array,' WHERE ( user_name = 'admin' ) [ RunTime:0.0007s ]

[ 2016-03-30T09:52:37+08:00 ] ::1 /task_system/index.php/Home/Pal/user_tag.html
INFO: [ app_begin ] --START--
INFO: Run Behavior\ReadHtmlCacheBehavior [ RunTime:0.002595s ]
INFO: [ app_begin ] --END-- [ RunTime:0.004022s ]
SQL: SHOW COLUMNS FROM `think_user_center` [ RunTime:0.0075s ]
SQL: SELECT `user_tag` FROM `think_user_center` WHERE ( user_name = 'admin' ) LIMIT 1   [ RunTime:0.0004s ]
SQL: UPDATE `think_user_center` SET `user_tag`='php,' WHERE ( user_name = 'admin' ) [ RunTime:0.0004s ]

[ 2016-03-30T09:52:52+08:00 ] ::1 /task_system/index.php/Home/Pal/user_tag.html
INFO: [ app_begin ] --START--
INFO: Run Behavior\ReadHtmlCacheBehavior [ RunTime:0.002045s ]
INFO: [ app_begin ] --END-- [ RunTime:0.003185s ]
SQL: SHOW COLUMNS FROM `think_user_center` [ RunTime:0.0073s ]
SQL: SELECT `user_tag` FROM `think_user_center` WHERE ( user_name = 'admin' ) LIMIT 1   [ RunTime:0.0003s ]

[ 2016-03-30T09:53:19+08:00 ] ::1 /task_system/index.php/Home/Pal/user_tag.html
INFO: [ app_begin ] --START--
INFO: Run Behavior\ReadHtmlCacheBehavior [ RunTime:0.002174s ]
INFO: [ app_begin ] --END-- [ RunTime:0.003175s ]
SQL: SHOW COLUMNS FROM `think_user_center` [ RunTime:0.0076s ]
SQL: SELECT `user_tag` FROM `think_user_center` WHERE ( user_name = 'admin' ) LIMIT 1   [ RunTime:0.0004s ]

[ 2016-03-30T09:53:44+08:00 ] ::1 /task_system/index.php/Home/Pal/user_tag.html
INFO: [ app_begin ] --START--
INFO: Run Behavior\ReadHtmlCacheBehavior [ RunTime:0.002071s ]
INFO: [ app_begin ] --END-- [ RunTime:0.003174s ]
SQL: SHOW COLUMNS FROM `think_user_center` [ RunTime:0.0074s ]
SQL: SELECT `user_tag` FROM `think_user_center` WHERE ( user_name = 'admin' ) LIMIT 1   [ RunTime:0.0004s ]

[ 2016-03-30T09:54:01+08:00 ] ::1 /task_system/index.php/Home/Pal/user_tag.html
INFO: [ app_begin ] --START--
INFO: Run Behavior\ReadHtmlCacheBehavior [ RunTime:0.002248s ]
INFO: [ app_begin ] --END-- [ RunTime:0.003292s ]
SQL: SHOW COLUMNS FROM `think_user_center` [ RunTime:0.0091s ]
SQL: SELECT `user_tag` FROM `think_user_center` WHERE ( user_name = 'admin' ) LIMIT 1   [ RunTime:0.0010s ]
SQL: UPDATE `think_user_center` SET `user_tag`='html,php' WHERE ( user_name = 'admin' ) [ RunTime:0.0004s ]

[ 2016-03-30T09:54:10+08:00 ] ::1 /task_system/index.php/Home/Pal/user_tag.html
INFO: [ app_begin ] --START--
INFO: Run Behavior\ReadHtmlCacheBehavior [ RunTime:0.002241s ]
INFO: [ app_begin ] --END-- [ RunTime:0.003442s ]
SQL: SHOW COLUMNS FROM `think_user_center` [ RunTime:0.0077s ]
SQL: SELECT `user_tag` FROM `think_user_center` WHERE ( user_name = 'admin' ) LIMIT 1   [ RunTime:0.0004s ]
SQL: UPDATE `think_user_center` SET `user_tag`='css,html' WHERE ( user_name = 'admin' ) [ RunTime:0.0004s ]

[ 2016-03-30T09:55:08+08:00 ] ::1 /task_system/index.php/Home/Pal/user_tag.html
INFO: [ app_begin ] --START--
INFO: Run Behavior\ReadHtmlCacheBehavior [ RunTime:0.002998s ]
INFO: [ app_begin ] --END-- [ RunTime:0.004518s ]
SQL: SHOW COLUMNS FROM `think_user_center` [ RunTime:0.0075s ]
SQL: SELECT `user_tag` FROM `think_user_center` WHERE ( user_name = 'admin' ) LIMIT 1   [ RunTime:0.0003s ]
SQL: UPDATE `think_user_center` SET `user_tag`='php,css,html' WHERE ( user_name = 'admin' ) [ RunTime:0.0004s ]

[ 2016-03-30T09:55:21+08:00 ] ::1 /task_system/index.php/Home/Pal/user_tag.html
INFO: [ app_begin ] --START--
INFO: Run Behavior\ReadHtmlCacheBehavior [ RunTime:0.002095s ]
INFO: [ app_begin ] --END-- [ RunTime:0.003410s ]
SQL: SHOW COLUMNS FROM `think_user_center` [ RunTime:0.0075s ]
SQL: SELECT `user_tag` FROM `think_user_center` WHERE ( user_name = 'admin' ) LIMIT 1   [ RunTime:0.0004s ]
SQL: UPDATE `think_user_center` SET `user_tag`='web,php,css,html' WHERE ( user_name = 'admin' ) [ RunTime:0.0004s ]

[ 2016-03-30T10:03:10+08:00 ] ::1 /task_system/index.php/Home/Pal/user_tag.html
INFO: [ app_begin ] --START--
INFO: Run Behavior\ReadHtmlCacheBehavior [ RunTime:0.002598s ]
INFO: [ app_begin ] --END-- [ RunTime:0.003459s ]
SQL: SHOW COLUMNS FROM `think_user_center` [ RunTime:0.0092s ]
SQL: SELECT `user_tag` FROM `think_user_center` WHERE ( user_name = 'admin' ) LIMIT 1   [ RunTime:0.0004s ]
SQL: UPDATE `think_user_center` SET `user_tag`='MYSQL,web,php,css,html' WHERE ( user_name = 'admin' ) [ RunTime:0.0004s ]

[ 2016-03-30T10:03:25+08:00 ] ::1 /task_system/index.php/Home/Pal/user_tag.html
INFO: [ app_begin ] --START--
INFO: Run Behavior\ReadHtmlCacheBehavior [ RunTime:0.002688s ]
INFO: [ app_begin ] --END-- [ RunTime:0.007474s ]
SQL: SHOW COLUMNS FROM `think_user_center` [ RunTime:0.0089s ]
SQL: SELECT `user_tag` FROM `think_user_center` WHERE ( user_name = 'admin' ) LIMIT 1   [ RunTime:0.0004s ]
SQL: UPDATE `think_user_center` SET `user_tag`='JQUERY,MYSQL,web,php,css,html' WHERE ( user_name = 'admin' ) [ RunTime:0.0004s ]

[ 2016-03-30T10:04:04+08:00 ] ::1 /task_system/index.php/Home/Pal/user_tag.html
INFO: [ app_begin ] --START--
INFO: Run Behavior\ReadHtmlCacheBehavior [ RunTime:0.003345s ]
INFO: [ app_begin ] --END-- [ RunTime:0.004332s ]
SQL: SHOW COLUMNS FROM `think_user_center` [ RunTime:0.0078s ]
SQL: SELECT `user_tag` FROM `think_user_center` WHERE ( user_name = 'admin' ) LIMIT 1   [ RunTime:0.0004s ]
SQL: UPDATE `think_user_center` SET `user_tag`='APACHE,JQUERY,MYSQL,web,php,css,html' WHERE ( user_name = 'admin' ) [ RunTime:0.0004s ]

[ 2016-03-30T10:04:36+08:00 ] ::1 /task_system/index.php/Home/Pal/user_tag.html
INFO: [ app_begin ] --START--
INFO: Run Behavior\ReadHtmlCacheBehavior [ RunTime:0.002452s ]
INFO: [ app_begin ] --END-- [ RunTime:0.003570s ]
SQL: SHOW COLUMNS FROM `think_user_center` [ RunTime:0.0076s ]
SQL: SELECT `user_tag` FROM `think_user_center` WHERE ( user_name = 'admin' ) LIMIT 1   [ RunTime:0.0003s ]
NOTIC: [8] Use of undefined constant resule - assumed 'resule' F:\HTML\task_system\Application\Home\Controller\PalController.class.php 第 73 行.

[ 2016-03-30T10:04:49+08:00 ] ::1 /task_system/index.php/Home/Pal/user_tag.html
INFO: [ app_begin ] --START--
INFO: Run Behavior\ReadHtmlCacheBehavior [ RunTime:0.001671s ]
INFO: [ app_begin ] --END-- [ RunTime:0.002504s ]
SQL: SHOW COLUMNS FROM `think_user_center` [ RunTime:0.0082s ]
SQL: SELECT `user_tag` FROM `think_user_center` WHERE ( user_name = 'admin' ) LIMIT 1   [ RunTime:0.0004s ]
NOTIC: [8] Undefined variable: resule F:\HTML\task_system\Application\Home\Controller\PalController.class.php 第 73 行.

[ 2016-03-30T10:04:53+08:00 ] ::1 /task_system/index.php/Home/Pal/user_tag.html
INFO: [ app_begin ] --START--
INFO: Run Behavior\ReadHtmlCacheBehavior [ RunTime:0.001533s ]
INFO: [ app_begin ] --END-- [ RunTime:0.002330s ]
SQL: SHOW COLUMNS FROM `think_user_center` [ RunTime:0.0080s ]
SQL: SELECT `user_tag` FROM `think_user_center` WHERE ( user_name = 'admin' ) LIMIT 1   [ RunTime:0.0004s ]
NOTIC: [8] Undefined variable: resule F:\HTML\task_system\Application\Home\Controller\PalController.class.php 第 73 行.

[ 2016-03-30T10:05:32+08:00 ] ::1 /task_system/index.php/Home/Pal/user_tag.html
INFO: [ app_begin ] --START--
INFO: Run Behavior\ReadHtmlCacheBehavior [ RunTime:0.001462s ]
INFO: [ app_begin ] --END-- [ RunTime:0.002677s ]
SQL: SHOW COLUMNS FROM `think_user_center` [ RunTime:0.0109s ]
SQL: SELECT `user_tag` FROM `think_user_center` WHERE ( user_name = 'admin' ) LIMIT 1   [ RunTime:0.0005s ]
NOTIC: [8] Undefined variable: resule F:\HTML\task_system\Application\Home\Controller\PalController.class.php 第 73 行.

[ 2016-03-30T10:05:52+08:00 ] ::1 /task_system/index.php/Home/Pal/user_tag.html
INFO: [ app_begin ] --START--
INFO: Run Behavior\ReadHtmlCacheBehavior [ RunTime:0.003359s ]
INFO: [ app_begin ] --END-- [ RunTime:0.004680s ]
SQL: SHOW COLUMNS FROM `think_user_center` [ RunTime:0.0097s ]
SQL: SELECT `user_tag` FROM `think_user_center` WHERE ( user_name = 'admin' ) LIMIT 1   [ RunTime:0.0005s ]

[ 2016-03-30T10:06:09+08:00 ] ::1 /task_system/index.php/Home/Pal/user_tag.html
INFO: [ app_begin ] --START--
INFO: Run Behavior\ReadHtmlCacheBehavior [ RunTime:0.001646s ]
INFO: [ app_begin ] --END-- [ RunTime:0.002538s ]
SQL: SHOW COLUMNS FROM `think_user_center` [ RunTime:0.0098s ]
SQL: SELECT `user_tag` FROM `think_user_center` WHERE ( user_name = 'admin' ) LIMIT 1   [ RunTime:0.0004s ]

[ 2016-03-30T10:06:48+08:00 ] ::1 /task_system/index.php/Home/Pal/user_tag.html
INFO: [ app_begin ] --START--
INFO: Run Behavior\ReadHtmlCacheBehavior [ RunTime:0.000816s ]
INFO: [ app_begin ] --END-- [ RunTime:0.001651s ]
SQL: SHOW COLUMNS FROM `think_user_center` [ RunTime:0.0095s ]
SQL: SELECT `user_tag` FROM `think_user_center` WHERE ( user_name = 'admin' ) LIMIT 1   [ RunTime:0.0007s ]
SQL: UPDATE `think_user_center` SET `user_tag`='HTML,' WHERE ( user_name = 'admin' ) [ RunTime:0.0011s ]

[ 2016-03-30T10:07:37+08:00 ] ::1 /task_system/index.php/Home/Pal/user_tag.html
INFO: [ app_begin ] --START--
INFO: Run Behavior\ReadHtmlCacheBehavior [ RunTime:0.002545s ]
INFO: [ app_begin ] --END-- [ RunTime:0.003679s ]
SQL: SHOW COLUMNS FROM `think_user_center` [ RunTime:0.0095s ]
SQL: SELECT `user_tag` FROM `think_user_center` WHERE ( user_name = 'admin' ) LIMIT 1   [ RunTime:0.0004s ]
SQL: UPDATE `think_user_center` SET `user_tag`='QQ,HTML,' WHERE ( user_name = 'admin' ) [ RunTime:0.0003s ]

[ 2016-03-30T10:07:57+08:00 ] ::1 /task_system/index.php/Home/Pal/user_tag.html
INFO: [ app_begin ] --START--
INFO: Run Behavior\ReadHtmlCacheBehavior [ RunTime:0.002605s ]
INFO: [ app_begin ] --END-- [ RunTime:0.003601s ]
SQL: SHOW COLUMNS FROM `think_user_center` [ RunTime:0.0098s ]
SQL: SELECT `user_tag` FROM `think_user_center` WHERE ( user_name = 'admin' ) LIMIT 1   [ RunTime:0.0004s ]
SQL: UPDATE `think_user_center` SET `user_tag`='WEB,QQ,HTML,' WHERE ( user_name = 'admin' ) [ RunTime:0.0004s ]

[ 2016-03-30T10:08:45+08:00 ] ::1 /task_system/index.php/Home/Pal/user_tag.html
INFO: [ app_begin ] --START--
INFO: Run Behavior\ReadHtmlCacheBehavior [ RunTime:0.002214s ]
INFO: [ app_begin ] --END-- [ RunTime:0.003371s ]
SQL: SHOW COLUMNS FROM `think_user_center` [ RunTime:0.0075s ]
SQL: SELECT `user_tag` FROM `think_user_center` WHERE ( user_name = 'admin' ) LIMIT 1   [ RunTime:0.0004s ]
SQL: UPDATE `think_user_center` SET `user_tag`='PHP,WEB,QQ,HTML,' WHERE ( user_name = 'admin' ) [ RunTime:0.0004s ]

[ 2016-03-30T10:13:11+08:00 ] ::1 /task_system/index.php/Home/Pal/user_tag.html
INFO: [ app_begin ] --START--
INFO: Run Behavior\ReadHtmlCacheBehavior [ RunTime:0.002417s ]
INFO: [ app_begin ] --END-- [ RunTime:0.003942s ]
SQL: SHOW COLUMNS FROM `think_user_center` [ RunTime:0.0075s ]
SQL: SELECT `user_tag` FROM `think_user_center` WHERE ( user_name = 'admin' ) LIMIT 1   [ RunTime:0.0004s ]
SQL: UPDATE `think_user_center` SET `user_tag`='APACHE,PHP,WEB,QQ,HTML,' WHERE ( user_name = 'admin' ) [ RunTime:0.0004s ]

[ 2016-03-30T10:13:57+08:00 ] ::1 /task_system/index.php/Home/Pal/user_tag.html
INFO: [ app_begin ] --START--
INFO: Run Behavior\ReadHtmlCacheBehavior [ RunTime:0.002833s ]
INFO: [ app_begin ] --END-- [ RunTime:0.004040s ]
SQL: SHOW COLUMNS FROM `think_user_center` [ RunTime:0.0112s ]
SQL: SELECT `user_tag` FROM `think_user_center` WHERE ( user_name = 'admin' ) LIMIT 1   [ RunTime:0.0009s ]

[ 2016-03-30T10:14:35+08:00 ] ::1 /task_system/index.php/Home/Pal/user_tag.html
INFO: [ app_begin ] --START--
INFO: Run Behavior\ReadHtmlCacheBehavior [ RunTime:0.001719s ]
INFO: [ app_begin ] --END-- [ RunTime:0.002627s ]
SQL: SHOW COLUMNS FROM `think_user_center` [ RunTime:0.0074s ]
SQL: SELECT `user_tag` FROM `think_user_center` WHERE ( user_name = 'admin' ) LIMIT 1   [ RunTime:0.0004s ]
SQL: UPDATE `think_user_center` SET `user_tag`='WEB,' WHERE ( user_name = 'admin' ) [ RunTime:0.0005s ]

[ 2016-03-30T10:14:49+08:00 ] ::1 /task_system/index.php/Home/Pal/user_tag.html
INFO: [ app_begin ] --START--
INFO: Run Behavior\ReadHtmlCacheBehavior [ RunTime:0.001573s ]
INFO: [ app_begin ] --END-- [ RunTime:0.002559s ]
SQL: SHOW COLUMNS FROM `think_user_center` [ RunTime:0.0076s ]
SQL: SELECT `user_tag` FROM `think_user_center` WHERE ( user_name = 'admin' ) LIMIT 1   [ RunTime:0.0004s ]

[ 2016-03-30T10:15:51+08:00 ] ::1 /task_system/index.php/Home/Pal/user_tag.html
INFO: [ app_begin ] --START--
INFO: Run Behavior\ReadHtmlCacheBehavior [ RunTime:0.003507s ]
INFO: [ app_begin ] --END-- [ RunTime:0.005130s ]
SQL: SHOW COLUMNS FROM `think_user_center` [ RunTime:0.0091s ]
SQL: SELECT `user_tag` FROM `think_user_center` WHERE ( user_name = 'admin' ) LIMIT 1   [ RunTime:0.0005s ]

[ 2016-03-30T10:16:13+08:00 ] ::1 /task_system/index.php/Home/Pal/user_tag.html
INFO: [ app_begin ] --START--
INFO: Run Behavior\ReadHtmlCacheBehavior [ RunTime:0.001882s ]
INFO: [ app_begin ] --END-- [ RunTime:0.003143s ]
SQL: SHOW COLUMNS FROM `think_user_center` [ RunTime:0.0071s ]
SQL: SELECT `user_tag` FROM `think_user_center` WHERE ( user_name = 'admin' ) LIMIT 1   [ RunTime:0.0005s ]

[ 2016-03-30T10:16:24+08:00 ] ::1 /task_system/index.php/Home/Pal/user_tag.html
INFO: [ app_begin ] --START--
INFO: Run Behavior\ReadHtmlCacheBehavior [ RunTime:0.001740s ]
INFO: [ app_begin ] --END-- [ RunTime:0.002849s ]
SQL: SHOW COLUMNS FROM `think_user_center` [ RunTime:0.0079s ]
SQL: SELECT `user_tag` FROM `think_user_center` WHERE ( user_name = 'admin' ) LIMIT 1   [ RunTime:0.0004s ]
SQL: UPDATE `think_user_center` SET `user_tag`='HTML,WEB' WHERE ( user_name = 'admin' ) [ RunTime:0.0004s ]

[ 2016-03-30T10:16:42+08:00 ] ::1 /task_system/index.php/Home/Pal/user_tag.html
INFO: [ app_begin ] --START--
INFO: Run Behavior\ReadHtmlCacheBehavior [ RunTime:0.001509s ]
INFO: [ app_begin ] --END-- [ RunTime:0.002562s ]
SQL: SHOW COLUMNS FROM `think_user_center` [ RunTime:0.0111s ]
SQL: SELECT `user_tag` FROM `think_user_center` WHERE ( user_name = 'admin' ) LIMIT 1   [ RunTime:0.0004s ]
SQL: UPDATE `think_user_center` SET `user_tag`='PHP,HTML' WHERE ( user_name = 'admin' ) [ RunTime:0.0003s ]

[ 2016-03-30T10:18:42+08:00 ] ::1 /task_system/index.php/Home/Pal/user_tag.html
INFO: [ app_begin ] --START--
INFO: Run Behavior\ReadHtmlCacheBehavior [ RunTime:0.002035s ]
INFO: [ app_begin ] --END-- [ RunTime:0.003261s ]
SQL: SHOW COLUMNS FROM `think_user_center` [ RunTime:0.0074s ]
SQL: SELECT `user_tag` FROM `think_user_center` WHERE ( user_name = 'admin' ) LIMIT 1   [ RunTime:0.0004s ]

[ 2016-03-30T10:19:01+08:00 ] ::1 /task_system/index.php/Home/Pal/user_tag.html
INFO: [ app_begin ] --START--
INFO: Run Behavior\ReadHtmlCacheBehavior [ RunTime:0.002468s ]
INFO: [ app_begin ] --END-- [ RunTime:0.003455s ]
SQL: SHOW COLUMNS FROM `think_user_center` [ RunTime:0.0078s ]
SQL: SELECT `user_tag` FROM `think_user_center` WHERE ( user_name = 'admin' ) LIMIT 1   [ RunTime:0.0003s ]

[ 2016-03-30T10:19:44+08:00 ] ::1 /task_system/index.php/Home/Pal/user_tag.html
INFO: [ app_begin ] --START--
INFO: Run Behavior\ReadHtmlCacheBehavior [ RunTime:0.001849s ]
INFO: [ app_begin ] --END-- [ RunTime:0.002774s ]
SQL: SHOW COLUMNS FROM `think_user_center` [ RunTime:0.0074s ]
SQL: SELECT `user_tag` FROM `think_user_center` WHERE ( user_name = 'admin' ) LIMIT 1   [ RunTime:0.0004s ]
SQL: UPDATE `think_user_center` SET `user_tag`='HTML,PHP,HTML' WHERE ( user_name = 'admin' ) [ RunTime:0.0005s ]

[ 2016-03-30T10:19:55+08:00 ] ::1 /task_system/index.php/Home/Pal/user_tag.html
INFO: [ app_begin ] --START--
INFO: Run Behavior\ReadHtmlCacheBehavior [ RunTime:0.002319s ]
INFO: [ app_begin ] --END-- [ RunTime:0.003270s ]
SQL: SHOW COLUMNS FROM `think_user_center` [ RunTime:0.0093s ]
SQL: SELECT `user_tag` FROM `think_user_center` WHERE ( user_name = 'admin' ) LIMIT 1   [ RunTime:0.0004s ]
SQL: UPDATE `think_user_center` SET `user_tag`='MYSQL,HTML,PHP,HTML' WHERE ( user_name = 'admin' ) [ RunTime:0.0003s ]

[ 2016-03-30T10:20:11+08:00 ] ::1 /task_system/index.php/Home/Pal/user_tag.html
INFO: [ app_begin ] --START--
INFO: Run Behavior\ReadHtmlCacheBehavior [ RunTime:0.001963s ]
INFO: [ app_begin ] --END-- [ RunTime:0.002774s ]
SQL: SHOW COLUMNS FROM `think_user_center` [ RunTime:0.0086s ]
SQL: SELECT `user_tag` FROM `think_user_center` WHERE ( user_name = 'admin' ) LIMIT 1   [ RunTime:0.0003s ]
SQL: UPDATE `think_user_center` SET `user_tag`='QQ,MYSQL,HTML,PHP,HTML' WHERE ( user_name = 'admin' ) [ RunTime:0.0004s ]

[ 2016-03-30T10:20:51+08:00 ] ::1 /task_system/index.php/Home/Pal/user_tag.html
INFO: [ app_begin ] --START--
INFO: Run Behavior\ReadHtmlCacheBehavior [ RunTime:0.002321s ]
INFO: [ app_begin ] --END-- [ RunTime:0.003325s ]
SQL: SHOW COLUMNS FROM `think_user_center` [ RunTime:0.0073s ]
SQL: SELECT `user_tag` FROM `think_user_center` WHERE ( user_name = 'admin' ) LIMIT 1   [ RunTime:0.0003s ]
SQL: UPDATE `think_user_center` SET `user_tag`='WHAT,QQ,MYSQL,HTML,PHP,HTML' WHERE ( user_name = 'admin' ) [ RunTime:0.0005s ]

[ 2016-03-30T10:20:59+08:00 ] ::1 /task_system/index.php/Home/Pal/user_tag.html
INFO: [ app_begin ] --START--
INFO: Run Behavior\ReadHtmlCacheBehavior [ RunTime:0.002294s ]
INFO: [ app_begin ] --END-- [ RunTime:0.003134s ]
SQL: SHOW COLUMNS FROM `think_user_center` [ RunTime:0.0093s ]
SQL: SELECT `user_tag` FROM `think_user_center` WHERE ( user_name = 'admin' ) LIMIT 1   [ RunTime:0.0004s ]
SQL: UPDATE `think_user_center` SET `user_tag`='AAAAAAAAAAAAAAA,WHAT,QQ,MYSQL,HTML,PHP,HTML' WHERE ( user_name = 'admin' ) [ RunTime:0.0004s ]

[ 2016-03-30T10:21:43+08:00 ] ::1 /task_system/index.php/Home/Pal/user_tag.html
INFO: [ app_begin ] --START--
INFO: Run Behavior\ReadHtmlCacheBehavior [ RunTime:0.002842s ]
INFO: [ app_begin ] --END-- [ RunTime:0.004183s ]
SQL: SHOW COLUMNS FROM `think_user_center` [ RunTime:0.0079s ]
SQL: SELECT `user_tag` FROM `think_user_center` WHERE ( user_name = 'admin' ) LIMIT 1   [ RunTime:0.0005s ]
SQL: UPDATE `think_user_center` SET `user_tag`='QQQQQQQQQQQ,AAAAAAAAAAAAAAA,WHAT,QQ,MYSQL,HT' WHERE ( user_name = 'admin' ) [ RunTime:0.0004s ]

[ 2016-03-30T10:22:13+08:00 ] ::1 /task_system/index.php/Home/Pal/user_tag.html
INFO: [ app_begin ] --START--
INFO: Run Behavior\ReadHtmlCacheBehavior [ RunTime:0.001771s ]
INFO: [ app_begin ] --END-- [ RunTime:0.002612s ]
SQL: SHOW COLUMNS FROM `think_user_center` [ RunTime:0.0092s ]
SQL: SELECT `user_tag` FROM `think_user_center` WHERE ( user_name = 'admin' ) LIMIT 1   [ RunTime:0.0003s ]
SQL: UPDATE `think_user_center` SET `user_tag`='HTML,' WHERE ( user_name = 'admin' ) [ RunTime:0.0003s ]

[ 2016-03-30T10:22:18+08:00 ] ::1 /task_system/index.php/Home/Pal/user_tag.html
INFO: [ app_begin ] --START--
INFO: Run Behavior\ReadHtmlCacheBehavior [ RunTime:0.002043s ]
INFO: [ app_begin ] --END-- [ RunTime:0.003097s ]
SQL: SHOW COLUMNS FROM `think_user_center` [ RunTime:0.0092s ]
SQL: SELECT `user_tag` FROM `think_user_center` WHERE ( user_name = 'admin' ) LIMIT 1   [ RunTime:0.0004s ]
SQL: UPDATE `think_user_center` SET `user_tag`='QQ,HTML,' WHERE ( user_name = 'admin' ) [ RunTime:0.0004s ]

[ 2016-03-30T10:22:24+08:00 ] ::1 /task_system/index.php/Home/Pal/user_tag.html
INFO: [ app_begin ] --START--
INFO: Run Behavior\ReadHtmlCacheBehavior [ RunTime:0.001457s ]
INFO: [ app_begin ] --END-- [ RunTime:0.002533s ]
SQL: SHOW COLUMNS FROM `think_user_center` [ RunTime:0.0073s ]
SQL: SELECT `user_tag` FROM `think_user_center` WHERE ( user_name = 'admin' ) LIMIT 1   [ RunTime:0.0005s ]
SQL: UPDATE `think_user_center` SET `user_tag`='WEB,QQ,HTML,' WHERE ( user_name = 'admin' ) [ RunTime:0.0007s ]

[ 2016-03-30T10:22:33+08:00 ] ::1 /task_system/index.php/Home/Pal/user_tag.html
INFO: [ app_begin ] --START--
INFO: Run Behavior\ReadHtmlCacheBehavior [ RunTime:0.001708s ]
INFO: [ app_begin ] --END-- [ RunTime:0.002750s ]
SQL: SHOW COLUMNS FROM `think_user_center` [ RunTime:0.0077s ]
SQL: SELECT `user_tag` FROM `think_user_center` WHERE ( user_name = 'admin' ) LIMIT 1   [ RunTime:0.0005s ]
SQL: UPDATE `think_user_center` SET `user_tag`='MYSQL,WEB,QQ,HTML,' WHERE ( user_name = 'admin' ) [ RunTime:0.0006s ]

[ 2016-03-30T10:22:43+08:00 ] ::1 /task_system/index.php/Home/Pal/user_tag.html
INFO: [ app_begin ] --START--
INFO: Run Behavior\ReadHtmlCacheBehavior [ RunTime:0.001392s ]
INFO: [ app_begin ] --END-- [ RunTime:0.002196s ]
SQL: SHOW COLUMNS FROM `think_user_center` [ RunTime:0.0095s ]
SQL: SELECT `user_tag` FROM `think_user_center` WHERE ( user_name = 'admin' ) LIMIT 1   [ RunTime:0.0004s ]
SQL: UPDATE `think_user_center` SET `user_tag`='PHP,MYSQL,WEB,QQ,HTML,' WHERE ( user_name = 'admin' ) [ RunTime:0.0005s ]

[ 2016-03-30T10:22:52+08:00 ] ::1 /task_system/index.php/Home/Pal/user_tag.html
INFO: [ app_begin ] --START--
INFO: Run Behavior\ReadHtmlCacheBehavior [ RunTime:0.001473s ]
INFO: [ app_begin ] --END-- [ RunTime:0.002625s ]
SQL: SHOW COLUMNS FROM `think_user_center` [ RunTime:0.0098s ]
SQL: SELECT `user_tag` FROM `think_user_center` WHERE ( user_name = 'admin' ) LIMIT 1   [ RunTime:0.0004s ]
SQL: UPDATE `think_user_center` SET `user_tag`='6666,PHP,MYSQL,WEB,QQ,HTML,' WHERE ( user_name = 'admin' ) [ RunTime:0.0004s ]

[ 2016-03-30T10:23:07+08:00 ] ::1 /task_system/index.php/Home/Pal/user_tag.html
INFO: [ app_begin ] --START--
INFO: Run Behavior\ReadHtmlCacheBehavior [ RunTime:0.001742s ]
INFO: [ app_begin ] --END-- [ RunTime:0.002649s ]
SQL: SHOW COLUMNS FROM `think_user_center` [ RunTime:0.0086s ]
SQL: SELECT `user_tag` FROM `think_user_center` WHERE ( user_name = 'admin' ) LIMIT 1   [ RunTime:0.0005s ]

[ 2016-03-30T10:28:35+08:00 ] ::1 /task_system/index.php/Home/Pal/user_tag.html
INFO: [ app_begin ] --START--
INFO: Run Behavior\ReadHtmlCacheBehavior [ RunTime:0.002258s ]
INFO: [ app_begin ] --END-- [ RunTime:0.003108s ]
SQL: SHOW COLUMNS FROM `think_user_center` [ RunTime:0.0094s ]
SQL: SELECT `user_tag` FROM `think_user_center` WHERE ( user_name = 'admin' ) LIMIT 1   [ RunTime:0.0007s ]

[ 2016-03-30T10:29:20+08:00 ] ::1 /task_system/index.php/Home/Pal/user_tag.html
INFO: [ app_begin ] --START--
INFO: Run Behavior\ReadHtmlCacheBehavior [ RunTime:0.001911s ]
INFO: [ app_begin ] --END-- [ RunTime:0.002752s ]
SQL: SHOW COLUMNS FROM `think_user_center` [ RunTime:0.0090s ]
SQL: SELECT `user_tag` FROM `think_user_center` WHERE ( user_name = 'admin' ) LIMIT 1   [ RunTime:0.0005s ]
SQL: UPDATE `think_user_center` SET `user_tag`='WEB,' WHERE ( user_name = 'admin' ) [ RunTime:0.0004s ]

[ 2016-03-30T10:29:36+08:00 ] ::1 /task_system/index.php/Home/Pal/user_tag.html
INFO: [ app_begin ] --START--
INFO: Run Behavior\ReadHtmlCacheBehavior [ RunTime:0.001992s ]
INFO: [ app_begin ] --END-- [ RunTime:0.002841s ]
SQL: SHOW COLUMNS FROM `think_user_center` [ RunTime:0.0093s ]
SQL: SELECT `user_tag` FROM `think_user_center` WHERE ( user_name = 'admin' ) LIMIT 1   [ RunTime:0.0007s ]
SQL: UPDATE `think_user_center` SET `user_tag`='MYSQL,WEB,' WHERE ( user_name = 'admin' ) [ RunTime:0.0005s ]

[ 2016-03-30T10:29:44+08:00 ] ::1 /task_system/index.php/Home/Pal/user_tag.html
INFO: [ app_begin ] --START--
INFO: Run Behavior\ReadHtmlCacheBehavior [ RunTime:0.002937s ]
INFO: [ app_begin ] --END-- [ RunTime:0.003877s ]
SQL: SHOW COLUMNS FROM `think_user_center` [ RunTime:0.0097s ]
SQL: SELECT `user_tag` FROM `think_user_center` WHERE ( user_name = 'admin' ) LIMIT 1   [ RunTime:0.0003s ]
SQL: UPDATE `think_user_center` SET `user_tag`='PHP,MYSQL,WEB,' WHERE ( user_name = 'admin' ) [ RunTime:0.0003s ]

[ 2016-03-30T10:30:39+08:00 ] ::1 /task_system/index.php/Home/Pal/user_tag.html
INFO: [ app_begin ] --START--
INFO: Run Behavior\ReadHtmlCacheBehavior [ RunTime:0.002238s ]
INFO: [ app_begin ] --END-- [ RunTime:0.003136s ]
SQL: SHOW COLUMNS FROM `think_user_center` [ RunTime:0.0090s ]
SQL: SELECT `user_tag` FROM `think_user_center` WHERE ( user_name = 'admin' ) LIMIT 1   [ RunTime:0.0007s ]
SQL: UPDATE `think_user_center` SET `user_tag`='HTML,PHP,MYSQL,WEB,' WHERE ( user_name = 'admin' ) [ RunTime:0.0005s ]

[ 2016-03-30T10:30:47+08:00 ] ::1 /task_system/index.php/Home/Pal/user_tag.html
INFO: [ app_begin ] --START--
INFO: Run Behavior\ReadHtmlCacheBehavior [ RunTime:0.002842s ]
INFO: [ app_begin ] --END-- [ RunTime:0.005257s ]
SQL: SHOW COLUMNS FROM `think_user_center` [ RunTime:0.0076s ]
SQL: SELECT `user_tag` FROM `think_user_center` WHERE ( user_name = 'admin' ) LIMIT 1   [ RunTime:0.0003s ]
SQL: UPDATE `think_user_center` SET `user_tag`='CSS,HTML,PHP,MYSQL,WEB,' WHERE ( user_name = 'admin' ) [ RunTime:0.0004s ]

[ 2016-03-30T10:30:58+08:00 ] ::1 /task_system/index.php/Home/Pal/user_tag.html
INFO: [ app_begin ] --START--
INFO: Run Behavior\ReadHtmlCacheBehavior [ RunTime:0.001273s ]
INFO: [ app_begin ] --END-- [ RunTime:0.002066s ]
SQL: SHOW COLUMNS FROM `think_user_center` [ RunTime:0.0071s ]
SQL: SELECT `user_tag` FROM `think_user_center` WHERE ( user_name = 'admin' ) LIMIT 1   [ RunTime:0.0003s ]
SQL: UPDATE `think_user_center` SET `user_tag`='LAMP,CSS,HTML,PHP,MYSQL,WEB,' WHERE ( user_name = 'admin' ) [ RunTime:0.0004s ]

[ 2016-03-30T10:31:10+08:00 ] ::1 /task_system/index.php/Home/Pal/user_tag.html
INFO: [ app_begin ] --START--
INFO: Run Behavior\ReadHtmlCacheBehavior [ RunTime:0.002207s ]
INFO: [ app_begin ] --END-- [ RunTime:0.003739s ]
SQL: SHOW COLUMNS FROM `think_user_center` [ RunTime:0.0074s ]
SQL: SELECT `user_tag` FROM `think_user_center` WHERE ( user_name = 'admin' ) LIMIT 1   [ RunTime:0.0003s ]

[ 2016-03-30T10:31:19+08:00 ] ::1 /task_system/index.php/Home/Pal/user_tag.html
INFO: [ app_begin ] --START--
INFO: Run Behavior\ReadHtmlCacheBehavior [ RunTime:0.002513s ]
INFO: [ app_begin ] --END-- [ RunTime:0.003364s ]
SQL: SHOW COLUMNS FROM `think_user_center` [ RunTime:0.0086s ]
SQL: SELECT `user_tag` FROM `think_user_center` WHERE ( user_name = 'admin' ) LIMIT 1   [ RunTime:0.0006s ]

[ 2016-03-30T10:31:36+08:00 ] ::1 /task_system/index.php/Home/Pal/user_tag.html
INFO: [ app_begin ] --START--
INFO: Run Behavior\ReadHtmlCacheBehavior [ RunTime:0.001910s ]
INFO: [ app_begin ] --END-- [ RunTime:0.002780s ]
SQL: SHOW COLUMNS FROM `think_user_center` [ RunTime:0.0085s ]
SQL: SELECT `user_tag` FROM `think_user_center` WHERE ( user_name = 'admin' ) LIMIT 1   [ RunTime:0.0005s ]

[ 2016-03-30T10:32:52+08:00 ] ::1 /task_system/index.php/Home/Pal/user_tag.html
INFO: [ app_begin ] --START--
INFO: Run Behavior\ReadHtmlCacheBehavior [ RunTime:0.002518s ]
INFO: [ app_begin ] --END-- [ RunTime:0.003633s ]
SQL: SHOW COLUMNS FROM `think_user_center` [ RunTime:0.0080s ]
SQL: SELECT `user_tag` FROM `think_user_center` WHERE ( user_name = 'admin' ) LIMIT 1   [ RunTime:0.0004s ]

