[ 2016-04-07T09:27:58+08:00 ] ::1 /task_system/index.php/Home/Index/user.html
INFO: [ app_begin ] --START--
INFO: Run Behavior\ReadHtmlCacheBehavior [ RunTime:0.001343s ]
INFO: [ app_begin ] --END-- [ RunTime:0.002481s ]
NOTIC: [8] Undefined index: register F:\wamp\www\task_system\Application\Home\Controller\IndexController.class.php 第 35 行.
ERR: 1146:Table 'task_system.think_user' doesn't exist
 [ SQL语句 ] : SELECT `id`,`user_name`,`user_password` FROM `think_user` WHERE ( user_name = 'test' ) LIMIT 1  
ERR: 1146:Table 'task_system.think_user' doesn't exist
 [ SQL语句 ] : SELECT `id`,`user_name`,`user_password` FROM `think_user` WHERE ( user_name = 'test' ) LIMIT 1  

[ 2016-04-07T09:28:00+08:00 ] ::1 /task_system/index.php/Home/Index/user.html
INFO: [ app_begin ] --START--
INFO: Run Behavior\ReadHtmlCacheBehavior [ RunTime:0.000584s ]
INFO: [ app_begin ] --END-- [ RunTime:0.001130s ]
NOTIC: [8] Undefined index: register F:\wamp\www\task_system\Application\Home\Controller\IndexController.class.php 第 35 行.

[ 2016-04-07T09:28:01+08:00 ] ::1 /task_system/index.php/Home/Index/user.html
INFO: [ app_begin ] --START--
INFO: Run Behavior\ReadHtmlCacheBehavior [ RunTime:0.001047s ]
INFO: [ app_begin ] --END-- [ RunTime:0.002351s ]
NOTIC: [8] Undefined index: register F:\wamp\www\task_system\Application\Home\Controller\IndexController.class.php 第 35 行.

[ 2016-04-07T09:28:10+08:00 ] ::1 /task_system/index.php/Home/Index/user.html
INFO: [ app_begin ] --START--
INFO: Run Behavior\ReadHtmlCacheBehavior [ RunTime:0.000942s ]
INFO: [ app_begin ] --END-- [ RunTime:0.001998s ]
NOTIC: [8] Undefined index: register F:\wamp\www\task_system\Application\Home\Controller\IndexController.class.php 第 35 行.
ERR: 1146:Table 'task_system.think_user' doesn't exist
 [ SQL语句 ] : SELECT `id`,`user_name`,`user_password` FROM `think_user` WHERE ( user_name = 'test' ) LIMIT 1  
ERR: 1146:Table 'task_system.think_user' doesn't exist
 [ SQL语句 ] : SELECT `id`,`user_name`,`user_password` FROM `think_user` WHERE ( user_name = 'test' ) LIMIT 1  

[ 2016-04-07T09:28:39+08:00 ] ::1 /task_system/index.php/Home/Index/user.html
INFO: [ app_begin ] --START--
INFO: Run Behavior\ReadHtmlCacheBehavior [ RunTime:0.002227s ]
INFO: [ app_begin ] --END-- [ RunTime:0.003803s ]
NOTIC: [8] Undefined index: register F:\wamp\www\task_system\Application\Home\Controller\IndexController.class.php 第 35 行.
ERR: 1146:Table 'task_system.think_user' doesn't exist
 [ SQL语句 ] : SELECT `id`,`user_name`,`user_password` FROM `think_user` WHERE ( user_name = 'admin' ) LIMIT 1  
ERR: 1146:Table 'task_system.think_user' doesn't exist
 [ SQL语句 ] : SELECT `id`,`user_name`,`user_password` FROM `think_user` WHERE ( user_name = 'admin' ) LIMIT 1  

[ 2016-04-07T09:30:56+08:00 ] ::1 /task_system/index.php/Home/Index/user.html
INFO: [ app_begin ] --START--
INFO: Run Behavior\ReadHtmlCacheBehavior [ RunTime:0.000574s ]
INFO: [ app_begin ] --END-- [ RunTime:0.001202s ]
NOTIC: [8] Undefined index: register F:\wamp\www\task_system\Application\Home\Controller\IndexController.class.php 第 35 行.
SQL: SELECT `id`,`user_name`,`user_password` FROM `think_user` WHERE ( user_name = 'admin' ) LIMIT 1   [ RunTime:0.0060s ]

[ 2016-04-07T09:31:57+08:00 ] ::1 /task_system/index.php/Home/Index/user.html
INFO: [ app_begin ] --START--
INFO: Run Behavior\ReadHtmlCacheBehavior [ RunTime:0.001311s ]
INFO: [ app_begin ] --END-- [ RunTime:0.002306s ]
NOTIC: [8] Undefined index: register F:\wamp\www\task_system\Application\Home\Controller\IndexController.class.php 第 35 行.
SQL: SELECT `id`,`user_name`,`user_password` FROM `think_user` WHERE ( user_name = 'test' ) LIMIT 1   [ RunTime:0.0005s ]

[ 2016-04-07T09:36:41+08:00 ] ::1 /task_system/index.php/Home/Index/user.html
INFO: [ app_begin ] --START--
INFO: Run Behavior\ReadHtmlCacheBehavior [ RunTime:0.000609s ]
INFO: [ app_begin ] --END-- [ RunTime:0.001138s ]
NOTIC: [8] Undefined index: register F:\wamp\www\task_system\Application\Home\Controller\IndexController.class.php 第 35 行.

[ 2016-04-07T09:36:52+08:00 ] ::1 /task_system/index.php/Home/Index/user.html
INFO: [ app_begin ] --START--
INFO: Run Behavior\ReadHtmlCacheBehavior [ RunTime:0.001373s ]
INFO: [ app_begin ] --END-- [ RunTime:0.002358s ]
NOTIC: [8] Undefined index: register F:\wamp\www\task_system\Application\Home\Controller\IndexController.class.php 第 35 行.
SQL: SELECT `id`,`user_name`,`user_password` FROM `think_user` WHERE ( user_name = '1=1' ) LIMIT 1   [ RunTime:0.0005s ]

[ 2016-04-07T09:37:45+08:00 ] ::1 /task_system/index.php/Home/Index/user.html
INFO: [ app_begin ] --START--
INFO: Run Behavior\ReadHtmlCacheBehavior [ RunTime:0.000599s ]
INFO: [ app_begin ] --END-- [ RunTime:0.001407s ]
NOTIC: [8] Undefined index: register F:\wamp\www\task_system\Application\Home\Controller\IndexController.class.php 第 35 行.
SQL: SELECT `id`,`user_name`,`user_password` FROM `think_user` WHERE ( user_name = 'or 1=1' ) LIMIT 1   [ RunTime:0.0011s ]

[ 2016-04-07T09:38:17+08:00 ] ::1 /task_system/index.php/Home/Index/user.html
INFO: [ app_begin ] --START--
INFO: Run Behavior\ReadHtmlCacheBehavior [ RunTime:0.001028s ]
INFO: [ app_begin ] --END-- [ RunTime:0.002058s ]
NOTIC: [8] Undefined index: register F:\wamp\www\task_system\Application\Home\Controller\IndexController.class.php 第 35 行.
SQL: SELECT `id`,`user_name`,`user_password` FROM `think_user` WHERE ( user_name = 'admin' ) LIMIT 1   [ RunTime:0.0004s ]

[ 2016-04-07T09:38:27+08:00 ] ::1 /task_system/index.php/Home/Index/user.html
INFO: [ app_begin ] --START--
INFO: Run Behavior\ReadHtmlCacheBehavior [ RunTime:0.000660s ]
INFO: [ app_begin ] --END-- [ RunTime:0.001391s ]
NOTIC: [8] Undefined index: register F:\wamp\www\task_system\Application\Home\Controller\IndexController.class.php 第 35 行.
SQL: SELECT `id`,`user_name`,`user_password` FROM `think_user` WHERE ( user_name = 'admin' ) LIMIT 1   [ RunTime:0.0004s ]

[ 2016-04-07T09:47:39+08:00 ] ::1 /task_system/index.php/Home/Pal/create_project.html
INFO: [ app_begin ] --START--
INFO: Run Behavior\ReadHtmlCacheBehavior [ RunTime:0.001154s ]
INFO: [ app_begin ] --END-- [ RunTime:0.001892s ]
INFO: [ app_end ] --START--
INFO: Run Behavior\ShowPageTraceBehavior [ RunTime:0.001058s ]
INFO: [ app_end ] --END-- [ RunTime:0.001221s ]

[ 2016-04-07T09:49:11+08:00 ] ::1 /task_system/index.php/Home/Pal/create_project.html
INFO: [ app_begin ] --START--
INFO: Run Behavior\ReadHtmlCacheBehavior [ RunTime:0.001170s ]
INFO: [ app_begin ] --END-- [ RunTime:0.001940s ]
INFO: [ app_end ] --START--
INFO: Run Behavior\ShowPageTraceBehavior [ RunTime:0.001147s ]
INFO: [ app_end ] --END-- [ RunTime:0.001293s ]

[ 2016-04-07T09:57:50+08:00 ] ::1 /task_system/index.php/Home/Task/create_project.html
INFO: [ app_begin ] --START--
INFO: Run Behavior\ReadHtmlCacheBehavior [ RunTime:0.001960s ]
INFO: [ app_begin ] --END-- [ RunTime:0.002882s ]

[ 2016-04-07T10:12:41+08:00 ] ::1 /task_system/index.php/Home/Task/create_project.html
INFO: [ app_begin ] --START--
INFO: Run Behavior\ReadHtmlCacheBehavior [ RunTime:0.001934s ]
INFO: [ app_begin ] --END-- [ RunTime:0.002858s ]

[ 2016-04-07T10:12:58+08:00 ] ::1 /task_system/index.php/Home/Task/create_project.html
INFO: [ app_begin ] --START--
INFO: Run Behavior\ReadHtmlCacheBehavior [ RunTime:0.001911s ]
INFO: [ app_begin ] --END-- [ RunTime:0.002844s ]
SQL: SHOW COLUMNS FROM `think_project` [ RunTime:0.0138s ]

[ 2016-04-07T10:14:03+08:00 ] ::1 /task_system/index.php/Home/Task/create_project.html
INFO: [ app_begin ] --START--
INFO: Run Behavior\ReadHtmlCacheBehavior [ RunTime:0.001889s ]
INFO: [ app_begin ] --END-- [ RunTime:0.002762s ]
SQL: SHOW COLUMNS FROM `think_project` [ RunTime:0.0129s ]

[ 2016-04-07T10:14:23+08:00 ] ::1 /task_system/index.php/Home/Task/create_project.html
INFO: [ app_begin ] --START--
INFO: Run Behavior\ReadHtmlCacheBehavior [ RunTime:0.002368s ]
INFO: [ app_begin ] --END-- [ RunTime:0.003480s ]

[ 2016-04-07T10:14:51+08:00 ] ::1 /task_system/index.php/Home/Task/create_project.html
INFO: [ app_begin ] --START--
INFO: Run Behavior\ReadHtmlCacheBehavior [ RunTime:0.001927s ]
INFO: [ app_begin ] --END-- [ RunTime:0.002825s ]
SQL: SHOW COLUMNS FROM `think_project` [ RunTime:0.0171s ]
INFO: [ app_end ] --START--
INFO: Run Behavior\ShowPageTraceBehavior [ RunTime:0.001772s ]
INFO: [ app_end ] --END-- [ RunTime:0.001917s ]

[ 2016-04-07T10:16:53+08:00 ] ::1 /task_system/index.php/Home/Task/create_project.html
INFO: [ app_begin ] --START--
INFO: Run Behavior\ReadHtmlCacheBehavior [ RunTime:0.001499s ]
INFO: [ app_begin ] --END-- [ RunTime:0.002282s ]
SQL: SHOW COLUMNS FROM `think_project` [ RunTime:0.0120s ]
SQL: SELECT `project_name` FROM `think_project` WHERE ( project_name = '进销存' ) LIMIT 1   [ RunTime:0.0004s ]

[ 2016-04-07T10:17:29+08:00 ] ::1 /task_system/index.php/Home/Task/create_project.html
INFO: [ app_begin ] --START--
INFO: Run Behavior\ReadHtmlCacheBehavior [ RunTime:0.001406s ]
INFO: [ app_begin ] --END-- [ RunTime:0.002203s ]
SQL: SHOW COLUMNS FROM `think_project` [ RunTime:0.0154s ]
SQL: SELECT `project_name` FROM `think_project` WHERE ( project_name = '进销存' ) LIMIT 1   [ RunTime:0.0003s ]

[ 2016-04-07T10:23:00+08:00 ] ::1 /task_system/index.php/Home/Task/create_project.html
INFO: [ app_begin ] --START--
INFO: Run Behavior\ReadHtmlCacheBehavior [ RunTime:0.001178s ]
INFO: [ app_begin ] --END-- [ RunTime:0.001951s ]
SQL: SHOW COLUMNS FROM `think_project` [ RunTime:0.0129s ]
SQL: SELECT `project_name` FROM `think_project` WHERE ( project_name = 'erp' ) LIMIT 1   [ RunTime:0.0005s ]
INFO: [ app_end ] --START--
INFO: Run Behavior\ShowPageTraceBehavior [ RunTime:0.001387s ]
INFO: [ app_end ] --END-- [ RunTime:0.001533s ]

[ 2016-04-07T10:23:39+08:00 ] ::1 /task_system/index.php/Home/Pal/search.html
INFO: [ app_begin ] --START--
INFO: Run Behavior\ReadHtmlCacheBehavior [ RunTime:0.001067s ]
INFO: [ app_begin ] --END-- [ RunTime:0.001883s ]
SQL: SHOW COLUMNS FROM `think_pal` [ RunTime:0.0155s ]
SQL: SELECT `attention_user` FROM `think_pal` WHERE ( login_user = '1' )  [ RunTime:0.0012s ]
SQL: SHOW COLUMNS FROM `think_user` [ RunTime:0.0106s ]
SQL: SELECT `user_name` FROM `think_user` WHERE ( id in (2,3,4) )  [ RunTime:0.0007s ]
SQL: SHOW COLUMNS FROM `think_user_center` [ RunTime:0.0119s ]
SQL: SELECT `user_name`,`sex`,`email`,`qq`,`motto`,`user_tag`,`user_img` FROM `think_user_center` WHERE ( user_name = 'task' ) LIMIT 1   [ RunTime:0.0004s ]
SQL: SHOW COLUMNS FROM `think_user` [ RunTime:0.0071s ]
SQL: SELECT `id` FROM `think_user` WHERE ( user_name = 'task' ) LIMIT 1   [ RunTime:0.0004s ]
NOTIC: [8] Use of undefined constant json - assumed 'json' F:\wamp\www\task_system\Application\Home\Controller\PalController.class.php 第 62 行.

[ 2016-04-07T10:23:46+08:00 ] ::1 /task_system/index.php/Home/Pal/search.html
INFO: [ app_begin ] --START--
INFO: Run Behavior\ReadHtmlCacheBehavior [ RunTime:0.002326s ]
INFO: [ app_begin ] --END-- [ RunTime:0.003369s ]
SQL: SHOW COLUMNS FROM `think_pal` [ RunTime:0.0159s ]
SQL: SELECT `attention_user` FROM `think_pal` WHERE ( login_user = '1' )  [ RunTime:0.0004s ]
SQL: SHOW COLUMNS FROM `think_user` [ RunTime:0.0100s ]
SQL: SELECT `user_name` FROM `think_user` WHERE ( id in (2,3,4) )  [ RunTime:0.0004s ]
SQL: SHOW COLUMNS FROM `think_user_center` [ RunTime:0.0098s ]
SQL: SELECT `user_name`,`sex`,`email`,`qq`,`motto`,`user_tag`,`user_img` FROM `think_user_center` WHERE ( user_name = 'admin' ) LIMIT 1   [ RunTime:0.0004s ]
SQL: SHOW COLUMNS FROM `think_user` [ RunTime:0.0070s ]
SQL: SELECT `id` FROM `think_user` WHERE ( user_name = 'admin' ) LIMIT 1   [ RunTime:0.0004s ]
NOTIC: [8] Use of undefined constant json - assumed 'json' F:\wamp\www\task_system\Application\Home\Controller\PalController.class.php 第 62 行.

[ 2016-04-07T10:23:47+08:00 ] ::1 /task_system/index.php/Home/Pal/attention.html
INFO: [ app_begin ] --START--
INFO: Run Behavior\ReadHtmlCacheBehavior [ RunTime:0.001041s ]
INFO: [ app_begin ] --END-- [ RunTime:0.001795s ]
SQL: SHOW COLUMNS FROM `think_pal` [ RunTime:0.0129s ]
SQL: SELECT `user_name`,`id` FROM `think_user` WHERE `id` = '1' LIMIT 1   [ RunTime:0.0006s ]

[ 2016-04-07T10:23:56+08:00 ] ::1 /task_system/index.php/Home/Pal/user_img.html
INFO: [ app_begin ] --START--
INFO: Run Behavior\ReadHtmlCacheBehavior [ RunTime:0.001593s ]
INFO: [ app_begin ] --END-- [ RunTime:0.002251s ]
SQL: SHOW COLUMNS FROM `think_user_center` [ RunTime:0.0139s ]
SQL: UPDATE `think_user_center` SET `user_img`='/task_system/Public//images/touxiang/touxiang5.png' WHERE ( user_name = 'admin' ) [ RunTime:0.0005s ]

[ 2016-04-07T10:23:58+08:00 ] ::1 /task_system/index.php/Home/Pal/user_img.html
INFO: [ app_begin ] --START--
INFO: Run Behavior\ReadHtmlCacheBehavior [ RunTime:0.001439s ]
INFO: [ app_begin ] --END-- [ RunTime:0.002133s ]
SQL: SHOW COLUMNS FROM `think_user_center` [ RunTime:0.0131s ]
SQL: UPDATE `think_user_center` SET `user_img`='/task_system/Public//images/touxiang/touxiang4.png' WHERE ( user_name = 'admin' ) [ RunTime:0.0004s ]

[ 2016-04-07T10:27:59+08:00 ] ::1 /task_system/index.php/Home/Task/create_project.html
INFO: [ app_begin ] --START--
INFO: Run Behavior\ReadHtmlCacheBehavior [ RunTime:0.001752s ]
INFO: [ app_begin ] --END-- [ RunTime:0.002426s ]
SQL: SHOW COLUMNS FROM `think_project` [ RunTime:0.0147s ]
SQL: SELECT `project_name` FROM `think_project` WHERE ( project_name = '进销存' ) LIMIT 1   [ RunTime:0.0005s ]
INFO: [ app_end ] --START--
INFO: Run Behavior\ShowPageTraceBehavior [ RunTime:0.001717s ]
INFO: [ app_end ] --END-- [ RunTime:0.001918s ]

[ 2016-04-07T10:28:17+08:00 ] ::1 /task_system/index.php/Home/Task/create_project.html
INFO: [ app_begin ] --START--
INFO: Run Behavior\ReadHtmlCacheBehavior [ RunTime:0.001363s ]
INFO: [ app_begin ] --END-- [ RunTime:0.002027s ]
SQL: SHOW COLUMNS FROM `think_project` [ RunTime:0.0116s ]
SQL: SELECT `project_name` FROM `think_project` WHERE ( project_name = '进销存' ) LIMIT 1   [ RunTime:0.0003s ]
INFO: [ app_end ] --START--
INFO: Run Behavior\ShowPageTraceBehavior [ RunTime:0.001404s ]
INFO: [ app_end ] --END-- [ RunTime:0.001563s ]

[ 2016-04-07T10:28:22+08:00 ] ::1 /task_system/index.php/Home/Task/create_project.html
INFO: [ app_begin ] --START--
INFO: Run Behavior\ReadHtmlCacheBehavior [ RunTime:0.001405s ]
INFO: [ app_begin ] --END-- [ RunTime:0.002117s ]
SQL: SHOW COLUMNS FROM `think_project` [ RunTime:0.0135s ]
SQL: SELECT `project_name` FROM `think_project` WHERE ( project_name = '进销存' ) LIMIT 1   [ RunTime:0.0004s ]
INFO: [ app_end ] --START--
INFO: Run Behavior\ShowPageTraceBehavior [ RunTime:0.001503s ]
INFO: [ app_end ] --END-- [ RunTime:0.001660s ]

[ 2016-04-07T10:28:24+08:00 ] ::1 /task_system/index.php/Home/Task/create_project.html
INFO: [ app_begin ] --START--
INFO: Run Behavior\ReadHtmlCacheBehavior [ RunTime:0.001414s ]
INFO: [ app_begin ] --END-- [ RunTime:0.002077s ]
SQL: SHOW COLUMNS FROM `think_project` [ RunTime:0.0128s ]
SQL: SELECT `project_name` FROM `think_project` WHERE ( project_name = '进销存' ) LIMIT 1   [ RunTime:0.0003s ]
INFO: [ app_end ] --START--
INFO: Run Behavior\ShowPageTraceBehavior [ RunTime:0.001423s ]
INFO: [ app_end ] --END-- [ RunTime:0.001565s ]

[ 2016-04-07T10:29:03+08:00 ] ::1 /task_system/index.php/Home/Task/create_project.html
INFO: [ app_begin ] --START--
INFO: Run Behavior\ReadHtmlCacheBehavior [ RunTime:0.001356s ]
INFO: [ app_begin ] --END-- [ RunTime:0.001983s ]
SQL: SHOW COLUMNS FROM `think_project` [ RunTime:0.0124s ]
SQL: SELECT `project_name` FROM `think_project` WHERE ( project_name = '进销存' ) LIMIT 1   [ RunTime:0.0004s ]
INFO: [ app_end ] --START--
INFO: Run Behavior\ShowPageTraceBehavior [ RunTime:0.001476s ]
INFO: [ app_end ] --END-- [ RunTime:0.001622s ]

[ 2016-04-07T10:29:07+08:00 ] ::1 /task_system/index.php/Home/Task/create_project.html
INFO: [ app_begin ] --START--
INFO: Run Behavior\ReadHtmlCacheBehavior [ RunTime:0.001368s ]
INFO: [ app_begin ] --END-- [ RunTime:0.002048s ]
SQL: SHOW COLUMNS FROM `think_project` [ RunTime:0.0135s ]
SQL: SELECT `project_name` FROM `think_project` WHERE ( project_name = '进销存' ) LIMIT 1   [ RunTime:0.0003s ]
INFO: [ app_end ] --START--
INFO: Run Behavior\ShowPageTraceBehavior [ RunTime:0.001469s ]
INFO: [ app_end ] --END-- [ RunTime:0.001612s ]

[ 2016-04-07T10:29:09+08:00 ] ::1 /task_system/index.php/Home/Task/create_project.html
INFO: [ app_begin ] --START--
INFO: Run Behavior\ReadHtmlCacheBehavior [ RunTime:0.001391s ]
INFO: [ app_begin ] --END-- [ RunTime:0.002032s ]
SQL: SHOW COLUMNS FROM `think_project` [ RunTime:0.0134s ]
SQL: SELECT `project_name` FROM `think_project` WHERE ( project_name = '进销存' ) LIMIT 1   [ RunTime:0.0003s ]
INFO: [ app_end ] --START--
INFO: Run Behavior\ShowPageTraceBehavior [ RunTime:0.001455s ]
INFO: [ app_end ] --END-- [ RunTime:0.001597s ]

[ 2016-04-07T10:31:27+08:00 ] ::1 /task_system/index.php/Home/Task/create_project.html
INFO: [ app_begin ] --START--
INFO: Run Behavior\ReadHtmlCacheBehavior [ RunTime:0.001481s ]
INFO: [ app_begin ] --END-- [ RunTime:0.002165s ]
SQL: SHOW COLUMNS FROM `think_project` [ RunTime:0.0126s ]
ERR: 1064:You have an error in your SQL syntax; check the manual that corresponds to your MySQL server version for the right syntax to use near 's'd' ) LIMIT 1' at line 1
 [ SQL语句 ] : SELECT `project_name` FROM `think_project` WHERE ( project_name = 'a's'd' ) LIMIT 1  
ERR: 1064:You have an error in your SQL syntax; check the manual that corresponds to your MySQL server version for the right syntax to use near 's'd' ) LIMIT 1' at line 1
 [ SQL语句 ] : SELECT `project_name` FROM `think_project` WHERE ( project_name = 'a's'd' ) LIMIT 1  

[ 2016-04-07T10:31:40+08:00 ] ::1 /task_system/index.php/Home/Task/create_project.html
INFO: [ app_begin ] --START--
INFO: Run Behavior\ReadHtmlCacheBehavior [ RunTime:0.001349s ]
INFO: [ app_begin ] --END-- [ RunTime:0.001983s ]
SQL: SHOW COLUMNS FROM `think_project` [ RunTime:0.0160s ]
ERR: 1064:You have an error in your SQL syntax; check the manual that corresponds to your MySQL server version for the right syntax to use near 's'd' ) LIMIT 1' at line 1
 [ SQL语句 ] : SELECT `project_name` FROM `think_project` WHERE ( project_name = 'a's'd' ) LIMIT 1  
ERR: 1064:You have an error in your SQL syntax; check the manual that corresponds to your MySQL server version for the right syntax to use near 's'd' ) LIMIT 1' at line 1
 [ SQL语句 ] : SELECT `project_name` FROM `think_project` WHERE ( project_name = 'a's'd' ) LIMIT 1  

[ 2016-04-07T10:32:18+08:00 ] ::1 /task_system/index.php/Home/Task/create_project.html
INFO: [ app_begin ] --START--
INFO: Run Behavior\ReadHtmlCacheBehavior [ RunTime:0.001401s ]
INFO: [ app_begin ] --END-- [ RunTime:0.002062s ]
SQL: SHOW COLUMNS FROM `think_project` [ RunTime:0.0116s ]
ERR: 1064:You have an error in your SQL syntax; check the manual that corresponds to your MySQL server version for the right syntax to use near 's'd' ) LIMIT 1' at line 1
 [ SQL语句 ] : SELECT `project_name` FROM `think_project` WHERE ( project_name = 'a's'd' ) LIMIT 1  
ERR: 1064:You have an error in your SQL syntax; check the manual that corresponds to your MySQL server version for the right syntax to use near 's'd' ) LIMIT 1' at line 1
 [ SQL语句 ] : SELECT `project_name` FROM `think_project` WHERE ( project_name = 'a's'd' ) LIMIT 1  

[ 2016-04-07T10:32:30+08:00 ] ::1 /task_system/index.php/Home/Task/create_project.html
INFO: [ app_begin ] --START--
INFO: Run Behavior\ReadHtmlCacheBehavior [ RunTime:0.006376s ]
INFO: [ app_begin ] --END-- [ RunTime:0.008956s ]
SQL: SHOW COLUMNS FROM `think_project` [ RunTime:0.0122s ]
ERR: 1064:You have an error in your SQL syntax; check the manual that corresponds to your MySQL server version for the right syntax to use near 's'd' ) LIMIT 1' at line 1
 [ SQL语句 ] : SELECT `project_name` FROM `think_project` WHERE ( project_name = 'a's'd' ) LIMIT 1  
ERR: 1064:You have an error in your SQL syntax; check the manual that corresponds to your MySQL server version for the right syntax to use near 's'd' ) LIMIT 1' at line 1
 [ SQL语句 ] : SELECT `project_name` FROM `think_project` WHERE ( project_name = 'a's'd' ) LIMIT 1  

[ 2016-04-07T10:32:42+08:00 ] ::1 /task_system/index.php/Home/Task/create_project.html
INFO: [ app_begin ] --START--
INFO: Run Behavior\ReadHtmlCacheBehavior [ RunTime:0.001354s ]
INFO: [ app_begin ] --END-- [ RunTime:0.001992s ]
SQL: SHOW COLUMNS FROM `think_project` [ RunTime:0.0124s ]
SQL: SELECT `project_name` FROM `think_project` WHERE ( project_name = '阿斯顿' ) LIMIT 1   [ RunTime:0.0004s ]
INFO: [ app_end ] --START--
INFO: Run Behavior\ShowPageTraceBehavior [ RunTime:0.001608s ]
INFO: [ app_end ] --END-- [ RunTime:0.001753s ]

[ 2016-04-07T10:32:53+08:00 ] ::1 /task_system/index.php/Home/Task/create_project.html
INFO: [ app_begin ] --START--
INFO: Run Behavior\ReadHtmlCacheBehavior [ RunTime:0.001460s ]
INFO: [ app_begin ] --END-- [ RunTime:0.002157s ]
SQL: SHOW COLUMNS FROM `think_project` [ RunTime:0.0163s ]
SQL: SELECT `project_name` FROM `think_project` WHERE ( project_name = '阿斯顿' ) LIMIT 1   [ RunTime:0.0003s ]

[ 2016-04-07T10:33:19+08:00 ] ::1 /task_system/index.php/Home/Task/create_project.html
INFO: [ app_begin ] --START--
INFO: Run Behavior\ReadHtmlCacheBehavior [ RunTime:0.001790s ]
INFO: [ app_begin ] --END-- [ RunTime:0.007296s ]
SQL: SHOW COLUMNS FROM `think_project` [ RunTime:0.0252s ]
ERR: 1064:You have an error in your SQL syntax; check the manual that corresponds to your MySQL server version for the right syntax to use near 'd' ) LIMIT 1' at line 1
 [ SQL语句 ] : SELECT `project_name` FROM `think_project` WHERE ( project_name = 'as'd' ) LIMIT 1  
ERR: 1064:You have an error in your SQL syntax; check the manual that corresponds to your MySQL server version for the right syntax to use near 'd' ) LIMIT 1' at line 1
 [ SQL语句 ] : SELECT `project_name` FROM `think_project` WHERE ( project_name = 'as'd' ) LIMIT 1  

[ 2016-04-07T10:33:33+08:00 ] ::1 /task_system/index.php/Home/Task/create_project.html
INFO: [ app_begin ] --START--
INFO: Run Behavior\ReadHtmlCacheBehavior [ RunTime:0.001702s ]
INFO: [ app_begin ] --END-- [ RunTime:0.002540s ]
SQL: SHOW COLUMNS FROM `think_project` [ RunTime:0.0144s ]
SQL: SELECT `project_name` FROM `think_project` WHERE ( project_name = 'asd or 1=1' ) LIMIT 1   [ RunTime:0.0005s ]
INFO: [ app_end ] --START--
INFO: Run Behavior\ShowPageTraceBehavior [ RunTime:0.002518s ]
INFO: [ app_end ] --END-- [ RunTime:0.002818s ]

[ 2016-04-07T11:30:02+08:00 ] ::1 /task_system/index.php/Home/Task/create_project.html
INFO: [ app_begin ] --START--
INFO: Run Behavior\ReadHtmlCacheBehavior [ RunTime:0.001564s ]
INFO: [ app_begin ] --END-- [ RunTime:0.002323s ]
SQL: SHOW COLUMNS FROM `think_project` [ RunTime:0.0132s ]
SQL: SELECT `project_name` FROM `think_project` WHERE ( project_name = '进销存' ) LIMIT 1   [ RunTime:0.0005s ]
SQL: INSERT INTO `think_project` (`projected_creater`,`project_name`,`member`,`project_img`,`explain`) VALUES ('admin','进销存','2,3,','/task_system/Public/images/project_e.jpg','ERP进销存系统') [ RunTime:0.0010s ]

[ 2016-04-07T11:31:49+08:00 ] ::1 /task_system/index.php/Home/Task/create_project.html
INFO: [ app_begin ] --START--
INFO: Run Behavior\ReadHtmlCacheBehavior [ RunTime:0.001556s ]
INFO: [ app_begin ] --END-- [ RunTime:0.002298s ]
SQL: SHOW COLUMNS FROM `think_project` [ RunTime:0.0138s ]
SQL: SELECT `project_name` FROM `think_project` WHERE ( project_name = '进销存' ) LIMIT 1   [ RunTime:0.0004s ]

[ 2016-04-07T11:32:17+08:00 ] ::1 /task_system/index.php/Home/Task/create_project.html
INFO: [ app_begin ] --START--
INFO: Run Behavior\ReadHtmlCacheBehavior [ RunTime:0.003737s ]
INFO: [ app_begin ] --END-- [ RunTime:0.004570s ]
SQL: SHOW COLUMNS FROM `think_project` [ RunTime:0.0160s ]
SQL: SELECT `project_name` FROM `think_project` WHERE ( project_name = '进销存6' ) LIMIT 1   [ RunTime:0.0004s ]
SQL: INSERT INTO `think_project` (`projected_creater`,`project_name`,`member`,`project_img`,`explain`) VALUES ('admin','进销存6','2,3,','/task_system/Public/images/project_e.jpg','ERP进销存系统') [ RunTime:0.0004s ]

[ 2016-04-07T11:32:52+08:00 ] ::1 /task_system/index.php/Home/Task/create_project.html
INFO: [ app_begin ] --START--
INFO: Run Behavior\ReadHtmlCacheBehavior [ RunTime:0.001634s ]
INFO: [ app_begin ] --END-- [ RunTime:0.002308s ]
SQL: SHOW COLUMNS FROM `think_project` [ RunTime:0.0138s ]
SQL: SELECT `project_name` FROM `think_project` WHERE ( project_name = '请问' ) LIMIT 1   [ RunTime:0.0004s ]
SQL: INSERT INTO `think_project` (`projected_creater`,`project_name`,`member`,`project_img`,`explain`) VALUES ('admin','请问','3,4,','/task_system/Public/images/project_b.jpg','请问') [ RunTime:0.0004s ]

[ 2016-04-07T11:33:18+08:00 ] ::1 /task_system/index.php/Home/Task/create_project.html
INFO: [ app_begin ] --START--
INFO: Run Behavior\ReadHtmlCacheBehavior [ RunTime:0.002150s ]
INFO: [ app_begin ] --END-- [ RunTime:0.002977s ]
SQL: SHOW COLUMNS FROM `think_project` [ RunTime:0.0136s ]
SQL: SELECT `project_name` FROM `think_project` WHERE ( project_name = '士大夫' ) LIMIT 1   [ RunTime:0.0005s ]
SQL: INSERT INTO `think_project` (`projected_creater`,`project_name`,`member`,`project_img`,`explain`) VALUES ('admin','士大夫','3,','/task_system/Public/images/project_f.jpg','请问请问') [ RunTime:0.0005s ]

[ 2016-04-07T14:58:45+08:00 ] ::1 /task_system/index.php/Home/Index/task
ERR: 非法操作:task

[ 2016-04-07T14:59:12+08:00 ] ::1 /task_system/index.php/Home/Index/user.html
INFO: [ app_begin ] --START--
INFO: Run Behavior\ReadHtmlCacheBehavior [ RunTime:0.000918s ]
INFO: [ app_begin ] --END-- [ RunTime:0.001540s ]
NOTIC: [8] Undefined index: register F:\wamp\www\task_system\Application\Home\Controller\IndexController.class.php 第 35 行.

[ 2016-04-07T14:59:19+08:00 ] ::1 /task_system/index.php/Home/Index/user.html
INFO: [ app_begin ] --START--
INFO: Run Behavior\ReadHtmlCacheBehavior [ RunTime:0.000572s ]
INFO: [ app_begin ] --END-- [ RunTime:0.001064s ]
NOTIC: [8] Undefined index: register F:\wamp\www\task_system\Application\Home\Controller\IndexController.class.php 第 35 行.
SQL: SELECT `id`,`user_name`,`user_password` FROM `think_user` WHERE ( user_name = 'admin' ) LIMIT 1   [ RunTime:0.0186s ]

[ 2016-04-07T15:02:02+08:00 ] ::1 /task_system/index.php/Home/Task/create_project.html
INFO: [ app_begin ] --START--
INFO: Run Behavior\ReadHtmlCacheBehavior [ RunTime:0.000920s ]
INFO: [ app_begin ] --END-- [ RunTime:0.001594s ]
SQL: SHOW COLUMNS FROM `think_project` [ RunTime:0.0109s ]
SQL: SELECT `project_name` FROM `think_project` WHERE ( project_name = '进销存' ) LIMIT 1   [ RunTime:0.0003s ]
SQL: INSERT INTO `think_project` (`projected_creater`,`project_name`,`member`,`project_img`,`explain`) VALUES ('admin','进销存','2,4,','/task_system/Public/images/project_b.jpg','ERP进销存系统') [ RunTime:0.0003s ]

[ 2016-04-07T15:06:02+08:00 ] ::1 /task_system/index.php/Home/Task/create_project.html
INFO: [ app_begin ] --START--
INFO: Run Behavior\ReadHtmlCacheBehavior [ RunTime:0.001475s ]
INFO: [ app_begin ] --END-- [ RunTime:0.002171s ]
SQL: SHOW COLUMNS FROM `think_project` [ RunTime:0.0122s ]
SQL: SELECT `project_name` FROM `think_project` WHERE ( project_name = '测试系统' ) LIMIT 1   [ RunTime:0.0003s ]
SQL: INSERT INTO `think_project` (`projected_creater`,`project_name`,`member`,`project_img`,`explain`) VALUES ('admin','测试系统','3,','/task_system/Public/images/project_d.jpg','') [ RunTime:0.0003s ]

[ 2016-04-07T15:08:26+08:00 ] ::1 /task_system/index.php/Home/Index/user.html
INFO: [ app_begin ] --START--
INFO: Run Behavior\ReadHtmlCacheBehavior [ RunTime:0.001046s ]
INFO: [ app_begin ] --END-- [ RunTime:0.001667s ]
NOTIC: [8] Undefined index: register F:\wamp\www\task_system\Application\Home\Controller\IndexController.class.php 第 35 行.
SQL: SELECT `id`,`user_name`,`user_password` FROM `think_user` WHERE ( user_name = 'admin' ) LIMIT 1   [ RunTime:0.0005s ]

[ 2016-04-07T15:35:27+08:00 ] ::1 /task_system/index.php/Home/Index/Task/task?project_id=5
ERR: 非法操作:Task

